RaceId:61
TotalCount:1169
2016-08-08 09:35:00~~2016-08-08 09:36:03
TotalCost:01:02.7875
RaceId:61
TotalCount:1169
2016-08-08 10:11:26~~2016-08-08 10:12:22
TotalCost:55.9924
RaceId:61
TotalCount:1169
2016-08-08 10:15:18~~2016-08-08 10:15:51
TotalCost:32.7896
RaceId:61
TotalCount:1169
2016-08-08 10:18:47~~2016-08-08 10:19:42
TotalCost:55.3382
RaceId:61
TotalCount:1169
2016-08-08 10:23:35~~2016-08-08 10:24:48
TotalCost:01:12.9747
RaceId:61
TotalCount:1169
2016-08-08 10:29:07~~2016-08-08 10:30:08
TotalCost:01:01.0329
RaceId:61
TotalCount:1169
2016-08-08 10:32:20~~2016-08-08 10:33:24
TotalCost:01:03.8128
RaceId:61
TotalCount:1169
2016-08-08 10:36:45~~2016-08-08 10:37:41
TotalCost:56.3957
RaceId:61
TotalCount:1169
2016-08-08 10:38:52~~2016-08-08 10:40:07
TotalCost:01:14.5126
