RaceId:61
TotalCount:1169
2016-10-01 00:40:10~~2016-10-01 00:40:26
TotalCost:15.2274
RaceId:61
TotalCount:1169
2016-10-01 00:40:45~~2016-10-01 00:41:00
TotalCost:14.3577
RaceId:61
TotalCount:1169
2016-10-01 00:51:17~~2016-10-01 00:51:32
TotalCost:14.9976
RaceId:61
TotalCount:1169
2016-10-01 00:52:05~~2016-10-01 00:52:19
TotalCost:14.5812
RaceId:61
TotalCount:1169
2016-10-01 00:55:42~~2016-10-01 00:55:57
TotalCost:15.0830
RaceId:61
TotalCount:1169
2016-10-01 01:01:09~~2016-10-01 01:01:25
TotalCost:15.9486
RaceId:61
TotalCount:1169
2016-10-01 01:06:30~~2016-10-01 01:08:30
TotalCost:02:00.1348
RaceId:61
TotalCount:1169
2016-10-01 01:16:52~~2016-10-01 01:18:29
TotalCost:01:37.0580
RaceId:61
TotalCount:1169
2016-10-01 01:20:31~~2016-10-01 01:20:45
TotalCost:14.4754
RaceId:61
TotalCount:1169
2016-10-01 01:23:53~~2016-10-01 01:24:08
TotalCost:14.7203
RaceId:61
TotalCount:1169
2016-10-01 01:24:56~~2016-10-01 01:25:10
TotalCost:14.5534
RaceId:61
TotalCount:1169
2016-10-01 01:25:11~~2016-10-01 01:25:25
TotalCost:14.1717
RaceId:61
TotalCount:1169
2016-10-01 01:26:21~~2016-10-01 01:26:36
TotalCost:14.6511
RaceId:61
TotalCount:1169
2016-10-01 01:26:58~~2016-10-01 01:27:11
TotalCost:12.3926
RaceId:61
TotalCount:1169
2016-10-01 01:28:34~~2016-10-01 01:28:46
TotalCost:12.2136
RaceId:61
TotalCount:1169
2016-10-01 01:29:30~~2016-10-01 01:29:45
TotalCost:15.0719
RaceId:61
TotalCount:1169
2016-10-01 01:31:38~~2016-10-01 01:31:53
TotalCost:00:15.1191
RaceId:61
TotalCount:1169
2016-10-01 01:33:25~~2016-10-01 01:33:40
TotalCost:00:14.8520
RaceId:61
TotalCount:1169
2016-10-01 01:35:28~~2016-10-01 01:35:40
TotalCost:00:12.4195
RaceId:61
TotalCount:1169
2016-10-01 01:36:09~~2016-10-01 01:36:24
TotalCost:00:15.1051
RaceId:61
TotalCount:1169
2016-10-01 01:36:56~~2016-10-01 01:37:10
TotalCost:00:13.1759
RaceId:61
TotalCount:1169
2016-10-01 01:37:46~~2016-10-01 01:37:58
TotalCost:00:12.4649
RaceId:61
TotalCount:1169
2016-10-01 01:39:09~~2016-10-01 01:39:22
TotalCost:00:13.6904
RaceId:61
TotalCount:1169
2016-10-01 01:40:10~~2016-10-01 01:40:23
TotalCost:00:13.6068
