RaceId:61
TotalCount:1169
2016-07-17 12:50:26~~2016-07-17 12:52:19
TotalCost:01:53.3100
RaceId:61
TotalCount:1169
2016-07-17 12:54:04~~2016-07-17 12:55:12
TotalCost:01:07.3218
RaceId:61
TotalCount:1169
2016-07-17 12:57:52~~2016-07-17 12:58:24
TotalCost:32.7144
RaceId:61
TotalCount:1169
2016-07-17 12:58:43~~2016-07-17 12:59:11
TotalCost:28.8969
RaceId:61
TotalCount:1169
2016-07-17 13:00:48~~2016-07-17 13:01:13
TotalCost:24.8736
RaceId:61
TotalCount:1169
2016-07-17 13:04:09~~2016-07-17 13:04:47
TotalCost:38.0325
RaceId:61
TotalCount:1169
2016-07-17 13:05:38~~2016-07-17 13:06:10
TotalCost:32.2945
RaceId:61
TotalCount:1169
2016-07-17 13:06:21~~2016-07-17 13:06:51
TotalCost:30.6453
RaceId:61
TotalCount:1169
2016-07-17 13:10:34~~2016-07-17 13:11:00
TotalCost:25.9362
RaceId:61
TotalCount:1169
2016-07-17 13:12:34~~2016-07-17 13:12:59
TotalCost:25.1911
RaceId:61
TotalCount:1169
2016-07-17 13:14:25~~2016-07-17 13:14:49
TotalCost:23.9652
RaceId:61
TotalCount:1169
2016-07-17 13:15:31~~2016-07-17 13:15:54
TotalCost:23.6068
RaceId:61
TotalCount:1169
2016-07-17 13:17:47~~2016-07-17 13:18:38
TotalCost:51.0648
RaceId:61
TotalCount:1169
2016-07-17 13:19:43~~2016-07-17 13:20:14
TotalCost:30.9719
RaceId:61
TotalCount:1169
2016-07-17 13:21:39~~2016-07-17 13:22:24
TotalCost:44.3717
RaceId:61
TotalCount:1169
2016-07-17 13:23:53~~2016-07-17 13:24:24
TotalCost:31.5004
RaceId:61
TotalCount:1169
2016-07-17 13:25:39~~2016-07-17 13:26:04
TotalCost:25.1906
RaceId:61
TotalCount:1169
2016-07-17 13:27:05~~2016-07-17 13:27:39
TotalCost:34.2248
RaceId:61
TotalCount:1169
2016-07-17 13:29:32~~2016-07-17 13:29:57
TotalCost:25.7611
