2017-10-30 14:05:36:Start To Process
Sql:SELECT * FROM mylaps.times_sorted where 1 and 0 and  ChipTime >'2017-09-03 17:00:00'  and  ChipTime <='2017-09-03 21:00:00'  order by Id asc limit 0,1000
RecordCount:0
TotalCount:0
2017-10-30 14:05:36~~2017-10-30 14:05:36
TotalCost:00:00.1337
2017-10-30 14:06:46:Start To Process
Sql:SELECT * FROM mylaps.times_sorted where 1 and 0 and  ChipTime >'2017-09-03 17:00:00'  and  ChipTime <='2017-09-03 21:00:00'  order by Id asc limit 0,1000
RecordCount:0
TotalCount:0
2017-10-30 14:06:46~~2017-10-30 14:06:46
TotalCost:00:00.1438
2017-10-30 14:07:02:Start To Process
Sql:SELECT * FROM mylaps.times_sorted where 1 and 0 and  ChipTime >'2017-09-03 17:00:00'  and  ChipTime <='2017-09-03 21:00:00'  order by Id asc limit 0,1000
RecordCount:0
TotalCount:0
2017-10-30 14:07:02~~2017-10-30 14:07:02
TotalCost:00:00.1982
2017-10-30 14:07:19:Start To Process
2017-10-30 14:07:19:Start To Process RaceId:146
2017-10-30 14:07:55:Start To Process
2017-10-30 14:08:02:Start To Process
2017-10-30 14:08:03:Start To Process RaceId:146
2017-10-30 14:08:23:Start To Process
2017-10-30 14:08:23:Start To Process RaceId:146
2017-10-30 14:08:28:Start To Process
2017-10-30 14:08:28:Start To Process RaceId:146
2017-10-30 14:09:41:Start To Process
2017-10-30 14:10:06:Start To Process
2017-10-30 14:10:09:Start To Process RaceId:124
Sql:SELECT * FROM mylaps.20170304wg_times_sorted where 1 and  Chip in ('GL72342','GV87438','GW63847','HF53557','KN95112','KX92596','LF86880')  and  Id >0  and  ChipTime >'2017-03-04 16:56:03'  and  ChipTime <='2017-03-04 17:31:00'  order by Id asc limit 0,1000
RecordCount:26
TotalCount:26
2017-10-30 14:10:09~~2017-10-30 14:10:11
TotalCost:00:01.1383
2017-10-30 14:10:44:Start To Process
2017-10-30 14:10:47:Start To Process RaceId:124
Sql:SELECT * FROM mylaps.20170304wg_times_sorted where 1 and  Chip in ('GL72342','GV87438','GW63847','HF53557','KN95112','KX92596','LF86880')  and  Id >0  and  ChipTime >'2017-03-04 16:56:03'  and  ChipTime <='2017-03-04 17:31:00'  order by Id asc limit 0,1000
RecordCount:26
TotalCount:26
2017-10-30 14:10:47~~2017-10-30 14:10:48
TotalCost:00:01.0652
2017-10-30 14:10:50:Start To Process RaceId:124
Sql:SELECT * FROM mylaps.20170304wg_times_sorted where 1 and  Chip in ('GL72342','GV87438','GW63847','HF53557','KN95112','KX92596','LF86880')  and  Id >0  and  ChipTime >'2017-03-04 16:56:03'  and  ChipTime <='2017-03-04 17:31:00'  order by Id asc limit 0,1000
RecordCount:26
TotalCount:26
2017-10-30 14:10:50~~2017-10-30 14:10:51
TotalCost:00:00.9114
2017-10-30 14:10:52:Start To Process RaceId:124
Sql:SELECT * FROM mylaps.20170304wg_times_sorted where 1 and  Chip in ('GL72342','GV87438','GW63847','HF53557','KN95112','KX92596','LF86880')  and  Id >0  and  ChipTime >'2017-03-04 16:56:03'  and  ChipTime <='2017-03-04 17:31:00'  order by Id asc limit 0,1000
RecordCount:26
TotalCount:26
2017-10-30 14:10:52~~2017-10-30 14:10:53
TotalCost:00:00.8404
2017-10-30 14:12:17:Start To Process
2017-10-30 14:12:17:Start To Process RaceId:124
Sql:SELECT * FROM mylaps.20170304wg_times_sorted where 1 and  Chip in ('GL72342','GV87438','GW63847','HF53557','KN95112','KX92596','LF86880')  and  Id >0  and  ChipTime >'2017-03-04 16:56:03'  and  ChipTime <='2017-03-04 17:31:00'  order by Id asc limit 0,1000
RecordCount:26
TotalCount:26
2017-10-30 14:12:17~~2017-10-30 14:12:18
TotalCost:00:01.0356
2017-10-30 14:12:18:Start To Process RaceId:124
Sql:SELECT * FROM mylaps.20170304wg_times_sorted where 1 and  Chip in ('GL72342','GV87438','GW63847','HF53557','KN95112','KX92596','LF86880')  and  Id >0  and  ChipTime >'2017-03-04 16:56:03'  and  ChipTime <='2017-03-04 17:31:00'  order by Id asc limit 0,1000
RecordCount:26
TotalCount:26
2017-10-30 14:12:18~~2017-10-30 14:12:19
TotalCost:00:00.8645
2017-10-30 14:12:19:Start To Process RaceId:124
Sql:SELECT * FROM mylaps.20170304wg_times_sorted where 1 and  Chip in ('GL72342','GV87438','GW63847','HF53557','KN95112','KX92596','LF86880')  and  Id >0  and  ChipTime >'2017-03-04 16:56:03'  and  ChipTime <='2017-03-04 17:31:00'  order by Id asc limit 0,1000
RecordCount:26
TotalCount:26
2017-10-30 14:12:19~~2017-10-30 14:12:20
TotalCost:00:00.8698
2017-10-30 14:13:31:Start To Process
2017-10-30 14:13:31:Start To Process RaceId:124
Sql:SELECT * FROM mylaps.20170304wg_times_sorted where 1 and  Chip in ('GL72342','GV87438','GW63847','HF53557','KN95112','KX92596','LF86880')  and  Id >0  and  ChipTime >'2017-03-04 16:56:03'  and  ChipTime <='2017-03-04 17:31:00'  order by Id asc limit 0,1000
RecordCount:26
TotalCount:26
2017-10-30 14:13:31~~2017-10-30 14:13:32
TotalCost:00:01.1036
2017-10-30 14:13:32:Start To Process RaceId:124
Sql:SELECT * FROM mylaps.20170304wg_times_sorted where 1 and  Chip in ('GL72342','GV87438','GW63847','HF53557','KN95112','KX92596','LF86880')  and  Id >0  and  ChipTime >'2017-03-04 16:56:03'  and  ChipTime <='2017-03-04 17:31:00'  order by Id asc limit 0,1000
RecordCount:26
TotalCount:26
2017-10-30 14:13:32~~2017-10-30 14:13:33
TotalCost:00:00.7934
2017-10-30 14:13:33:Start To Process RaceId:124
Sql:SELECT * FROM mylaps.20170304wg_times_sorted where 1 and  Chip in ('GL72342','GV87438','GW63847','HF53557','KN95112','KX92596','LF86880')  and  Id >0  and  ChipTime >'2017-03-04 16:56:03'  and  ChipTime <='2017-03-04 17:31:00'  order by Id asc limit 0,1000
RecordCount:26
TotalCount:26
2017-10-30 14:13:33~~2017-10-30 14:13:34
TotalCost:00:00.8200
2017-10-30 14:17:51:Start To Process
2017-10-30 14:17:51:Start To Process RaceId:124
2017-10-30 14:17:54:Start To Process RaceId:124
2017-10-30 14:17:57:Start To Process RaceId:124
2017-10-30 14:18:59:Start To Process
2017-10-30 14:18:59:Start To Process RaceId:124
Sql:SELECT * FROM mylaps.20170304wg_times_sorted where 1 and  Chip in ('GL72342','GV87438','GW63847','HF53557','KN95112','KX92596','LF86880')  and  Id >0  and  ChipTime >'2017-03-04 16:56:03'  and  ChipTime <='2017-03-04 17:31:00'  order by Id asc limit 0,1000
RecordCount:26
TotalCount:26
2017-10-30 14:18:59~~2017-10-30 14:19:00
TotalCost:00:01.0428
2017-10-30 14:19:00:Start To Process RaceId:124
Sql:SELECT * FROM mylaps.20170304wg_times_sorted where 1 and  Chip in ('GL72342','GV87438','GW63847','HF53557','KN95112','KX92596','LF86880')  and  Id >0  and  ChipTime >'2017-03-04 16:56:03'  and  ChipTime <='2017-03-04 17:31:00'  order by Id asc limit 0,1000
RecordCount:26
TotalCount:26
2017-10-30 14:19:00~~2017-10-30 14:19:01
TotalCost:00:00.7976
2017-10-30 14:19:01:Start To Process RaceId:124
Sql:SELECT * FROM mylaps.20170304wg_times_sorted where 1 and  Chip in ('GL72342','GV87438','GW63847','HF53557','KN95112','KX92596','LF86880')  and  Id >0  and  ChipTime >'2017-03-04 16:56:03'  and  ChipTime <='2017-03-04 17:31:00'  order by Id asc limit 0,1000
RecordCount:26
TotalCount:26
2017-10-30 14:19:01~~2017-10-30 14:19:02
TotalCost:00:00.9390
2017-10-30 14:21:02:Start To Process
2017-10-30 14:21:02:Start To Process RaceId:124
2017-10-30 14:21:49:Start To Process
2017-10-30 14:21:49:Start To Process RaceId:125
2017-10-30 14:22:04:Start To Process
2017-10-30 14:22:04:Start To Process RaceId:125
Sql:SELECT * FROM mylaps.20170304wg_times_sorted where 1 and  Chip in ('CC14240','CC39407','CL51649','CS10932','CS59749','CS61771','CS91831','CS93330','CZ85345','CZ85938','FC27942','FC84113','FC96564','FF16482','FF64865','FF98640','FK24463','FK26711','FK68323','FL12972','GC07869','GC12165','GC28454','GC51570','GH57904','GK69489','GK69886','GL19227','GL50528','GL73007','GT67354','GV61094','GV81590','GV98819','GW68133','HC58754','HF90419','HG45548','HK16062','HL59534','HL92331','HX72077','HZ08831','HZ50378','HZ53905','KG49348','KG78429','KH06652','KL41244','KL65673','KW70631','KX14470','KX88173','KZ47780','KZ52329','LG19560','LG41767','LG57019','LH53573','LL53840','RN54883','RP93399','RX53794')  and  Id >0  and  ChipTime >'2017-03-04 19:58:10'  and  ChipTime <='2017-03-04 20:48:00'  order by Id asc limit 0,1000
RecordCount:816
TotalCount:816
2017-10-30 14:22:04~~2017-10-30 14:22:32
TotalCost:00:28.1030
2017-10-30 14:22:32:Start To Process RaceId:125
Sql:SELECT * FROM mylaps.20170304wg_times_sorted where 1 and  Chip in ('CC14240','CC39407','CL51649','CS10932','CS59749','CS61771','CS91831','CS93330','CZ85345','CZ85938','FC27942','FC84113','FC96564','FF16482','FF64865','FF98640','FK24463','FK26711','FK68323','FL12972','GC07869','GC12165','GC28454','GC51570','GH57904','GK69489','GK69886','GL19227','GL50528','GL73007','GT67354','GV61094','GV81590','GV98819','GW68133','HC58754','HF90419','HG45548','HK16062','HL59534','HL92331','HX72077','HZ08831','HZ50378','HZ53905','KG49348','KG78429','KH06652','KL41244','KL65673','KW70631','KX14470','KX88173','KZ47780','KZ52329','LG19560','LG41767','LG57019','LH53573','LL53840','RN54883','RP93399','RX53794')  and  Id >0  and  ChipTime >'2017-03-04 19:58:10'  and  ChipTime <='2017-03-04 20:48:00'  order by Id asc limit 0,1000
RecordCount:816
TotalCount:816
2017-10-30 14:22:32~~2017-10-30 14:22:59
TotalCost:00:26.4681
2017-10-30 15:03:55:Start To Process
2017-10-30 15:04:06:Start To Process
2017-10-30 15:04:06:Start To Process RaceId:125
Sql:SELECT * FROM mylaps.20170304wg_times_sorted where 1 and  Chip in ('CC14240','CC39407','CL51649','CS10932','CS59749','CS61771','CS91831','CS93330','CZ85345','CZ85938','FC27942','FC84113','FC96564','FF16482','FF64865','FF98640','FK24463','FK26711','FK68323','FL12972','GC07869','GC12165','GC28454','GC51570','GH57904','GK69489','GK69886','GL19227','GL50528','GL73007','GT67354','GV61094','GV81590','GV98819','GW68133','HC58754','HF90419','HG45548','HK16062','HL59534','HL92331','HX72077','HZ08831','HZ50378','HZ53905','KG49348','KG78429','KH06652','KL41244','KL65673','KW70631','KX14470','KX88173','KZ47780','KZ52329','LG19560','LG41767','LG57019','LH53573','LL53840','RN54883','RP93399','RX53794')  and  Id >0  and  ChipTime >'2017-03-04 19:58:10'  and  ChipTime <='2017-03-04 20:48:00'  order by Id asc limit 0,1000
RecordCount:816
TotalCount:816
2017-10-30 15:04:06~~2017-10-30 15:04:33
TotalCost:00:27.0014
2017-10-30 15:04:34:Start To Process RaceId:125
Sql:SELECT * FROM mylaps.20170304wg_times_sorted where 1 and  Chip in ('CC14240','CC39407','CL51649','CS10932','CS59749','CS61771','CS91831','CS93330','CZ85345','CZ85938','FC27942','FC84113','FC96564','FF16482','FF64865','FF98640','FK24463','FK26711','FK68323','FL12972','GC07869','GC12165','GC28454','GC51570','GH57904','GK69489','GK69886','GL19227','GL50528','GL73007','GT67354','GV61094','GV81590','GV98819','GW68133','HC58754','HF90419','HG45548','HK16062','HL59534','HL92331','HX72077','HZ08831','HZ50378','HZ53905','KG49348','KG78429','KH06652','KL41244','KL65673','KW70631','KX14470','KX88173','KZ47780','KZ52329','LG19560','LG41767','LG57019','LH53573','LL53840','RN54883','RP93399','RX53794')  and  Id >0  and  ChipTime >'2017-03-04 19:58:10'  and  ChipTime <='2017-03-04 20:48:00'  order by Id asc limit 0,1000
RecordCount:816
TotalCount:816
2017-10-30 15:04:34~~2017-10-30 15:05:00
TotalCost:00:26.1981
2017-10-30 15:11:13:Start To Process
2017-10-30 15:11:41:Start To Process
2017-10-30 15:11:41:Start To Process RaceId:125
Sql:SELECT * FROM mylaps.20170304wg_times_sorted where 1 and  Chip in ('CC14240','CC39407','CL51649','CS10932','CS59749','CS61771','CS91831','CS93330','CZ85345','CZ85938','FC27942','FC84113','FC96564','FF16482','FF64865','FF98640','FK24463','FK26711','FK68323','FL12972','GC07869','GC12165','GC28454','GC51570','GH57904','GK69489','GK69886','GL19227','GL50528','GL73007','GT67354','GV61094','GV81590','GV98819','GW68133','HC58754','HF90419','HG45548','HK16062','HL59534','HL92331','HX72077','HZ08831','HZ50378','HZ53905','KG49348','KG78429','KH06652','KL41244','KL65673','KW70631','KX14470','KX88173','KZ47780','KZ52329','LG19560','LG41767','LG57019','LH53573','LL53840','RN54883','RP93399','RX53794')  and  Id >0  and  ChipTime >'2017-03-04 19:58:10'  and  ChipTime <='2017-03-04 20:48:00'  order by Id asc limit 0,1000
RecordCount:816
TotalCount:816
2017-10-30 15:11:41~~2017-10-30 15:12:14
TotalCost:00:32.1313
2017-10-30 15:12:14:Start To Process RaceId:125
Sql:SELECT * FROM mylaps.20170304wg_times_sorted where 1 and  Chip in ('CC14240','CC39407','CL51649','CS10932','CS59749','CS61771','CS91831','CS93330','CZ85345','CZ85938','FC27942','FC84113','FC96564','FF16482','FF64865','FF98640','FK24463','FK26711','FK68323','FL12972','GC07869','GC12165','GC28454','GC51570','GH57904','GK69489','GK69886','GL19227','GL50528','GL73007','GT67354','GV61094','GV81590','GV98819','GW68133','HC58754','HF90419','HG45548','HK16062','HL59534','HL92331','HX72077','HZ08831','HZ50378','HZ53905','KG49348','KG78429','KH06652','KL41244','KL65673','KW70631','KX14470','KX88173','KZ47780','KZ52329','LG19560','LG41767','LG57019','LH53573','LL53840','RN54883','RP93399','RX53794')  and  Id >0  and  ChipTime >'2017-03-04 19:58:10'  and  ChipTime <='2017-03-04 20:48:00'  order by Id asc limit 0,1000
RecordCount:816
TotalCount:816
2017-10-30 15:12:14~~2017-10-30 15:12:47
TotalCost:00:33.4778
2017-10-30 15:15:58:Start To Process
2017-10-30 15:15:58:Start To Process RaceId:125
Sql:SELECT * FROM mylaps.20170304wg_times_sorted where 1 and  Chip in ('CC14240','CC39407','CL51649','CS10932','CS59749','CS61771','CS91831','CS93330','CZ85345','CZ85938','FC27942','FC84113','FC96564','FF16482','FF64865','FF98640','FK24463','FK26711','FK68323','FL12972','GC07869','GC12165','GC28454','GC51570','GH57904','GK69489','GK69886','GL19227','GL50528','GL73007','GT67354','GV61094','GV81590','GV98819','GW68133','HC58754','HF90419','HG45548','HK16062','HL59534','HL92331','HX72077','HZ08831','HZ50378','HZ53905','KG49348','KG78429','KH06652','KL41244','KL65673','KW70631','KX14470','KX88173','KZ47780','KZ52329','LG19560','LG41767','LG57019','LH53573','LL53840','RN54883','RP93399','RX53794')  and  Id >0  and  ChipTime >'2017-03-04 19:58:10'  and  ChipTime <='2017-03-04 20:48:00'  order by Id asc limit 0,1000
RecordCount:816
TotalCount:816
2017-10-30 15:15:58~~2017-10-30 15:16:28
TotalCost:00:30.6688
2017-10-30 15:17:33:Start To Process
2017-10-30 15:17:39:Start To Process
2017-10-30 15:17:40:Start To Process RaceId:125
Sql:SELECT * FROM mylaps.20170304wg_times_sorted where 1 and  Chip in ('CC14240','CC39407','CL51649','CS10932','CS59749','CS61771','CS91831','CS93330','CZ85345','CZ85938','FC27942','FC84113','FC96564','FF16482','FF64865','FF98640','FK24463','FK26711','FK68323','FL12972','GC07869','GC12165','GC28454','GC51570','GH57904','GK69489','GK69886','GL19227','GL50528','GL73007','GT67354','GV61094','GV81590','GV98819','GW68133','HC58754','HF90419','HG45548','HK16062','HL59534','HL92331','HX72077','HZ08831','HZ50378','HZ53905','KG49348','KG78429','KH06652','KL41244','KL65673','KW70631','KX14470','KX88173','KZ47780','KZ52329','LG19560','LG41767','LG57019','LH53573','LL53840','RN54883','RP93399','RX53794')  and  Id >0  and  ChipTime >'2017-03-04 19:58:10'  and  ChipTime <='2017-03-04 20:48:00'  order by Id asc limit 0,1000
RecordCount:816
TotalCount:816
2017-10-30 15:17:40~~2017-10-30 15:18:08
TotalCost:00:28.9185
2017-10-30 15:25:25:Start To Process
2017-10-30 15:25:25:Start To Process RaceId:125
Sql:SELECT * FROM mylaps.20170304wg_times_sorted where 1 and  Chip in ('CC14240','CC39407','CL51649','CS10932','CS59749','CS61771','CS91831','CS93330','CZ85345','CZ85938','FC27942','FC84113','FC96564','FF16482','FF64865','FF98640','FK24463','FK26711','FK68323','FL12972','GC07869','GC12165','GC28454','GC51570','GH57904','GK69489','GK69886','GL19227','GL50528','GL73007','GT67354','GV61094','GV81590','GV98819','GW68133','HC58754','HF90419','HG45548','HK16062','HL59534','HL92331','HX72077','HZ08831','HZ50378','HZ53905','KG49348','KG78429','KH06652','KL41244','KL65673','KW70631','KX14470','KX88173','KZ47780','KZ52329','LG19560','LG41767','LG57019','LH53573','LL53840','RN54883','RP93399','RX53794')  and  Id >0  and  ChipTime >'2017-03-04 19:58:10'  and  ChipTime <='2017-03-04 20:48:00'  order by Id asc limit 0,1000
RecordCount:816
TotalCount:816
2017-10-30 15:25:25~~2017-10-30 15:25:59
TotalCost:00:34.1839
2017-10-30 15:39:31:Start To Process
2017-10-30 15:39:31:Start To Process RaceId:125
Sql:SELECT * FROM mylaps.20170304wg_times_sorted where 1 and  Chip in ('CC14240','CC39407','CL51649','CS10932','CS59749','CS61771','CS91831','CS93330','CZ85345','CZ85938','FC27942','FC84113','FC96564','FF16482','FF64865','FF98640','FK24463','FK26711','FK68323','FL12972','GC07869','GC12165','GC28454','GC51570','GH57904','GK69489','GK69886','GL19227','GL50528','GL73007','GT67354','GV61094','GV81590','GV98819','GW68133','HC58754','HF90419','HG45548','HK16062','HL59534','HL92331','HX72077','HZ08831','HZ50378','HZ53905','KG49348','KG78429','KH06652','KL41244','KL65673','KW70631','KX14470','KX88173','KZ47780','KZ52329','LG19560','LG41767','LG57019','LH53573','LL53840','RN54883','RP93399','RX53794')  and  Id >0  and  ChipTime >'2017-03-04 19:58:10'  and  ChipTime <='2017-03-04 20:48:00'  order by Id asc limit 0,1000
RecordCount:816
TotalCount:816
2017-10-30 15:39:31~~2017-10-30 15:40:06
TotalCost:00:35.5390
2017-10-30 15:42:00:Start To Process
2017-10-30 15:42:00:Start To Process RaceId:125
Sql:SELECT * FROM mylaps.20170304wg_times_sorted where 1 and  Chip in ('CC14240','CC39407','CL51649','CS10932','CS59749','CS61771','CS91831','CS93330','CZ85345','CZ85938','FC27942','FC84113','FC96564','FF16482','FF64865','FF98640','FK24463','FK26711','FK68323','FL12972','GC07869','GC12165','GC28454','GC51570','GH57904','GK69489','GK69886','GL19227','GL50528','GL73007','GT67354','GV61094','GV81590','GV98819','GW68133','HC58754','HF90419','HG45548','HK16062','HL59534','HL92331','HX72077','HZ08831','HZ50378','HZ53905','KG49348','KG78429','KH06652','KL41244','KL65673','KW70631','KX14470','KX88173','KZ47780','KZ52329','LG19560','LG41767','LG57019','LH53573','LL53840','RN54883','RP93399','RX53794')  and  Id >0  and  ChipTime >'2017-03-04 19:58:10'  and  ChipTime <='2017-03-04 20:48:00'  order by Id asc limit 0,1000
RecordCount:816
TotalCount:816
2017-10-30 15:42:00~~2017-10-30 15:42:29
TotalCost:00:28.7314
2017-10-30 16:15:24:Start To Process
2017-10-30 16:15:24:Start To Process RaceId:125
Sql:SELECT * FROM mylaps.20170304wg_times_sorted where 1 and  Chip in ('CC14240','CC39407','CL51649','CS10932','CS59749','CS61771','CS91831','CS93330','CZ85345','CZ85938','FC27942','FC84113','FC96564','FF16482','FF64865','FF98640','FK24463','FK26711','FK68323','FL12972','GC07869','GC12165','GC28454','GC51570','GH57904','GK69489','GK69886','GL19227','GL50528','GL73007','GT67354','GV61094','GV81590','GV98819','GW68133','HC58754','HF90419','HG45548','HK16062','HL59534','HL92331','HX72077','HZ08831','HZ50378','HZ53905','KG49348','KG78429','KH06652','KL41244','KL65673','KW70631','KX14470','KX88173','KZ47780','KZ52329','LG19560','LG41767','LG57019','LH53573','LL53840','RN54883','RP93399','RX53794')  and  Id >0  and  ChipTime >'2017-03-04 19:58:10'  and  ChipTime <='2017-03-04 20:48:00'  order by Id asc limit 0,1000
RecordCount:816
TotalCount:816
2017-10-30 16:15:24~~2017-10-30 16:15:57
TotalCost:00:33.6147
2017-10-30 16:17:33:Start To Process
2017-10-30 16:17:33:Start To Process RaceId:125
Sql:SELECT * FROM mylaps.20170304wg_times_sorted where 1 and  Chip in ('CC14240','CC39407','CL51649','CS10932','CS59749','CS61771','CS91831','CS93330','CZ85345','CZ85938','FC27942','FC84113','FC96564','FF16482','FF64865','FF98640','FK24463','FK26711','FK68323','FL12972','GC07869','GC12165','GC28454','GC51570','GH57904','GK69489','GK69886','GL19227','GL50528','GL73007','GT67354','GV61094','GV81590','GV98819','GW68133','HC58754','HF90419','HG45548','HK16062','HL59534','HL92331','HX72077','HZ08831','HZ50378','HZ53905','KG49348','KG78429','KH06652','KL41244','KL65673','KW70631','KX14470','KX88173','KZ47780','KZ52329','LG19560','LG41767','LG57019','LH53573','LL53840','RN54883','RP93399','RX53794')  and  Id >0  and  ChipTime >'2017-03-04 19:58:10'  and  ChipTime <='2017-03-04 20:48:00'  order by Id asc limit 0,1000
RecordCount:816
TotalCount:816
2017-10-30 16:17:33~~2017-10-30 16:18:08
TotalCost:00:34.1689
2017-10-30 16:19:06:Start To Process
2017-10-30 16:19:06:Start To Process RaceId:125
Sql:SELECT * FROM mylaps.20170304wg_times_sorted where 1 and  Chip in ('CC14240','CC39407','CL51649','CS10932','CS59749','CS61771','CS91831','CS93330','CZ85345','CZ85938','FC27942','FC84113','FC96564','FF16482','FF64865','FF98640','FK24463','FK26711','FK68323','FL12972','GC07869','GC12165','GC28454','GC51570','GH57904','GK69489','GK69886','GL19227','GL50528','GL73007','GT67354','GV61094','GV81590','GV98819','GW68133','HC58754','HF90419','HG45548','HK16062','HL59534','HL92331','HX72077','HZ08831','HZ50378','HZ53905','KG49348','KG78429','KH06652','KL41244','KL65673','KW70631','KX14470','KX88173','KZ47780','KZ52329','LG19560','LG41767','LG57019','LH53573','LL53840','RN54883','RP93399','RX53794')  and  Id >0  and  ChipTime >'2017-03-04 19:58:10'  and  ChipTime <='2017-03-04 20:48:00'  order by Id asc limit 0,1000
RecordCount:816
TotalCount:816
2017-10-30 16:19:06~~2017-10-30 16:19:36
TotalCost:00:30.3359
2017-10-30 16:20:12:Start To Process
2017-10-30 16:20:12:Start To Process RaceId:125
Sql:SELECT * FROM mylaps.20170304wg_times_sorted where 1 and  Chip in ('CC14240','CC39407','CL51649','CS10932','CS59749','CS61771','CS91831','CS93330','CZ85345','CZ85938','FC27942','FC84113','FC96564','FF16482','FF64865','FF98640','FK24463','FK26711','FK68323','FL12972','GC07869','GC12165','GC28454','GC51570','GH57904','GK69489','GK69886','GL19227','GL50528','GL73007','GT67354','GV61094','GV81590','GV98819','GW68133','HC58754','HF90419','HG45548','HK16062','HL59534','HL92331','HX72077','HZ08831','HZ50378','HZ53905','KG49348','KG78429','KH06652','KL41244','KL65673','KW70631','KX14470','KX88173','KZ47780','KZ52329','LG19560','LG41767','LG57019','LH53573','LL53840','RN54883','RP93399','RX53794')  and  Id >0  and  ChipTime >'2017-03-04 19:58:10'  and  ChipTime <='2017-03-04 20:48:00'  order by Id asc limit 0,1000
RecordCount:816
TotalCount:816
2017-10-30 16:20:12~~2017-10-30 16:20:45
TotalCost:00:33.1890
2017-10-30 16:25:17:Start To Process
2017-10-30 16:25:17:Start To Process RaceId:125
Sql:SELECT * FROM mylaps.20170304wg_times_sorted where 1 and  Chip in ('CC14240','CC39407','CL51649','CS10932','CS59749','CS61771','CS91831','CS93330','CZ85345','CZ85938','FC27942','FC84113','FC96564','FF16482','FF64865','FF98640','FK24463','FK26711','FK68323','FL12972','GC07869','GC12165','GC28454','GC51570','GH57904','GK69489','GK69886','GL19227','GL50528','GL73007','GT67354','GV61094','GV81590','GV98819','GW68133','HC58754','HF90419','HG45548','HK16062','HL59534','HL92331','HX72077','HZ08831','HZ50378','HZ53905','KG49348','KG78429','KH06652','KL41244','KL65673','KW70631','KX14470','KX88173','KZ47780','KZ52329','LG19560','LG41767','LG57019','LH53573','LL53840','RN54883','RP93399','RX53794')  and  Id >0  and  ChipTime >'2017-03-04 19:58:10'  and  ChipTime <='2017-03-04 20:48:00'  order by Id asc limit 0,1000
RecordCount:816
TotalCount:816
2017-10-30 16:25:17~~2017-10-30 16:25:59
TotalCost:00:42.7742
2017-10-30 16:28:06:Start To Process
2017-10-30 16:28:06:Start To Process RaceId:125
Sql:SELECT * FROM mylaps.20170304wg_times_sorted where 1 and  Chip in ('CC14240','CC39407','CL51649','CS10932','CS59749','CS61771','CS91831','CS93330','CZ85345','CZ85938','FC27942','FC84113','FC96564','FF16482','FF64865','FF98640','FK24463','FK26711','FK68323','FL12972','GC07869','GC12165','GC28454','GC51570','GH57904','GK69489','GK69886','GL19227','GL50528','GL73007','GT67354','GV61094','GV81590','GV98819','GW68133','HC58754','HF90419','HG45548','HK16062','HL59534','HL92331','HX72077','HZ08831','HZ50378','HZ53905','KG49348','KG78429','KH06652','KL41244','KL65673','KW70631','KX14470','KX88173','KZ47780','KZ52329','LG19560','LG41767','LG57019','LH53573','LL53840','RN54883','RP93399','RX53794')  and  Id >0  and  ChipTime >'2017-03-04 19:58:10'  and  ChipTime <='2017-03-04 20:48:00'  order by Id asc limit 0,1000
RecordCount:816
TotalCount:816
2017-10-30 16:28:06~~2017-10-30 16:28:39
TotalCost:00:32.5935
2017-10-30 16:29:32:Start To Process
2017-10-30 16:29:32:Start To Process RaceId:125
Sql:SELECT * FROM mylaps.20170304wg_times_sorted where 1 and  Chip in ('CC14240','CC39407','CL51649','CS10932','CS59749','CS61771','CS91831','CS93330','CZ85345','CZ85938','FC27942','FC84113','FC96564','FF16482','FF64865','FF98640','FK24463','FK26711','FK68323','FL12972','GC07869','GC12165','GC28454','GC51570','GH57904','GK69489','GK69886','GL19227','GL50528','GL73007','GT67354','GV61094','GV81590','GV98819','GW68133','HC58754','HF90419','HG45548','HK16062','HL59534','HL92331','HX72077','HZ08831','HZ50378','HZ53905','KG49348','KG78429','KH06652','KL41244','KL65673','KW70631','KX14470','KX88173','KZ47780','KZ52329','LG19560','LG41767','LG57019','LH53573','LL53840','RN54883','RP93399','RX53794')  and  Id >0  and  ChipTime >'2017-03-04 19:58:10'  and  ChipTime <='2017-03-04 20:48:00'  order by Id asc limit 0,1000
RecordCount:816
TotalCount:816
2017-10-30 16:29:32~~2017-10-30 16:30:06
TotalCost:00:33.8346
2017-10-30 21:44:29:Start To Process
2017-10-30 21:44:29:Start To Process RaceId:162
2017-10-30 21:46:18:Start To Process
2017-10-30 21:46:18:Start To Process RaceId:163
Sql:SELECT * FROM mylaps.20171022jls1_times_sorted where 1 and  Chip in ('CC18584','CC24420','CC27596','CL47583','CL47746','CL47758','CL47976','CL48507','CL49020','CL49302','CL50937','CL51345','CL51366','CR28834','CR30585','CR43836','CS61980','CS62009','CS65983','CS90165','CS91831','CS93330','CX79393','CZ13423','CZ61527','CZ85345','CZ85938','FC02683','FC27942','FC63826','FC69422','FC84113','FC90838','FC91408','FC94865','FF05229','FF06108','FF07771','FF12707','FF16482','FF20126','FF47058','FF84300','FF86931','FF90672','FF91692','FF98640','FG05211','FG07836','FG16144','FG16350','FG26029','FG46770','FG47693','FK06673','FK06740','FK08444','FK09416','FK15837','FK20798','FK24463','FK33011','FK33048','FK36025','FK36716','FK38870','FK41925','FK43994','FK48802','FK59372','FK68323','FK77010','FK82108','FK85644','FK88127','FK89770','FK94070','FK94587','FK96563','FL03997','FL13816','FL20232','FL21724','FL24020','FL26541','FN26989','FN34635','FN45101','FN48269','FN51928','FN59312','FS43924','FS87429','FS89682','FS97040','FT05503','FT09362','FX26565','FZ80912','GC03778','GC05473','GC07869','GC09803','GC12165','GC21312','GC23159','GC28454','GC48306','GC52398','GF86782','GG22167','GG77645','GG78041','GH03261','GH09729','GH39192','GH56795','GH57904','GH77101','GH94399','GH96701','GK26410','GK29503','GK43167','GK69489','GK88569','GK88632','GL17585','GL18522','GL19227','GL36852','GL39510','GL40306','GL59582','GL72315','GL73007','GL79923','GL88815','GN00919','GN29338','GN31757','GS63508','GS99793','GT19561','GT59454','GT67354','GT76939','GT78504','GT85586','GT90494','GT95223','GT99627','GV12411','GV29460','GV59557','GV98819','GW36436','GW66501','GW68133','GW97231','GW97376','GW97627','GX23909','GX26063','GX42667','GZ09509','HC43744','HC58754','HF41273','HF56900','HF61512','HF81191','HF86309','HF92386','HF94555','HG06513','HG28604','HG31685','HG43535','HG45548','HG47276','HG53554','HG56346','HG68397','HG72854','HG78065','HG79819','HG92155','HH17237','HH48143','HH69373','HH87757','HK16062','HK83421','HL59534','HL92331','HN68677','HP45968','HT36701','HT68432','HX01796','HX02203','HX72077','HZ08831','HZ50378','HZ53905','HZ57648','HZ75162','HZ75162','KF45859','KG49731','KG63336','KH37535','KL12757','KL14717','KL18764','KL51511','KL65673','KL69045','KN95112','KP59594','KP60053','KP63016','KP66431','KP66964','KP67741','KP67984','KP71025','KW36274','KW47671','KW48567','KW50783','KW53979','KW60342','KW66112','KW70631','KW70697','KW73523','KW74432','KW74518','KW81076','KX88173','KX92596','KX95961','KZ02122','KZ02947','KZ04539','KZ06272','KZ09541','KZ41211','KZ45568','KZ52329','KZ63237','KZ63938','KZ72030','LF66207','LF82251','LF82251','LG00196','LG18141','LG18698','LG40388','LG50063','LH49303','LH95305','LL11432','LL42480','LL59890','LR24738','LR26159','LR83694','PR62467','PS54588','PV75214','PV96948','PW09816','PW13101','PX04122','PX14625','PX14904','PZ88520','RC45226','RF38401','RF43278','RF44776','RF45533','RF55045','RF68432','RF81865','RG14652','RG66002','RH83417','RL90923','RN02434','RN36957','RN42855','RN42981','RN54883','RP15808','RP24282','RP31431','RP53140','RP93399','RR73784','RR86009','RT32520','RV37652','RX28486','RX41581','RX65974','RX95362','SC68444')  and  Id >0  and  ChipTime >'2017-10-22 19:40:00'  and  ChipTime <='2017-10-22 23:30:00'  order by Id asc limit 0,1000
RecordCount:966
TotalCount:966
2017-10-30 21:46:18~~2017-10-30 21:47:07
TotalCost:00:48.5062
2017-10-30 21:48:45:Start To Process
2017-10-30 21:48:45:Start To Process RaceId:162
2017-10-30 21:49:17:Start To Process
2017-10-30 21:49:17:Start To Process RaceId:163
Sql:SELECT * FROM mylaps.20171022jls1_times_sorted where 1 and  Chip in ('CC18584','CC24420','CC27596','CL47583','CL47746','CL47758','CL47976','CL48507','CL49020','CL49302','CL50937','CL51345','CL51366','CR28834','CR30585','CR43836','CS61980','CS62009','CS65983','CS90165','CS91831','CS93330','CX79393','CZ13423','CZ61527','CZ85345','CZ85938','FC02683','FC27942','FC63826','FC69422','FC84113','FC90838','FC91408','FC94865','FF05229','FF06108','FF07771','FF12707','FF16482','FF20126','FF47058','FF84300','FF86931','FF90672','FF91692','FF98640','FG05211','FG07836','FG16144','FG16350','FG26029','FG46770','FG47693','FK06673','FK06740','FK08444','FK09416','FK15837','FK20798','FK24463','FK33011','FK33048','FK36025','FK36716','FK38870','FK41925','FK43994','FK48802','FK59372','FK68323','FK77010','FK82108','FK85644','FK88127','FK89770','FK94070','FK94587','FK96563','FL03997','FL13816','FL20232','FL21724','FL24020','FL26541','FN26989','FN34635','FN45101','FN48269','FN51928','FN59312','FS43924','FS87429','FS89682','FS97040','FT05503','FT09362','FX26565','FZ80912','GC03778','GC05473','GC07869','GC09803','GC12165','GC21312','GC23159','GC28454','GC48306','GC52398','GF86782','GG22167','GG77645','GG78041','GH03261','GH09729','GH39192','GH56795','GH57904','GH77101','GH94399','GH96701','GK26410','GK29503','GK43167','GK69489','GK88569','GK88632','GL17585','GL18522','GL19227','GL36852','GL39510','GL40306','GL59582','GL72315','GL73007','GL79923','GL88815','GN00919','GN29338','GN31757','GS63508','GS99793','GT19561','GT59454','GT67354','GT76939','GT78504','GT85586','GT90494','GT95223','GT99627','GV12411','GV29460','GV59557','GV98819','GW36436','GW66501','GW68133','GW97231','GW97376','GW97627','GX23909','GX26063','GX42667','GZ09509','HC43744','HC58754','HF41273','HF56900','HF61512','HF81191','HF86309','HF92386','HF94555','HG06513','HG28604','HG31685','HG43535','HG45548','HG47276','HG53554','HG56346','HG68397','HG72854','HG78065','HG79819','HG92155','HH17237','HH48143','HH69373','HH87757','HK16062','HK83421','HL59534','HL92331','HN68677','HP45968','HT36701','HT68432','HX01796','HX02203','HX72077','HZ08831','HZ50378','HZ53905','HZ57648','HZ75162','HZ75162','KF45859','KG49731','KG63336','KH37535','KL12757','KL14717','KL18764','KL51511','KL65673','KL69045','KN95112','KP59594','KP60053','KP63016','KP66431','KP66964','KP67741','KP67984','KP71025','KW36274','KW47671','KW48567','KW50783','KW53979','KW60342','KW66112','KW70631','KW70697','KW73523','KW74432','KW74518','KW81076','KX88173','KX92596','KX95961','KZ02122','KZ02947','KZ04539','KZ06272','KZ09541','KZ41211','KZ45568','KZ52329','KZ63237','KZ63938','KZ72030','LF66207','LF82251','LF82251','LG00196','LG18141','LG18698','LG40388','LG50063','LH49303','LH95305','LL11432','LL42480','LL59890','LR24738','LR26159','LR83694','PR62467','PS54588','PV75214','PV96948','PW09816','PW13101','PX04122','PX14625','PX14904','PZ88520','RC45226','RF38401','RF43278','RF44776','RF45533','RF55045','RF68432','RF81865','RG14652','RG66002','RH83417','RL90923','RN02434','RN36957','RN42855','RN42981','RN54883','RP15808','RP24282','RP31431','RP53140','RP93399','RR73784','RR86009','RT32520','RV37652','RX28486','RX41581','RX65974','RX95362','SC68444')  and  Id >0  and  ChipTime >'2017-10-22 19:40:00'  and  ChipTime <='2017-10-22 23:30:00'  order by Id asc limit 0,1000
RecordCount:966
TotalCount:966
2017-10-30 21:49:17~~2017-10-30 21:50:05
TotalCost:00:47.8451
2017-10-30 21:51:51:Start To Process
2017-10-30 21:51:51:Start To Process RaceId:162
Sql:SELECT * FROM mylaps.20171021jls_times_sorted where 1 and  Chip in ('CL51754','CR43438','CS61771','CX80171','FG25759','FG41991','FG57243','FG85319','FH76273','FK10809','FS78741','FZ52002','GC51570','GG25517','GG81374','GK39298','GK92382','GL35302','GS51883','GT50618','GT78741','GW64810','GW95765','GX48263','HG29507','KG26325','KZ55231','LG57019','LH53573','RL86490','RN32263','RP06005','RP53781','RX80938','SF92741')  and  Id >0  and  ChipTime >'2017-10-21 19:53:00'  and  ChipTime <='2017-10-21 20:50:00'  order by Id asc limit 0,1000
RecordCount:88
TotalCount:88
2017-10-30 21:51:51~~2017-10-30 21:51:53
TotalCost:00:01.8894
2017-10-30 21:51:53:Start To Process RaceId:163
Sql:SELECT * FROM mylaps.20171022jls1_times_sorted where 1 and  Chip in ('CC18584','CC24420','CC27596','CL47583','CL47746','CL47758','CL47976','CL48507','CL49020','CL49302','CL50937','CL51345','CL51366','CR28834','CR30585','CR43836','CS61980','CS62009','CS65983','CS90165','CS91831','CS93330','CX79393','CZ13423','CZ61527','CZ85345','CZ85938','FC02683','FC27942','FC63826','FC69422','FC84113','FC90838','FC91408','FC94865','FF05229','FF06108','FF07771','FF12707','FF16482','FF20126','FF47058','FF84300','FF86931','FF90672','FF91692','FF98640','FG05211','FG07836','FG16144','FG16350','FG26029','FG46770','FG47693','FK06673','FK06740','FK08444','FK09416','FK15837','FK20798','FK24463','FK33011','FK33048','FK36025','FK36716','FK38870','FK41925','FK43994','FK48802','FK59372','FK68323','FK77010','FK82108','FK85644','FK88127','FK89770','FK94070','FK94587','FK96563','FL03997','FL13816','FL20232','FL21724','FL24020','FL26541','FN26989','FN34635','FN45101','FN48269','FN51928','FN59312','FS43924','FS87429','FS89682','FS97040','FT05503','FT09362','FX26565','FZ80912','GC03778','GC05473','GC07869','GC09803','GC12165','GC21312','GC23159','GC28454','GC48306','GC52398','GF86782','GG22167','GG77645','GG78041','GH03261','GH09729','GH39192','GH56795','GH57904','GH77101','GH94399','GH96701','GK26410','GK29503','GK43167','GK69489','GK88569','GK88632','GL17585','GL18522','GL19227','GL36852','GL39510','GL40306','GL59582','GL72315','GL73007','GL79923','GL88815','GN00919','GN29338','GN31757','GS63508','GS99793','GT19561','GT59454','GT67354','GT76939','GT78504','GT85586','GT90494','GT95223','GT99627','GV12411','GV29460','GV59557','GV98819','GW36436','GW66501','GW68133','GW97231','GW97376','GW97627','GX23909','GX26063','GX42667','GZ09509','HC43744','HC58754','HF41273','HF56900','HF61512','HF81191','HF86309','HF92386','HF94555','HG06513','HG28604','HG31685','HG43535','HG45548','HG47276','HG53554','HG56346','HG68397','HG72854','HG78065','HG79819','HG92155','HH17237','HH48143','HH69373','HH87757','HK16062','HK83421','HL59534','HL92331','HN68677','HP45968','HT36701','HT68432','HX01796','HX02203','HX72077','HZ08831','HZ50378','HZ53905','HZ57648','HZ75162','HZ75162','KF45859','KG49731','KG63336','KH37535','KL12757','KL14717','KL18764','KL51511','KL65673','KL69045','KN95112','KP59594','KP60053','KP63016','KP66431','KP66964','KP67741','KP67984','KP71025','KW36274','KW47671','KW48567','KW50783','KW53979','KW60342','KW66112','KW70631','KW70697','KW73523','KW74432','KW74518','KW81076','KX88173','KX92596','KX95961','KZ02122','KZ02947','KZ04539','KZ06272','KZ09541','KZ41211','KZ45568','KZ52329','KZ63237','KZ63938','KZ72030','LF66207','LF82251','LF82251','LG00196','LG18141','LG18698','LG40388','LG50063','LH49303','LH95305','LL11432','LL42480','LL59890','LR24738','LR26159','LR83694','PR62467','PS54588','PV75214','PV96948','PW09816','PW13101','PX04122','PX14625','PX14904','PZ88520','RC45226','RF38401','RF43278','RF44776','RF45533','RF55045','RF68432','RF81865','RG14652','RG66002','RH83417','RL90923','RN02434','RN36957','RN42855','RN42981','RN54883','RP15808','RP24282','RP31431','RP53140','RP93399','RR73784','RR86009','RT32520','RV37652','RX28486','RX41581','RX65974','RX95362','SC68444')  and  Id >0  and  ChipTime >'2017-10-22 19:40:00'  and  ChipTime <='2017-10-22 23:30:00'  order by Id asc limit 0,1000
RecordCount:966
TotalCount:966
2017-10-30 21:51:53~~2017-10-30 21:52:42
TotalCost:00:48.6947
2017-10-30 21:54:13:Start To Process
2017-10-30 21:54:13:Start To Process RaceId:164
Sql:SELECT * FROM mylaps.20171022jls1_times_sorted where 1 and  Chip in ('CC14240','CC39407','CL47804','CL48576','CL51649','CL71555','CR52097','CS10932','CS59749','FC66931','FC85969','FC96564','FF11118','FF62485','FF63883','FF64865','FG15990','FG60522','FK56804','FK59535','FK64462','FK88463','FK88991','FS98075','FT01571','GC20348','GC22860','GC52643','GK84797','GK85644','GX60923','HK10428','KF16563','KG64493','KG80519','KH14107','KL20596','KL41244','KW50712','KW55786','KX14470','KZ21474','LF86880','LH81075','LH84338','LL02918','PR23689','PR61381','PV73073','RF46090','RG29524','RH17626','RP37974','RX80579','SF94950')  and  Id >0  and  ChipTime >'2017-10-22 17:04:45'  and  ChipTime <='2017-10-22 20:00:00'  order by Id asc limit 0,1000
RecordCount:531
TotalCount:531
2017-10-30 21:54:13~~2017-10-30 21:54:24
TotalCost:00:10.6865
2017-10-30 21:54:24:Start To Process RaceId:165
Sql:SELECT * FROM mylaps.20171022jls1_times_sorted where 1 and  Chip in ('CC24494','CL49062','CR35908','CR39384','CR83261','CS63836','CT14497','CZ49659','CZ54326','CZ59900','FC95839','FF84453','FG00052','FL11990','FL21071','FS97040','FT05630','GC03651','GF82459','GG62558','GH42151','GH86265','GK02293','GK69886','GL45497','GP21662','GT21878','GT30150','GV16024','GV18086','GV81590','GX08880','HF06227','HF93367','HG21462','HG72853','HZ48913','HZ50004','KL67408','KW50501','KW58449','KW60752','KW82060','KZ28342','LF98346','LR61744')  and  Id >0  and  ChipTime >'2017-10-22 20:48:35'  and  ChipTime <='2017-10-22 22:18:00'  order by Id asc limit 0,1000
RecordCount:234
TotalCount:234
2017-10-30 21:54:24~~2017-10-30 21:54:30
TotalCost:00:05.4589
2017-10-30 21:54:30:Start To Process RaceId:167
Sql:SELECT * FROM mylaps.20171022jls1_times_sorted where 1 and  Chip in ('CS61771','FG90298','FH19340','FK56357','FK79732','FS83731','FZ52002','GC51570','GK92382','GT50618','HC96902','HF49107','HF53557','HF56640','HG27260','HG41759','HH81361','HK09212','HK59044','HK82182','HP18211','HR34660','HT03722','HZ08865','KZ55231','LH70537','LR42880','RX53794','RX80938','SF92741')  and  Id >0  and  ChipTime >'2017-10-22 23:37:00'  and  ChipTime <='2017-10-23 01:00:00'  order by Id asc limit 0,1000
RecordCount:301
TotalCount:301
2017-10-30 21:54:30~~2017-10-30 21:54:36
TotalCost:00:06.0176
2017-10-30 21:54:36:Start To Process RaceId:168
Sql:SELECT * FROM mylaps.20171022jls1_times_sorted where 1 and  Chip in ('CX77546','FF06287','FF62622','FG00052','FN27655','FZ58072','GH86265','GW63847','HH35607','HH46038','HH94375','HK05096','HX56389','HX78750','HZ38794','KZ01361','LG41767','LL53840','RN12649','RP15204')  and  Id >0  and  ChipTime >'2017-10-22 17:04:45'  and  ChipTime <='2017-10-22 20:00:00'  order by Id asc limit 0,1000
RecordCount:110
TotalCount:110
2017-10-30 21:54:36~~2017-10-30 21:54:38
TotalCost:00:02.0358
2017-10-30 21:54:39:Start To Process RaceId:169
Sql:SELECT * FROM mylaps.20171021jls_times_sorted where 1 and  Chip in ('FG41300','FG90298','FK76717','GN19385','HC68991','HC96902','HF49107','HF53557','HF56640','HG14696','HG27260','HG41759','HH74478','HK09212','HR34660','LR42880')  and  Id >0  and  ChipTime >'2017-10-21 22:15:00'  and  ChipTime <='2017-10-22 00:45:00'  order by Id asc limit 0,1000
RecordCount:77
TotalCount:77
2017-10-30 21:54:39~~2017-10-30 21:54:40
TotalCost:00:01.5327
2017-10-30 21:54:40:Start To Process RaceId:170
Sql:SELECT * FROM mylaps.20171021jls_times_sorted where 1 and  Chip in ('CC12657','CL49943','CR26690','CX68794','CX77546','CX90337','CZ07208','CZ28305','FF54586','FF56852','FF62622','FG00052','FG07856','FG11837','FG79731','FH19340','FH49760','FH73752','FK26711','FK56357','FK59346','FL12972','FL16573','FN27655','FN32453','FN41320','FS83731','FT12308','FZ58072','FZ85446','GC29909','GH86265','GK71518','GL50528','GN10092','GS66031','GT66790','GW62155','GW63847','GW92138','HF68946','HF90419','HH06780','HH35607','HH38030','HH46038','HH55029','HH81361','HH87332','HH94375','HH94858','HK05096','HK29037','HK59044','HK61207','HK67527','HK82182','HP18211','HP46938','HP59658','HP69581','HP71624','HR16699','HT03722','HW71809','HX56389','HX78750','HZ06571','HZ08865','HZ38794','HZ50152','HZ53005','KG49348','KG78429','KG87634','KH06652','KH36020','KL21804','KL25328','KW37915','KW40826','KW61232','KW65666','KW91547','KZ01361','KZ27527','KZ47780','LG19560','LG20092','LG27267','LG41767','LG52395','LH70537','LH79761','LL46690','LL53840','LN60971','LR43648','RC12867','RN12649','RP15204','RP31312','RX88465')  and  Id >0  and  ChipTime >'2017-10-21 20:47:00'  and  ChipTime <='2017-10-21 22:30:00'  order by Id asc limit 0,1000
RecordCount:373
TotalCount:373
2017-10-30 21:54:40~~2017-10-30 21:54:47
TotalCost:00:07.3047
2017-10-30 21:56:30:Start To Process
2017-10-30 21:56:30:Start To Process RaceId:153
Sql:SELECT * FROM mylaps.20170806trek_times_sorted where 1 and  Chip in ('CC27596','CL47976','CL49302','CL51345','CR30585','CS65983','FC63826','FC66931','FC69422','FF06287','FF63883','FK08444','FK09416','FK79732','FK85644','FK88127')  and  Id >0  and  ChipTime >'2017-08-06 16:00:00'  and  ChipTime <='2017-08-06 18:00:00'  order by Id asc limit 0,1000
RecordCount:225
TotalCount:225
2017-10-30 21:56:31~~2017-10-30 21:56:33
TotalCost:00:02.9342
2017-10-30 21:56:34:Start To Process RaceId:154
Sql:SELECT * FROM mylaps.20170806trek_times_sorted where 1 and  Chip in ('CC18584','CL47758','CL50937','CL51366','CP64469','FF12707','FF47058','FF98640','FK59372','FK77010','FK88991','FK89770','FK96563')  and  Id >0  and  ChipTime >'2017-08-06 16:00:04'  and  ChipTime <='2017-08-06 18:50:00'  order by Id asc limit 0,1000
RecordCount:218
TotalCount:218
2017-10-30 21:56:34~~2017-10-30 21:56:37
TotalCost:00:03.4465
2017-10-30 21:57:33:Start To Process
2017-10-30 21:57:33:Start To Process RaceId:153
Sql:SELECT * FROM mylaps.20170806trek_times_sorted where 1 and  Chip in ('CC27596','CL47976','CL49302','CL51345','CR30585','CS65983','FC63826','FC66931','FC69422','FF06287','FF63883','FK08444','FK09416','FK79732','FK85644','FK88127')  and  Id >0  and  ChipTime >'2017-08-06 16:00:00'  and  ChipTime <='2017-08-06 18:00:00'  order by Id asc limit 0,1000
RecordCount:225
TotalCount:225
2017-10-30 21:57:33~~2017-10-30 21:57:37
TotalCost:00:03.3933
2017-10-30 21:57:37:Start To Process RaceId:154
Sql:SELECT * FROM mylaps.20170806trek_times_sorted where 1 and  Chip in ('CC18584','CL47758','CL50937','CL51366','CP64469','FF12707','FF47058','FF98640','FK59372','FK77010','FK88991','FK89770','FK96563')  and  Id >0  and  ChipTime >'2017-08-06 16:00:04'  and  ChipTime <='2017-08-06 18:50:00'  order by Id asc limit 0,1000
RecordCount:218
TotalCount:218
2017-10-30 21:57:37~~2017-10-30 21:57:41
TotalCost:00:03.7703
