RaceId:144
Sql:SELECT * FROM mylaps.tri_times_sorted where 1 and  Chip in ('FF84300','FK94070','FT01571','GC09803','GG22167','GV12411','HG31685','HK10428','HK82182','KG87634')  and  Id >0  and  ChipTime >'2017-04-12 22:19:00'  and  ChipTime <='2017-04-13 00:10:00'  order by Id asc limit 0,1000
RecordCount:90
TotalCount:90
2017-04-16 14:35:03~~2017-04-16 14:35:04
TotalCost:00:01.6417
RaceId:144
Sql:SELECT * FROM mylaps.tri_times_sorted where 1 and  Chip in ('FF84300','FK94070','FT01571','GC09803','GG22167','GV12411','HG31685','HK10428','HK82182','KG87634')  and  Id >0  and  ChipTime >'2017-04-12 22:19:00'  and  ChipTime <='2017-04-13 00:10:00'  order by Id asc limit 0,1000
RecordCount:90
TotalCount:90
2017-04-16 14:37:56~~2017-04-16 14:37:57
TotalCost:00:01.3718
RaceId:144
Sql:SELECT * FROM mylaps.tri_times_sorted where 1 and  Chip in ('FF84300','FK94070','FT01571','GC09803','GG22167','GV12411','HG31685','HK10428','HK82182','KG87634')  and  Id >0  and  ChipTime >'2017-04-12 22:19:00'  and  ChipTime <='2017-04-13 00:10:00'  order by Id asc limit 0,1000
RecordCount:90
TotalCount:90
2017-04-16 14:38:19~~2017-04-16 14:38:21
TotalCost:00:01.7119
RaceId:144
Sql:SELECT * FROM mylaps.tri_times_sorted where 1 and  Chip in ('FF84300','FK94070','FT01571','GC09803','GG22167','GV12411','HG31685','HK10428','HK82182','KG87634')  and  Id >0  and  ChipTime >'2017-04-12 22:19:00'  and  ChipTime <='2017-04-13 00:10:00'  order by Id asc limit 0,1000
RecordCount:90
TotalCount:90
2017-04-16 14:46:42~~2017-04-16 14:46:43
TotalCost:00:01.0799
RaceId:144
Sql:SELECT * FROM mylaps.tri_times_sorted where 1 and  Chip in ('FF84300','FK94070','FT01571','GC09803','GG22167','GV12411','HG31685','HK10428','HK82182','KG87634')  and  Id >0  and  ChipTime >'2017-04-12 22:19:00'  and  ChipTime <='2017-04-13 00:10:00'  order by Id asc limit 0,1000
RecordCount:90
TotalCount:90
2017-04-16 14:50:06~~2017-04-16 14:50:07
TotalCost:00:01.0545
RaceId:144
Sql:SELECT * FROM mylaps.tri_times_sorted where 1 and  Chip in ('FF84300','FK94070','FT01571','GC09803','GG22167','GV12411','HG31685','HK10428','HK82182','KG87634')  and  Id >0  and  ChipTime >'2017-04-12 22:19:00'  and  ChipTime <='2017-04-13 00:10:00'  order by Id asc limit 0,1000
RecordCount:90
TotalCount:90
2017-04-16 14:51:48~~2017-04-16 14:51:49
TotalCost:00:00.8530
RaceId:144
Sql:SELECT * FROM mylaps.tri_times_sorted where 1 and  Chip in ('FF84300','FK94070','FT01571','GC09803','GG22167','GV12411','HG31685','HK10428','HK82182','KG87634')  and  Id >0  and  ChipTime >'2017-04-12 22:19:00'  and  ChipTime <='2017-04-13 00:10:00'  order by Id asc limit 0,1000
RecordCount:90
TotalCount:90
2017-04-16 15:03:41~~2017-04-16 15:03:42
TotalCost:00:00.9727
RaceId:144
Sql:SELECT * FROM mylaps.tri_times_sorted where 1 and  Chip in ('FF84300','FK94070','FT01571','GC09803','GG22167','GV12411','HG31685','HK10428','HK82182','KG87634')  and  Id >0  and  ChipTime >'2017-04-12 22:19:00'  and  ChipTime <='2017-04-13 00:10:00'  order by Id asc limit 0,1000
RecordCount:90
TotalCount:90
2017-04-16 15:05:26~~2017-04-16 15:05:27
TotalCost:00:01.2668
RaceId:144
Sql:SELECT * FROM mylaps.tri_times_sorted where 1 and  Chip in ('FF84300','FK94070','FT01571','GC09803','GG22167','GV12411','HG31685','HK10428','HK82182','KG87634')  and  Id >0  and  ChipTime >'2017-04-12 22:19:00'  and  ChipTime <='2017-04-13 00:10:00'  order by Id asc limit 0,1000
RecordCount:90
TotalCount:90
2017-04-16 15:07:23~~2017-04-16 15:07:24
TotalCost:00:00.7789
RaceId:144
Sql:SELECT * FROM mylaps.tri_times_sorted where 1 and  Chip in ('FF84300','FK94070','FT01571','GC09803','GG22167','GV12411','HG31685','HK10428','HK82182','KG87634')  and  Id >0  and  ChipTime >'2017-04-12 22:19:00'  and  ChipTime <='2017-04-13 00:10:00'  order by Id asc limit 0,1000
RecordCount:90
TotalCount:90
2017-04-16 15:08:41~~2017-04-16 15:08:42
TotalCost:00:00.9445
RaceId:144
Sql:SELECT * FROM mylaps.tri_times_sorted where 1 and  Chip in ('FF84300','FK94070','FT01571','GC09803','GG22167','GV12411','HG31685','HK10428','HK82182','KG87634')  and  Id >0  and  ChipTime >'2017-04-12 22:19:00'  and  ChipTime <='2017-04-13 00:10:00'  order by Id asc limit 0,1000
RecordCount:90
TotalCount:90
2017-04-16 15:12:41~~2017-04-16 15:12:42
TotalCost:00:00.8954
RaceId:144
Sql:SELECT * FROM mylaps.tri_times_sorted where 1 and  Chip in ('FF84300','FK94070','FT01571','GC09803','GG22167','GV12411','HG31685','HK10428','HK82182','KG87634')  and  Id >0  and  ChipTime >'2017-04-12 22:19:00'  and  ChipTime <='2017-04-13 00:10:00'  order by Id asc limit 0,1000
RecordCount:90
TotalCount:90
2017-04-16 15:13:59~~2017-04-16 15:14:00
TotalCost:00:00.9594
RaceId:144
Sql:SELECT * FROM mylaps.tri_times_sorted where 1 and  Chip in ('FF84300','FK94070','FT01571','GC09803','GG22167','GV12411','HG31685','HK10428','HK82182','KG87634')  and  Id >0  and  ChipTime >'2017-04-12 22:19:00'  and  ChipTime <='2017-04-13 00:10:00'  order by Id asc limit 0,1000
RecordCount:90
TotalCount:90
2017-04-16 15:19:16~~2017-04-16 15:19:17
TotalCost:00:01.0517
RaceId:144
Sql:SELECT * FROM mylaps.tri_times_sorted where 1 and  Chip in ('FF84300','FK94070','FT01571','GC09803','GG22167','GV12411','HG31685','HK10428','HK82182','KG87634')  and  Id >0  and  ChipTime >'2017-04-12 22:19:00'  and  ChipTime <='2017-04-13 00:10:00'  order by Id asc limit 0,1000
RecordCount:90
TotalCount:90
2017-04-16 15:21:56~~2017-04-16 15:21:57
TotalCost:00:01.0915
RaceId:144
Sql:SELECT * FROM mylaps.tri_times_sorted where 1 and  Chip in ('FF84300','FK94070','FT01571','GC09803','GG22167','GV12411','HG31685','HK10428','HK82182','KG87634')  and  Id >0  and  ChipTime >'2017-04-12 22:19:00'  and  ChipTime <='2017-04-13 00:10:00'  order by Id asc limit 0,1000
RecordCount:90
TotalCount:90
2017-04-16 15:22:43~~2017-04-16 15:22:44
TotalCost:00:00.9932
RaceId:144
Sql:SELECT * FROM mylaps.tri_times_sorted where 1 and  Chip in ('FF84300','FK94070','FT01571','GC09803','GG22167','GV12411','HG31685','HK10428','HK82182','KG87634')  and  Id >0  and  ChipTime >'2017-04-12 22:19:00'  and  ChipTime <='2017-04-13 00:10:00'  order by Id asc limit 0,1000
RecordCount:90
TotalCount:90
2017-04-16 15:25:54~~2017-04-16 15:25:55
TotalCost:00:01.0356
RaceId:144
Sql:SELECT * FROM mylaps.tri_times_sorted where 1 and  Chip in ('FF84300','FK94070','FT01571','GC09803','GG22167','GV12411','HG31685','HK10428','HK82182','KG87634')  and  Id >0  and  ChipTime >'2017-04-12 22:19:00'  and  ChipTime <='2017-04-13 00:10:00'  order by Id asc limit 0,1000
RecordCount:90
TotalCount:90
2017-04-16 15:26:16~~2017-04-16 15:26:17
TotalCost:00:00.9869
RaceId:144
Sql:SELECT * FROM mylaps.tri_times_sorted where 1 and  Chip in ('FF84300','FK94070','FT01571','GC09803','GG22167','GV12411','HG31685','HK10428','HK82182','KG87634')  and  Id >0  and  ChipTime >'2017-04-12 22:19:00'  and  ChipTime <='2017-04-13 00:10:00'  order by Id asc limit 0,1000
RecordCount:90
TotalCount:90
2017-04-16 15:31:33~~2017-04-16 15:31:33
TotalCost:00:00.6092
RaceId:144
Sql:SELECT * FROM mylaps.tri_times_sorted where 1 and  Chip in ('FF84300','FK94070','FT01571','GC09803','GG22167','GV12411','HG31685','HK10428','HK82182','KG87634')  and  Id >0  and  ChipTime >'2017-04-12 22:19:00'  and  ChipTime <='2017-04-13 00:10:00'  order by Id asc limit 0,1000
RecordCount:90
TotalCount:90
2017-04-16 15:31:50~~2017-04-16 15:31:51
TotalCost:00:01.0030
RaceId:144
Sql:SELECT * FROM mylaps.tri_times_sorted where 1 and  Chip in ('FF84300','FK94070','FT01571','GC09803','GG22167','GV12411','HG31685','HK10428','HK82182','KG87634')  and  Id >0  and  ChipTime >'2017-04-12 22:19:00'  and  ChipTime <='2017-04-13 00:10:00'  order by Id asc limit 0,1000
RecordCount:90
TotalCount:90
2017-04-16 15:39:12~~2017-04-16 15:39:13
TotalCost:00:01.1515
RaceId:144
Sql:SELECT * FROM mylaps.tri_times_sorted where 1 and  Chip in ('FF84300','FK94070','FT01571','GC09803','GG22167','GV12411','HG31685','HK10428','HK82182','KG87634')  and  Id >0  and  ChipTime >'2017-04-12 22:19:00'  and  ChipTime <='2017-04-13 00:10:00'  order by Id asc limit 0,1000
RecordCount:90
TotalCount:90
2017-04-16 15:47:29~~2017-04-16 15:47:30
TotalCost:00:01.1117
RaceId:144
Sql:SELECT * FROM mylaps.tri_times_sorted where 1 and  Chip in ('FF84300','FK94070','FT01571','GC09803','GG22167','GV12411','HG31685','HK10428','HK82182','KG87634')  and  Id >0  and  ChipTime >'2017-04-12 22:19:00'  and  ChipTime <='2017-04-13 00:10:00'  order by Id asc limit 0,1000
RecordCount:90
TotalCount:90
2017-04-16 15:58:29~~2017-04-16 15:58:30
TotalCost:00:01.0977
RaceId:144
Sql:SELECT * FROM mylaps.tri_times_sorted where 1 and  Chip in ('FF84300','FK94070','FT01571','GC09803','GG22167','GV12411','HG31685','HK10428','HK82182','KG87634')  and  Id >0  and  ChipTime >'2017-04-12 22:19:00'  and  ChipTime <='2017-04-13 00:10:00'  order by Id asc limit 0,1000
RecordCount:90
TotalCount:90
2017-04-16 16:09:26~~2017-04-16 16:09:27
TotalCost:00:01.0697
RaceId:144
Sql:SELECT * FROM mylaps.tri_times_sorted where 1 and  Chip in ('FF84300','FK94070','FT01571','GC09803','GG22167','GV12411','HG31685','HK10428','HK82182','KG87634')  and  Id >0  and  ChipTime >'2017-04-12 22:19:00'  and  ChipTime <='2017-04-13 00:10:00'  order by Id asc limit 0,1000
RecordCount:90
TotalCount:90
2017-04-16 16:16:59~~2017-04-16 16:17:00
TotalCost:00:01.0001
