RaceId:144
Sql:SELECT * FROM mylaps.tri_times_sorted where 1 and  Chip in ('FF84300','FK94070','FT01571','GC09803','GG22167','GV12411','HG31685','HK10428','HK82182','KG87634','1')  and  Id >0  and  ChipTime >'2017-04-12 22:19:00'  and  ChipTime <='2017-04-13 00:10:00'  order by Id asc limit 0,1000
RecordCount:90
TotalCount:90
2017-04-20 08:59:00~~2017-04-20 08:59:01
TotalCost:00:00.8621
RaceId:144
Sql:SELECT * FROM mylaps.tri_times_sorted where 1 and  Chip in ('FF84300','FK94070','FT01571','GC09803','GG22167','GV12411','HG31685','HK10428','HK82182','KG87634','1')  and  Id >0  and  ChipTime >'2017-04-12 22:19:00'  and  ChipTime <='2017-04-13 00:10:00'  order by Id asc limit 0,1000
RecordCount:90
TotalCount:90
2017-04-20 09:00:39~~2017-04-20 09:00:39
TotalCost:00:00.6905
RaceId:144
Sql:SELECT * FROM mylaps.tri_times_sorted where 1 and  Chip in ('FF84300','FK94070','FT01571','GC09803','GG22167','GV12411','HG31685','HK10428','HK82182','KG87634','1')  and  Id >0  and  ChipTime >'2017-04-12 22:19:00'  and  ChipTime <='2017-04-13 00:10:00'  order by Id asc limit 0,1000
RecordCount:90
TotalCount:90
2017-04-20 09:02:32~~2017-04-20 09:02:33
TotalCost:00:00.7993
RaceId:144
Sql:SELECT * FROM mylaps.tri_times_sorted where 1 and  Chip in ('FF84300','FK94070','FT01571','GC09803','GG22167','GV12411','HG31685','HK10428','HK82182','KG87634','1')  and  Id >0  and  ChipTime >'2017-04-12 22:19:00'  and  ChipTime <='2017-04-13 00:10:00'  order by Id asc limit 0,1000
RecordCount:90
TotalCount:90
2017-04-20 09:07:12~~2017-04-20 09:07:13
TotalCost:00:00.7175
RaceId:144
Sql:SELECT * FROM mylaps.tri_times_sorted where 1 and  Chip in ('FF84300','FK94070','FT01571','GC09803','GG22167','GV12411','HG31685','HK10428','HK82182','KG87634','1')  and  Id >0  and  ChipTime >'2017-04-12 22:19:00'  and  ChipTime <='2017-04-13 00:10:00'  order by Id asc limit 0,1000
RecordCount:90
TotalCount:90
2017-04-20 09:40:23~~2017-04-20 09:40:24
TotalCost:00:00.8415
RaceId:144
Sql:SELECT * FROM mylaps.tri_times_sorted where 1 and  Chip in ('FF84300','FK94070','FT01571','GC09803','GG22167','GV12411','HG31685','HK10428','HK82182','KG87634','1')  and  Id >0  and  ChipTime >'2017-04-12 22:19:00'  and  ChipTime <='2017-04-13 00:10:00'  order by Id asc limit 0,1000
RecordCount:90
TotalCount:90
2017-04-20 09:42:15~~2017-04-20 09:42:15
TotalCost:00:00.8679
