2017-08-04 21:24:40:Start To Process
Sql:SELECT * FROM mylaps.20170722ay_times_sorted where 1 and  Chip in ('HX72077','LF82251','SF92741','HG68397')  and  Id >0  and  ChipTime >'2017-07-22 17:33:00'  and  ChipTime <='2017-07-22 19:00:00'  order by Id asc limit 0,1000
RecordCount:33
TotalCount:33
2017-08-04 21:24:41~~2017-08-04 21:24:43
TotalCost:00:02.3589
2017-08-04 21:25:06:Start To Process
Sql:SELECT * FROM mylaps.20170722ay_times_sorted where 1 and  Chip in ('HX72077','LF82251','SF92741','HG68397')  and  Id >0  and  ChipTime >'2017-07-22 17:33:00'  and  ChipTime <='2017-07-22 19:00:00'  order by Id asc limit 0,1000
RecordCount:33
TotalCount:33
2017-08-04 21:25:07~~2017-08-04 21:25:09
TotalCost:00:01.8015
2017-08-04 21:28:30:Start To Process
Sql:SELECT * FROM mylaps.20170722ay_times_sorted where 1 and  Chip in ('HX72077','LF82251','SF92741','HG68397')  and  Id >0  and  ChipTime >'2017-07-22 17:33:00'  and  ChipTime <='2017-07-22 19:00:00'  order by Id asc limit 0,1000
RecordCount:33
TotalCount:33
2017-08-04 21:28:31~~2017-08-04 21:28:33
TotalCost:00:02.4767
2017-08-04 21:29:47:Start To Process
Sql:SELECT * FROM mylaps.20170722ay_times_sorted where 1 and  Chip in ('HX72077','LF82251','SF92741','HG68397')  and  Id >0  and  ChipTime >'2017-07-22 17:33:00'  and  ChipTime <='2017-07-22 19:00:00'  order by Id asc limit 0,1000
RecordCount:33
TotalCount:33
2017-08-04 21:29:48~~2017-08-04 21:29:49
TotalCost:00:01.8382
2017-08-04 21:30:14:Start To Process
Sql:SELECT * FROM mylaps.20170722ay_times_sorted where 1 and  Chip in ('HX72077','LF82251','SF92741','HG68397')  and  Id >0  and  ChipTime >'2017-07-22 17:33:00'  and  ChipTime <='2017-07-22 19:00:00'  order by Id asc limit 0,1000
RecordCount:33
TotalCount:33
2017-08-04 21:30:15~~2017-08-04 21:30:17
TotalCost:00:02.3912
2017-08-04 21:30:57:Start To Process
Sql:SELECT * FROM mylaps.20170722ay_times_sorted where 1 and  Chip in ('HX72077','LF82251','SF92741','HG68397')  and  Id >0  and  ChipTime >'2017-07-22 17:33:00'  and  ChipTime <='2017-07-22 19:00:00'  order by Id asc limit 0,1000
RecordCount:33
TotalCount:33
2017-08-04 21:30:58~~2017-08-04 21:31:01
TotalCost:00:02.7031
2017-08-04 21:31:39:Start To Process
Sql:SELECT * FROM mylaps.20170722ay_times_sorted where 1 and  Chip in ('HX72077','LF82251','SF92741','HG68397')  and  Id >0  and  ChipTime >'2017-07-22 17:33:00'  and  ChipTime <='2017-07-22 19:00:00'  order by Id asc limit 0,1000
RecordCount:33
TotalCount:33
2017-08-04 21:31:42~~2017-08-04 21:31:50
TotalCost:00:08.0224
2017-08-04 21:32:44:Start To Process
Sql:SELECT * FROM mylaps.20170722ay_times_sorted where 1 and  Chip in ('HX72077','LF82251','SF92741','HG68397')  and  Id >0  and  ChipTime >'2017-07-22 17:33:00'  and  ChipTime <='2017-07-22 19:00:00'  order by Id asc limit 0,1000
RecordCount:33
TotalCount:33
2017-08-04 21:32:45~~2017-08-04 21:32:47
TotalCost:00:02.4281
2017-08-04 21:35:24:Start To Process
Sql:SELECT * FROM mylaps.20170722ay_times_sorted where 1 and  Chip in ('HX72077','LF82251','SF92741','HG68397')  and  Id >0  and  ChipTime >'2017-07-22 17:33:00'  and  ChipTime <='2017-07-22 19:00:00'  order by Id asc limit 0,1000
RecordCount:33
TotalCount:33
2017-08-04 21:35:25~~2017-08-04 21:35:28
TotalCost:00:02.4050
