RaceId:144
Sql:SELECT * FROM mylaps.tri_times_sorted where 1 and  Chip in ('FF84300','FK94070','FT01571','GC09803','GG22167','GV12411','HG31685','HK10428','HK82182','KG87634','1')  and  Id >0  and  ChipTime >'2017-04-12 22:19:00'  and  ChipTime <='2017-04-13 00:10:00'  order by Id asc limit 0,1000
RecordCount:0
TotalCount:0
2017-07-08 20:39:28~~2017-07-08 20:39:28
TotalCost:00:00.1731
RaceId:144
Sql:SELECT * FROM mylaps.tri_times_sorted where 1 and  Chip in ('FF84300','FK94070','FT01571','GC09803','GG22167','GV12411','HG31685','HK10428','HK82182','KG87634','1')  and  Id >0  and  ChipTime >'2017-04-12 22:19:00'  and  ChipTime <='2017-04-13 00:10:00'  order by Id asc limit 0,1000
RecordCount:0
TotalCount:0
2017-07-08 20:42:41~~2017-07-08 20:42:42
TotalCost:00:00.2048
RaceId:144
Sql:SELECT * FROM mylaps.tri_times_sorted where 1 and  Chip in ('FF84300','FK94070','FT01571','GC09803','GG22167','GV12411','HG31685','HK10428','HK82182','KG87634','1')  and  Id >0  and  ChipTime >'2017-04-12 22:19:00'  and  ChipTime <='2017-04-13 00:10:00'  order by Id asc limit 0,1000
RecordCount:0
TotalCount:0
2017-07-08 20:44:38~~2017-07-08 20:44:39
TotalCost:00:00.3299
RaceId:144
Sql:SELECT * FROM mylaps.tri_times_sorted where 1 and  Chip in ('FF84300','FK94070','FT01571','GC09803','GG22167','GV12411','HG31685','HK10428','HK82182','KG87634','1')  and  Id >0  and  ChipTime >'2017-04-12 22:19:00'  and  ChipTime <='2017-04-13 00:10:00'  order by Id asc limit 0,1000
RecordCount:0
TotalCount:0
2017-07-08 20:45:43~~2017-07-08 20:45:44
TotalCost:00:00.0962
RaceId:144
Sql:SELECT * FROM mylaps.tri_times_sorted where 1 and  Chip in ('FF84300','FK94070','FT01571','GC09803','GG22167','GV12411','HG31685','HK10428','HK82182','KG87634','1')  and  Id >0  and  ChipTime >'2017-04-12 22:19:00'  and  ChipTime <='2017-04-13 00:10:00'  order by Id asc limit 0,1000
RecordCount:0
TotalCount:0
2017-07-08 20:45:45~~2017-07-08 20:45:45
TotalCost:00:00.1141
Sql:SELECT * FROM mylaps.tri_times_sorted where 1 and  Chip in ('FF84300','FK94070','FT01571','GC09803','GG22167','GV12411','HG31685','HK10428','HK82182','KG87634','1')  and  Id >0  and  ChipTime >'2017-04-12 22:19:00'  and  ChipTime <='2017-04-13 00:10:00'  order by Id asc limit 0,1000
RecordCount:0
TotalCount:0
2017-07-08 20:48:08~~2017-07-08 20:48:08
TotalCost:00:00.1554
Sql:SELECT * FROM mylaps.tri_times_sorted where 1 and  Chip in ('FF84300','FK94070','FT01571','GC09803','GG22167','GV12411','HG31685','HK10428','HK82182','KG87634','1')  and  Id >0  and  ChipTime >'2017-04-12 22:19:00'  and  ChipTime <='2017-04-13 00:10:00'  order by Id asc limit 0,1000
RecordCount:0
TotalCount:0
2017-07-08 22:21:06~~2017-07-08 22:21:06
TotalCost:00:00.1231
Sql:SELECT * FROM mylaps.tri_times_sorted where 1 and  Chip in ('FF84300','FK94070','FT01571','GC09803','GG22167','GV12411','HG31685','HK10428','HK82182','KG87634','1')  and  Id >0  and  ChipTime >'2017-04-12 22:19:00'  and  ChipTime <='2017-04-13 00:10:00'  order by Id asc limit 0,1000
RecordCount:0
TotalCount:0
2017-07-08 22:23:25~~2017-07-08 22:23:25
TotalCost:00:00.1529
Sql:SELECT * FROM mylaps.tri_times_sorted where 1 and  Chip in ('FF84300','FK94070','FT01571','GC09803','GG22167','GV12411','HG31685','HK10428','HK82182','KG87634','1')  and  Id >0  and  ChipTime >'2017-04-12 22:19:00'  and  ChipTime <='2017-04-13 00:10:00'  order by Id asc limit 0,1000
RecordCount:0
TotalCount:0
2017-07-08 22:23:47~~2017-07-08 22:23:48
TotalCost:00:00.1263
Sql:SELECT * FROM mylaps.tri_times_sorted where 1 and  Chip in ('FF84300','FK94070','FT01571','GC09803','GG22167','GV12411','HG31685','HK10428','HK82182','KG87634','1')  and  Id >0  and  ChipTime >'2017-04-12 22:19:00'  and  ChipTime <='2017-04-13 00:10:00'  order by Id asc limit 0,1000
RecordCount:0
TotalCount:0
2017-07-08 22:24:35~~2017-07-08 22:24:35
TotalCost:00:00.1343
Sql:SELECT * FROM mylaps.tri_times_sorted where 1 and  Chip in ('FF84300','FK94070','FT01571','GC09803','GG22167','GV12411','HG31685','HK10428','HK82182','KG87634','1')  and  Id >0  and  ChipTime >'2017-04-12 22:19:00'  and  ChipTime <='2017-04-13 00:10:00'  order by Id asc limit 0,1000
RecordCount:0
TotalCount:0
2017-07-08 22:26:55~~2017-07-08 22:26:55
TotalCost:00:00.1133
Sql:SELECT * FROM mylaps.tri_times_sorted where 1 and  Chip in ('FF84300','FK94070','FT01571','GC09803','GG22167','GV12411','HG31685','HK10428','HK82182','KG87634','1')  and  Id >0  and  ChipTime >'2017-04-12 22:19:00'  and  ChipTime <='2017-04-13 00:10:00'  order by Id asc limit 0,1000
RecordCount:0
TotalCount:0
2017-07-08 22:27:42~~2017-07-08 22:27:42
TotalCost:00:00.1170
Sql:SELECT * FROM mylaps.tri_times_sorted where 1 and  Chip in ('FF84300','FK94070','FT01571','GC09803','GG22167','GV12411','HG31685','HK10428','HK82182','KG87634','1')  and  Id >0  and  ChipTime >'2017-04-12 22:19:00'  and  ChipTime <='2017-04-13 00:10:00'  order by Id asc limit 0,1000
RecordCount:0
TotalCount:0
2017-07-08 22:28:09~~2017-07-08 22:28:09
TotalCost:00:00.1102
Sql:SELECT * FROM mylaps.tri_times_sorted where 1 and  Chip in ('FF84300','FK94070','FT01571','GC09803','GG22167','GV12411','HG31685','HK10428','HK82182','KG87634','1')  and  Id >0  and  ChipTime >'2017-04-12 22:19:00'  and  ChipTime <='2017-04-13 00:10:00'  order by Id asc limit 0,1000
RecordCount:0
TotalCount:0
2017-07-08 22:28:56~~2017-07-08 22:28:56
TotalCost:00:00.1043
Sql:SELECT * FROM mylaps.tri_times_sorted where 1 and  Chip in ('FF84300','FK94070','FT01571','GC09803','GG22167','GV12411','HG31685','HK10428','HK82182','KG87634','1')  and  Id >0  and  ChipTime >'2017-04-12 22:19:00'  and  ChipTime <='2017-04-13 00:10:00'  order by Id asc limit 0,1000
RecordCount:0
TotalCount:0
2017-07-08 22:28:58~~2017-07-08 22:28:58
TotalCost:00:00.1258
Sql:SELECT * FROM mylaps.tri_times_sorted where 1 and  Chip in ('FF84300','FK94070','FT01571','GC09803','GG22167','GV12411','HG31685','HK10428','HK82182','KG87634','1')  and  Id >0  and  ChipTime >'2017-04-12 22:19:00'  and  ChipTime <='2017-04-13 00:10:00'  order by Id asc limit 0,1000
RecordCount:0
TotalCount:0
2017-07-08 22:29:13~~2017-07-08 22:29:14
TotalCost:00:00.1092
Sql:SELECT * FROM mylaps.tri_times_sorted where 1 and  Chip in ('FF84300','FK94070','FT01571','GC09803','GG22167','GV12411','HG31685','HK10428','HK82182','KG87634','1')  and  Id >0  and  ChipTime >'2017-04-12 22:19:00'  and  ChipTime <='2017-04-13 00:10:00'  order by Id asc limit 0,1000
RecordCount:0
TotalCount:0
2017-07-08 22:29:42~~2017-07-08 22:29:42
TotalCost:00:00.1099
Sql:SELECT * FROM mylaps.tri_times_sorted where 1 and  Chip in ('FF84300','FK94070','FT01571','GC09803','GG22167','GV12411','HG31685','HK10428','HK82182','KG87634','1')  and  Id >0  and  ChipTime >'2017-04-12 22:19:00'  and  ChipTime <='2017-04-13 00:10:00'  order by Id asc limit 0,1000
RecordCount:0
TotalCount:0
2017-07-08 22:29:45~~2017-07-08 22:29:45
TotalCost:00:00.1237
Sql:SELECT * FROM mylaps.tri_times_sorted where 1 and  Chip in ('FF84300','FK94070','FT01571','GC09803','GG22167','GV12411','HG31685','HK10428','HK82182','KG87634','1')  and  Id >0  and  ChipTime >'2017-04-12 22:19:00'  and  ChipTime <='2017-04-13 00:10:00'  order by Id asc limit 0,1000
RecordCount:0
TotalCount:0
2017-07-08 22:30:42~~2017-07-08 22:30:42
TotalCost:00:00.1188
Sql:SELECT * FROM mylaps.tri_times_sorted where 1 and  Chip in ('FF84300','FK94070','FT01571','GC09803','GG22167','GV12411','HG31685','HK10428','HK82182','KG87634','1')  and  Id >0  and  ChipTime >'2017-04-12 22:19:00'  and  ChipTime <='2017-04-13 00:10:00'  order by Id asc limit 0,1000
RecordCount:0
TotalCount:0
2017-07-08 22:32:15~~2017-07-08 22:32:15
TotalCost:00:00.1065
Sql:SELECT * FROM mylaps.tri_times_sorted where 1 and  Chip in ('FF84300','FK94070','FT01571','GC09803','GG22167','GV12411','HG31685','HK10428','HK82182','KG87634','1')  and  Id >0  and  ChipTime >'2017-04-12 22:19:00'  and  ChipTime <='2017-04-13 00:10:00'  order by Id asc limit 0,1000
RecordCount:0
TotalCount:0
2017-07-08 22:32:31~~2017-07-08 22:32:32
TotalCost:00:00.1147
Sql:SELECT * FROM mylaps.tri_times_sorted where 1 and  Chip in ('FF84300','FK94070','FT01571','GC09803','GG22167','GV12411','HG31685','HK10428','HK82182','KG87634','1')  and  Id >0  and  ChipTime >'2017-04-12 22:19:00'  and  ChipTime <='2017-04-13 00:10:00'  order by Id asc limit 0,1000
RecordCount:0
TotalCount:0
2017-07-08 22:32:45~~2017-07-08 22:32:45
TotalCost:00:00.2049
Sql:SELECT * FROM mylaps.tri_times_sorted where 1 and  Chip in ('1')  and  Id >0  and  ChipTime >'2017-04-12 22:19:00'  and  ChipTime <='2017-04-13 00:10:00'  order by Id asc limit 0,1000
RecordCount:0
TotalCount:0
2017-07-08 22:33:38~~2017-07-08 22:33:38
TotalCost:00:00.1077
Sql:SELECT * FROM mylaps.tri_times_sorted where 1 and  Chip in ('1')  and  Id >0  and  ChipTime >'2017-04-12 22:19:00'  and  ChipTime <='2017-04-13 00:10:00'  order by Id asc limit 0,1000
RecordCount:0
TotalCount:0
2017-07-08 22:36:25~~2017-07-08 22:36:25
TotalCost:00:00.1192
Sql:SELECT * FROM mylaps.tri_times_sorted where 1 and  Chip in (0)  and  Id >0  and  ChipTime >'2017-04-12 22:19:00'  and  ChipTime <='2017-04-13 00:10:00'  order by Id asc limit 0,1000
RecordCount:0
TotalCount:0
2017-07-08 22:36:45~~2017-07-08 22:36:45
TotalCost:00:00.1378
Sql:SELECT * FROM mylaps.tri_times_sorted where 1 and  Chip in (0)  and  Id >0  and  ChipTime >'2017-04-12 22:19:00'  and  ChipTime <='2017-04-13 00:10:00'  order by Id asc limit 0,1000
RecordCount:0
TotalCount:0
2017-07-08 22:37:17~~2017-07-08 22:37:17
TotalCost:00:00.1130
Sql:SELECT * FROM mylaps.tri_times_sorted where 1 and  Chip in (0)  and  Id >0  and  ChipTime >'2017-04-12 22:19:00'  and  ChipTime <='2017-04-13 00:10:00'  order by Id asc limit 0,1000
RecordCount:0
TotalCount:0
2017-07-08 22:37:28~~2017-07-08 22:37:28
TotalCost:00:00.1053
Sql:SELECT * FROM mylaps.tri_times_sorted where 1 and  Chip in ('FF84300','FK94070','FT01571','GC09803','GG22167','GV12411','HG31685','HK10428','HK82182','KG87634')  and  Id >0  and  ChipTime >'2017-04-12 22:19:00'  and  ChipTime <='2017-04-13 00:10:00'  order by Id asc limit 0,1000
RecordCount:0
TotalCount:0
2017-07-08 22:37:49~~2017-07-08 22:37:49
TotalCost:00:00.1151
Sql:SELECT * FROM mylaps.tri_times_sorted where 1 and  Chip in ('FF84300','FK94070','FT01571','GC09803','GG22167','GV12411','HG31685','HK10428','HK82182','KG87634')  and  Id >0  and  ChipTime >'2017-04-12 22:19:00'  and  ChipTime <='2017-04-13 00:10:00'  order by Id asc limit 0,1000
RecordCount:0
TotalCount:0
2017-07-08 22:38:27~~2017-07-08 22:38:27
TotalCost:00:00.1002
Sql:SELECT * FROM mylaps.tri_times_sorted where 1 and  Chip in ('FF84300','FK94070','FT01571','GC09803','GG22167','GV12411','HG31685','HK10428','HK82182','KG87634')  and  Id >0  and  ChipTime >'2017-04-12 22:19:00'  and  ChipTime <='2017-04-13 00:10:00'  order by Id asc limit 0,1000
RecordCount:0
TotalCount:0
2017-07-08 22:38:37~~2017-07-08 22:38:37
TotalCost:00:00.1506
Sql:SELECT * FROM mylaps.tri_times_sorted where 1 and  Chip in ('FF84300','FK94070','FT01571','GC09803','GG22167','GV12411','HG31685','HK10428','HK82182','KG87634')  and  Id >0  and  ChipTime >'2017-04-12 22:19:00'  and  ChipTime <='2017-04-13 00:10:00'  order by Id asc limit 0,1000
RecordCount:0
TotalCount:0
2017-07-08 22:38:38~~2017-07-08 22:38:39
TotalCost:00:00.1422
Sql:SELECT * FROM mylaps.tri_times_sorted where 1 and  Chip in ('FF84300','FK94070','FT01571','GC09803','GG22167','GV12411','HG31685','HK10428','HK82182','KG87634')  and  Id >0  and  ChipTime >'2017-04-12 22:19:00'  and  ChipTime <='2017-04-13 00:10:00'  order by Id asc limit 0,1000
RecordCount:0
TotalCount:0
2017-07-08 22:39:13~~2017-07-08 22:39:13
TotalCost:00:00.1254
Sql:SELECT * FROM mylaps.tri_times_sorted where 1 and  Chip in ('FF84300','FK94070','FT01571','GC09803','GG22167','GV12411','HG31685','HK10428','HK82182','KG87634')  and  Id >0  and  ChipTime >'2017-04-12 14:19:00'  and  ChipTime <='2017-04-12 16:10:00'  order by Id asc limit 0,1000
RecordCount:90
TotalCount:90
2017-07-08 22:42:23~~2017-07-08 22:42:23
TotalCost:00:00.1373
Sql:SELECT * FROM mylaps.tri_times_sorted where 1 and  Chip in ('FF84300','FK94070','FT01571','GC09803','GG22167','GV12411','HG31685','HK10428','HK82182','KG87634')  and  Id >0  and  ChipTime >'2017-04-12 14:19:00'  and  ChipTime <='2017-04-12 16:10:00'  order by Id asc limit 0,1000
RecordCount:90
TotalCount:90
2017-07-08 22:44:20~~2017-07-08 22:44:22
TotalCost:00:01.7858
Sql:SELECT * FROM mylaps.tri_times_sorted where 1 and  Chip in ('FF84300','FK94070','FT01571','GC09803','GG22167','GV12411','HG31685','HK10428','HK82182','KG87634')  and  Id >0  and  ChipTime >'2017-04-12 14:19:00'  and  ChipTime <='2017-04-12 16:10:00'  order by Id asc limit 0,1000
RecordCount:90
TotalCount:90
2017-07-08 22:45:15~~2017-07-08 22:45:17
TotalCost:00:01.5222
Sql:SELECT * FROM mylaps.tri_times_sorted where 1 and  Chip in ('FF84300','FK94070','FT01571','GC09803','GG22167','GV12411','HG31685','HK10428','HK82182','KG87634')  and  Id >0  and  ChipTime >'2017-04-12 14:19:00'  and  ChipTime <='2017-04-12 16:10:00'  order by Id asc limit 0,10
RecordCount:10
Sql:SELECT * FROM mylaps.tri_times_sorted where 1 and  Chip in ('FF84300','FK94070','FT01571','GC09803','GG22167','GV12411','HG31685','HK10428','HK82182','KG87634')  and  Id >10  and  ChipTime >'2017-04-12 14:19:00'  and  ChipTime <='2017-04-12 16:10:00'  order by Id asc limit 0,10
RecordCount:10
Sql:SELECT * FROM mylaps.tri_times_sorted where 1 and  Chip in ('FF84300','FK94070','FT01571','GC09803','GG22167','GV12411','HG31685','HK10428','HK82182','KG87634')  and  Id >20  and  ChipTime >'2017-04-12 14:19:00'  and  ChipTime <='2017-04-12 16:10:00'  order by Id asc limit 0,10
RecordCount:10
Sql:SELECT * FROM mylaps.tri_times_sorted where 1 and  Chip in ('FF84300','FK94070','FT01571','GC09803','GG22167','GV12411','HG31685','HK10428','HK82182','KG87634')  and  Id >30  and  ChipTime >'2017-04-12 14:19:00'  and  ChipTime <='2017-04-12 16:10:00'  order by Id asc limit 0,10
RecordCount:10
Sql:SELECT * FROM mylaps.tri_times_sorted where 1 and  Chip in ('FF84300','FK94070','FT01571','GC09803','GG22167','GV12411','HG31685','HK10428','HK82182','KG87634')  and  Id >40  and  ChipTime >'2017-04-12 14:19:00'  and  ChipTime <='2017-04-12 16:10:00'  order by Id asc limit 0,10
RecordCount:10
Sql:SELECT * FROM mylaps.tri_times_sorted where 1 and  Chip in ('FF84300','FK94070','FT01571','GC09803','GG22167','GV12411','HG31685','HK10428','HK82182','KG87634')  and  Id >50  and  ChipTime >'2017-04-12 14:19:00'  and  ChipTime <='2017-04-12 16:10:00'  order by Id asc limit 0,10
RecordCount:10
Sql:SELECT * FROM mylaps.tri_times_sorted where 1 and  Chip in ('FF84300','FK94070','FT01571','GC09803','GG22167','GV12411','HG31685','HK10428','HK82182','KG87634')  and  Id >60  and  ChipTime >'2017-04-12 14:19:00'  and  ChipTime <='2017-04-12 16:10:00'  order by Id asc limit 0,10
RecordCount:10
Sql:SELECT * FROM mylaps.tri_times_sorted where 1 and  Chip in ('FF84300','FK94070','FT01571','GC09803','GG22167','GV12411','HG31685','HK10428','HK82182','KG87634')  and  Id >70  and  ChipTime >'2017-04-12 14:19:00'  and  ChipTime <='2017-04-12 16:10:00'  order by Id asc limit 0,10
RecordCount:10
Sql:SELECT * FROM mylaps.tri_times_sorted where 1 and  Chip in ('FF84300','FK94070','FT01571','GC09803','GG22167','GV12411','HG31685','HK10428','HK82182','KG87634')  and  Id >80  and  ChipTime >'2017-04-12 14:19:00'  and  ChipTime <='2017-04-12 16:10:00'  order by Id asc limit 0,10
RecordCount:10
Sql:SELECT * FROM mylaps.tri_times_sorted where 1 and  Chip in ('FF84300','FK94070','FT01571','GC09803','GG22167','GV12411','HG31685','HK10428','HK82182','KG87634')  and  Id >90  and  ChipTime >'2017-04-12 14:19:00'  and  ChipTime <='2017-04-12 16:10:00'  order by Id asc limit 0,10
RecordCount:0
TotalCount:90
2017-07-08 22:54:41~~2017-07-08 22:54:42
TotalCost:00:01.1105
Sql:SELECT * FROM mylaps.tri_times_sorted where 1 and  Chip in ('FF84300','FK94070','FT01571','GC09803','GG22167','GV12411','HG31685','HK10428','HK82182','KG87634')  and  Id >0  and  ChipTime >'2017-04-12 14:19:00'  and  ChipTime <='2017-04-12 16:10:00'  order by Id asc limit 0,10
RecordCount:10
Sql:SELECT * FROM mylaps.tri_times_sorted where 1 and  Chip in ('FF84300','FK94070','FT01571','GC09803','GG22167','GV12411','HG31685','HK10428','HK82182','KG87634')  and  Id >10  and  ChipTime >'2017-04-12 14:19:00'  and  ChipTime <='2017-04-12 16:10:00'  order by Id asc limit 0,10
RecordCount:10
Sql:SELECT * FROM mylaps.tri_times_sorted where 1 and  Chip in ('FF84300','FK94070','FT01571','GC09803','GG22167','GV12411','HG31685','HK10428','HK82182','KG87634')  and  Id >20  and  ChipTime >'2017-04-12 14:19:00'  and  ChipTime <='2017-04-12 16:10:00'  order by Id asc limit 0,10
RecordCount:10
Sql:SELECT * FROM mylaps.tri_times_sorted where 1 and  Chip in ('FF84300','FK94070','FT01571','GC09803','GG22167','GV12411','HG31685','HK10428','HK82182','KG87634')  and  Id >30  and  ChipTime >'2017-04-12 14:19:00'  and  ChipTime <='2017-04-12 16:10:00'  order by Id asc limit 0,10
RecordCount:10
Sql:SELECT * FROM mylaps.tri_times_sorted where 1 and  Chip in ('FF84300','FK94070','FT01571','GC09803','GG22167','GV12411','HG31685','HK10428','HK82182','KG87634')  and  Id >40  and  ChipTime >'2017-04-12 14:19:00'  and  ChipTime <='2017-04-12 16:10:00'  order by Id asc limit 0,10
RecordCount:10
Sql:SELECT * FROM mylaps.tri_times_sorted where 1 and  Chip in ('FF84300','FK94070','FT01571','GC09803','GG22167','GV12411','HG31685','HK10428','HK82182','KG87634')  and  Id >50  and  ChipTime >'2017-04-12 14:19:00'  and  ChipTime <='2017-04-12 16:10:00'  order by Id asc limit 0,10
RecordCount:10
Sql:SELECT * FROM mylaps.tri_times_sorted where 1 and  Chip in ('FF84300','FK94070','FT01571','GC09803','GG22167','GV12411','HG31685','HK10428','HK82182','KG87634')  and  Id >60  and  ChipTime >'2017-04-12 14:19:00'  and  ChipTime <='2017-04-12 16:10:00'  order by Id asc limit 0,10
RecordCount:10
Sql:SELECT * FROM mylaps.tri_times_sorted where 1 and  Chip in ('FF84300','FK94070','FT01571','GC09803','GG22167','GV12411','HG31685','HK10428','HK82182','KG87634')  and  Id >70  and  ChipTime >'2017-04-12 14:19:00'  and  ChipTime <='2017-04-12 16:10:00'  order by Id asc limit 0,10
RecordCount:10
Sql:SELECT * FROM mylaps.tri_times_sorted where 1 and  Chip in ('FF84300','FK94070','FT01571','GC09803','GG22167','GV12411','HG31685','HK10428','HK82182','KG87634')  and  Id >80  and  ChipTime >'2017-04-12 14:19:00'  and  ChipTime <='2017-04-12 16:10:00'  order by Id asc limit 0,10
RecordCount:10
Sql:SELECT * FROM mylaps.tri_times_sorted where 1 and  Chip in ('FF84300','FK94070','FT01571','GC09803','GG22167','GV12411','HG31685','HK10428','HK82182','KG87634')  and  Id >90  and  ChipTime >'2017-04-12 14:19:00'  and  ChipTime <='2017-04-12 16:10:00'  order by Id asc limit 0,10
RecordCount:0
TotalCount:90
2017-07-08 22:54:54~~2017-07-08 22:54:54
TotalCost:00:00.9658
