2017-11-11 21:14:45:Start To Process
2017-11-11 21:15:56:Start To Process
Sql:SELECT * FROM mylaps.20170304wg_times_sorted where 1 and  Chip in ('CC14240','CC39407','CL51649','CS10932','CS59749','CS61771','CS91831','CS93330','CZ85345','CZ85938','FC27942','FC84113','FC96564','FF16482','FF64865','FF98640','FK24463','FK26711','FK68323','FL12972','GC07869','GC12165','GC28454','GC51570','GH57904','GK69489','GK69886','GL19227','GL50528','GL73007','GT67354','GV61094','GV81590','GV98819','GW68133','HC58754','HF90419','HG45548','HK16062','HL59534','HL92331','HX72077','HZ08831','HZ50378','HZ53905','KG49348','KG78429','KH06652','KL41244','KL65673','KW70631','KX14470','KX88173','KZ47780','KZ52329','LG19560','LG41767','LG57019','LH53573','LL53840','RN54883','RP93399','RX53794')  and  Id >0  and  ChipTime >'2017-03-04 19:58:10'  and  ChipTime <='2017-03-04 20:48:00'  order by Id asc limit 0,1000
RecordCount:816
TotalCount:816
2017-11-11 21:15:56~~2017-11-11 21:16:02
TotalCost:00:05.3904
2017-11-11 21:18:14:Start To Process
2017-11-11 21:19:04:Start To Process
2017-11-11 21:19:23:Start To Process
2017-11-11 21:20:42:Start To Process
2017-11-11 21:22:42:Start To Process
2017-11-11 21:24:16:Start To Process
2017-11-11 21:24:49:Start To Process
2017-11-11 21:25:33:Start To Process
Sql:SELECT * FROM mylaps.20170304wg_times_sorted where 1 and  Chip in ('CC14240','CC39407','CL51649','CS10932','CS59749','CS61771','CS91831','CS93330','CZ85345','CZ85938','FC27942','FC84113','FC96564','FF16482','FF64865','FF98640','FK24463','FK26711','FK68323','FL12972','GC07869','GC12165','GC28454','GC51570','GH57904','GK69489','GK69886','GL19227','GL50528','GL73007','GT67354','GV61094','GV81590','GV98819','GW68133','HC58754','HF90419','HG45548','HK16062','HL59534','HL92331','HX72077','HZ08831','HZ50378','HZ53905','KG49348','KG78429','KH06652','KL41244','KL65673','KW70631','KX14470','KX88173','KZ47780','KZ52329','LG19560','LG41767','LG57019','LH53573','LL53840','RN54883','RP93399','RX53794')  and  Id >0  and  ChipTime >'2017-03-04 19:58:10'  and  ChipTime <='2017-03-04 20:48:00'  order by Id asc limit 0,1000
RecordCount:816
TotalCount:816
2017-11-11 21:25:33~~2017-11-11 21:26:02
TotalCost:00:28.9931
2017-11-11 21:26:49:Start To Process
2017-11-11 21:29:18:Start To Process
Sql:SELECT * FROM mylaps.20170304wg_times_sorted where 1 and 0 and  ChipTime >'2017-03-04 19:58:10'  and  ChipTime <='2017-03-04 20:48:00'  order by Id asc limit 0,1000
RecordCount:0
TotalCount:0
2017-11-11 21:29:19~~2017-11-11 21:29:19
TotalCost:00:00.0685
2017-11-11 21:29:24:Start To Process
Sql:SELECT * FROM mylaps.20170304wg_times_sorted where 1 and  Chip in ('CC14240','CC39407','CL51649','CS10932','CS59749','CS61771','CS91831','CS93330','CZ85345','CZ85938','FC27942','FC84113','FC96564','FF16482','FF64865','FF98640','FK24463','FK26711','FK68323','FL12972','GC07869','GC12165','GC28454','GC51570','GH57904','GK69489','GK69886','GL19227','GL50528','GL73007','GT67354','GV61094','GV81590','GV98819','GW68133','HC58754','HF90419','HG45548','HK16062','HL59534','HL92331','HX72077','HZ08831','HZ50378','HZ53905','KG49348','KG78429','KH06652','KL41244','KL65673','KW70631','KX14470','KX88173','KZ47780','KZ52329','LG19560','LG41767','LG57019','LH53573','LL53840','RN54883','RP93399','RX53794')  and  Id >0  and  ChipTime >'2017-03-04 19:58:10'  and  ChipTime <='2017-03-04 20:48:00'  order by Id asc limit 0,1000
RecordCount:816
TotalCount:816
2017-11-11 21:29:24~~2017-11-11 21:29:50
TotalCost:00:26.2114
2017-11-11 21:32:45:Start To Process
Sql:SELECT * FROM mylaps.20170304wg_times_sorted where 1 and  Chip in ('CC14240','CC39407','CL51649','CS10932','CS59749','CS61771','CS91831','CS93330','CZ85345','CZ85938','FC27942','FC84113','FC96564','FF16482','FF64865','FF98640','FK24463','FK26711','FK68323','FL12972','GC07869','GC12165','GC28454','GC51570','GH57904','GK69489','GK69886','GL19227','GL50528','GL73007','GT67354','GV61094','GV81590','GV98819','GW68133','HC58754','HF90419','HG45548','HK16062','HL59534','HL92331','HX72077','HZ08831','HZ50378','HZ53905','KG49348','KG78429','KH06652','KL41244','KL65673','KW70631','KX14470','KX88173','KZ47780','KZ52329','LG19560','LG41767','LG57019','LH53573','LL53840','RN54883','RP93399','RX53794')  and  Id >0  and  ChipTime >'2017-03-04 19:58:10'  and  ChipTime <='2017-03-04 20:48:00'  order by Id asc limit 0,1000
RecordCount:816
TotalCount:816
2017-11-11 21:32:45~~2017-11-11 21:33:19
TotalCost:00:33.9458
2017-11-11 21:35:58:Start To Process
Sql:SELECT * FROM mylaps.20170304wg_times_sorted where 1 and  Chip in ('CC14240','CC39407','CL51649','CS10932','CS59749','CS61771','CS91831','CS93330','CZ85345','CZ85938','FC27942','FC84113','FC96564','FF16482','FF64865','FF98640','FK24463','FK26711','FK68323','FL12972','GC07869','GC12165','GC28454','GC51570','GH57904','GK69489','GK69886','GL19227','GL50528','GL73007','GT67354','GV61094','GV81590','GV98819','GW68133','HC58754','HF90419','HG45548','HK16062','HL59534','HL92331','HX72077','HZ08831','HZ50378','HZ53905','KG49348','KG78429','KH06652','KL41244','KL65673','KW70631','KX14470','KX88173','KZ47780','KZ52329','LG19560','LG41767','LG57019','LH53573','LL53840','RN54883','RP93399','RX53794')  and  Id >0  and  ChipTime >'2017-03-04 19:58:10'  and  ChipTime <='2017-03-04 20:48:00'  order by Id asc limit 0,1000
RecordCount:816
TotalCount:816
2017-11-11 21:35:58~~2017-11-11 21:36:28
TotalCost:00:29.6663
2017-11-11 21:58:30:Start To Process
Sql:SELECT * FROM mylaps.20170304wg_times_sorted where 1 and  Chip in ('CC14240','CC39407','CL51649','CS10932','CS59749','CS61771','CS91831','CS93330','CZ85345','CZ85938','FC27942','FC84113','FC96564','FF16482','FF64865','FF98640','FK24463','FK26711','FK68323','FL12972','GC07869','GC12165','GC28454','GC51570','GH57904','GK69489','GK69886','GL19227','GL50528','GL73007','GT67354','GV61094','GV81590','GV98819','GW68133','HC58754','HF90419','HG45548','HK16062','HL59534','HL92331','HX72077','HZ08831','HZ50378','HZ53905','KG49348','KG78429','KH06652','KL41244','KL65673','KW70631','KX14470','KX88173','KZ47780','KZ52329','LG19560','LG41767','LG57019','LH53573','LL53840','RN54883','RP93399','RX53794')  and  Id >0  and  ChipTime >'2017-03-04 19:58:10'  and  ChipTime <='2017-03-04 20:48:00'  order by Id asc limit 0,1000
RecordCount:816
TotalCount:816
2017-11-11 21:58:30~~2017-11-11 21:58:46
TotalCost:00:15.3100
2017-11-11 22:00:30:Start To Process
Sql:SELECT * FROM mylaps.20170304wg_times_sorted where 1 and  Chip in ('CC14240','CC39407','CL51649','CS10932','CS59749','CS61771','CS91831','CS93330','CZ85345','CZ85938','FC27942','FC84113','FC96564','FF16482','FF64865','FF98640','FK24463','FK26711','FK68323','FL12972','GC07869','GC12165','GC28454','GC51570','GH57904','GK69489','GK69886','GL19227','GL50528','GL73007','GT67354','GV61094','GV81590','GV98819','GW68133','HC58754','HF90419','HG45548','HK16062','HL59534','HL92331','HX72077','HZ08831','HZ50378','HZ53905','KG49348','KG78429','KH06652','KL41244','KL65673','KW70631','KX14470','KX88173','KZ47780','KZ52329','LG19560','LG41767','LG57019','LH53573','LL53840','RN54883','RP93399','RX53794')  and  Id >0  and  ChipTime >'2017-03-04 19:58:10'  and  ChipTime <='2017-03-04 20:48:00'  order by Id asc limit 0,1000
RecordCount:816
TotalCount:816
2017-11-11 22:00:30~~2017-11-11 22:01:01
TotalCost:00:30.4350
2017-11-11 22:03:32:Start To Process
Sql:SELECT * FROM mylaps.20170304wg_times_sorted where 1 and  Chip in ('CC14240','CC39407','CL51649','CS10932','CS59749','CS61771','CS91831','CS93330','CZ85345','CZ85938','FC27942','FC84113','FC96564','FF16482','FF64865','FF98640','FK24463','FK26711','FK68323','FL12972','GC07869','GC12165','GC28454','GC51570','GH57904','GK69489','GK69886','GL19227','GL50528','GL73007','GT67354','GV61094','GV81590','GV98819','GW68133','HC58754','HF90419','HG45548','HK16062','HL59534','HL92331','HX72077','HZ08831','HZ50378','HZ53905','KG49348','KG78429','KH06652','KL41244','KL65673','KW70631','KX14470','KX88173','KZ47780','KZ52329','LG19560','LG41767','LG57019','LH53573','LL53840','RN54883','RP93399','RX53794')  and  Id >0  and  ChipTime >'2017-03-04 19:50:10'  and  ChipTime <='2017-03-04 20:48:00'  order by Id asc limit 0,1000
RecordCount:817
TotalCount:817
2017-11-11 22:03:32~~2017-11-11 22:03:40
TotalCost:00:07.9145
2017-11-11 22:05:04:Start To Process
Sql:SELECT * FROM mylaps.20170304wg_times_sorted where 1 and  Chip in ('CC14240','CC39407','CL51649','CS10932','CS59749','CS61771','CS91831','CS93330','CZ85345','CZ85938','FC27942','FC84113','FC96564','FF16482','FF64865','FF98640','FK24463','FK26711','FK68323','FL12972','GC07869','GC12165','GC28454','GC51570','GH57904','GK69489','GK69886','GL19227','GL50528','GL73007','GT67354','GV61094','GV81590','GV98819','GW68133','HC58754','HF90419','HG45548','HK16062','HL59534','HL92331','HX72077','HZ08831','HZ50378','HZ53905','KG49348','KG78429','KH06652','KL41244','KL65673','KW70631','KX14470','KX88173','KZ47780','KZ52329','LG19560','LG41767','LG57019','LH53573','LL53840','RN54883','RP93399','RX53794')  and  Id >0  and  ChipTime >'2017-03-04 19:50:10'  and  ChipTime <='2017-03-04 20:48:00'  order by Id asc limit 0,1000
RecordCount:817
TotalCount:817
2017-11-11 22:05:04~~2017-11-11 22:05:22
TotalCost:00:18.5265
2017-11-11 22:08:55:Start To Process
Sql:SELECT * FROM mylaps.20170304wg_times_sorted where 1 and  Chip in ('CC14240','CC39407','CL51649','CS10932','CS59749','CS61771','CS91831','CS93330','CZ85345','CZ85938','FC27942','FC84113','FC96564','FF16482','FF64865','FF98640','FK24463','FK26711','FK68323','FL12972','GC07869','GC12165','GC28454','GC51570','GH57904','GK69489','GK69886','GL19227','GL50528','GL73007','GT67354','GV61094','GV81590','GV98819','GW68133','HC58754','HF90419','HG45548','HK16062','HL59534','HL92331','HX72077','HZ08831','HZ50378','HZ53905','KG49348','KG78429','KH06652','KL41244','KL65673','KW70631','KX14470','KX88173','KZ47780','KZ52329','LG19560','LG41767','LG57019','LH53573','LL53840','RN54883','RP93399','RX53794')  and  Id >0  and  ChipTime >'2017-03-04 19:50:10'  and  ChipTime <='2017-03-04 20:48:00'  order by Id asc limit 0,1000
RecordCount:817
TotalCount:817
2017-11-11 22:08:55~~2017-11-11 22:09:45
TotalCost:00:50.3281
