RaceId:124
Sql:SELECT * FROM mylaps.20170304wg_times_sorted where 1 and  Chip in ('FS43924','GC23159','PX14904','CL48576','CL47758','LR24738','FG11837','FG07856','GT59454','FG85319','KZ01361','HG92155','FK06673','FK59346','CZ28305','GK85644','HH87332','RP06005','GH09729','LL42480','PV73073','HF49107','FF06287','GG81627','FK77010','GL56279','FS78741','GS99472','KX92596','GW63847','KN95112','GL72342','LF86880','GV87438','HF53557')  and  Id >0  and  ChipTime >'2017-03-04 16:56:03'  and  ChipTime <='2017-03-04 17:30:00'  order by Id asc limit 0,1000
RecordCount:168
TotalCount:168
2017-03-13 10:38:37~~2017-03-13 10:38:37
TotalCost:00:00.8532
RaceId:124
Sql:SELECT * FROM mylaps.20170304wg_times_sorted where 1 and  Chip in ('FS43924','GC23159','PX14904','CL48576','CL47758','LR24738','FG11837','FG07856','GT59454','FG85319','KZ01361','HG92155','FK06673','FK59346','CZ28305','GK85644','HH87332','RP06005','GH09729','LL42480','PV73073','HF49107','FF06287','GG81627','FK77010','GL56279','FS78741','GS99472','KX92596','GW63847','KN95112','GL72342','LF86880','GV87438','HF53557')  and  Id >0  and  ChipTime >'2017-03-04 16:56:03'  and  ChipTime <='2017-03-04 17:30:00'  order by Id asc limit 0,1000
RecordCount:168
TotalCount:168
2017-03-13 10:40:37~~2017-03-13 10:40:39
TotalCost:00:01.6200
RaceId:124
Sql:SELECT * FROM mylaps.20170304wg_times_sorted where 1 and  Chip in ('FS43924','GC23159','PX14904','CL48576','CL47758','LR24738','FG11837','FG07856','GT59454','FG85319','KZ01361','HG92155','FK06673','FK59346','CZ28305','GK85644','HH87332','RP06005','GH09729','LL42480','PV73073','HF49107','FF06287','GG81627','FK77010','GL56279','FS78741','GS99472','KX92596','GW63847','KN95112','GL72342','LF86880','GV87438','HF53557')  and  Id >0  and  ChipTime >'2017-03-04 16:56:03'  and  ChipTime <='2017-03-04 17:30:00'  order by Id asc limit 0,1000
RecordCount:168
TotalCount:168
2017-03-13 10:41:16~~2017-03-13 10:41:18
TotalCost:00:02.0779
RaceId:124
Sql:SELECT * FROM mylaps.20170304wg_times_sorted where 1 and  Chip in ('FS43924','GC23159','PX14904','CL48576','CL47758','LR24738','FG11837','FG07856','GT59454','FG85319','KZ01361','HG92155','FK06673','FK59346','CZ28305','GK85644','HH87332','RP06005','GH09729','LL42480','PV73073','HF49107','FF06287','GG81627','FK77010','GL56279','FS78741','GS99472','KX92596','GW63847','KN95112','GL72342','LF86880','GV87438','HF53557')  and  Id >0  and  ChipTime >'2017-03-04 16:56:03'  and  ChipTime <='2017-03-04 17:30:00'  order by Id asc limit 0,1000
RecordCount:168
TotalCount:168
2017-03-13 10:43:25~~2017-03-13 10:43:27
TotalCost:00:01.6963
RaceId:124
Sql:SELECT * FROM mylaps.20170304wg_times_sorted where 1 and  Chip in ('FS43924','GC23159','PX14904','CL48576','CL47758','LR24738','FG11837','FG07856','GT59454','FG85319','KZ01361','HG92155','FK06673','FK59346','CZ28305','GK85644','HH87332','RP06005','GH09729','LL42480','PV73073','HF49107','FF06287','GG81627','FK77010','GL56279','FS78741','GS99472','KX92596','GW63847','KN95112','GL72342','LF86880','GV87438','HF53557')  and  Id >0  and  ChipTime >'2017-03-04 16:56:03'  and  ChipTime <='2017-03-04 17:30:00'  order by Id asc limit 0,1000
RecordCount:168
TotalCount:168
2017-03-13 10:44:59~~2017-03-13 10:45:01
TotalCost:00:02.0935
RaceId:124
Sql:SELECT * FROM mylaps.20170304wg_times_sorted where 1 and  Chip in ('FS43924','GC23159','PX14904','CL48576','CL47758','LR24738','FG11837','FG07856','GT59454','FG85319','KZ01361','HG92155','FK06673','FK59346','CZ28305','GK85644','HH87332','RP06005','GH09729','LL42480','PV73073','HF49107','FF06287','GG81627','FK77010','GL56279','FS78741','GS99472','KX92596','GW63847','KN95112','GL72342','LF86880','GV87438','HF53557')  and  Id >0  and  ChipTime >'2017-03-04 16:56:03'  and  ChipTime <='2017-03-04 17:30:00'  order by Id asc limit 0,1000
RecordCount:168
TotalCount:168
2017-03-13 10:45:51~~2017-03-13 10:45:52
TotalCost:00:01.6076
RaceId:124
Sql:SELECT * FROM mylaps.20170304wg_times_sorted where 1 and  Chip in ('FS43924','GC23159','PX14904','CL48576','CL47758','LR24738','FG11837','FG07856','GT59454','FG85319','KZ01361','HG92155','FK06673','FK59346','CZ28305','GK85644','HH87332','RP06005','GH09729','LL42480','PV73073','HF49107','FF06287','GG81627','FK77010','GL56279','FS78741','GS99472','KX92596','GW63847','KN95112','GL72342','LF86880','GV87438','HF53557')  and  Id >0  and  ChipTime >'2017-03-04 16:56:03'  and  ChipTime <='2017-03-04 17:30:00'  order by Id asc limit 0,1000
RecordCount:168
TotalCount:168
2017-03-13 10:48:12~~2017-03-13 10:48:13
TotalCost:00:01.7867
RaceId:124
Sql:SELECT * FROM mylaps.20170304wg_times_sorted where 1 and  Chip in ('FS43924','GC23159','PX14904','CL48576','CL47758','LR24738','FG11837','FG07856','GT59454','FG85319','KZ01361','HG92155','FK06673','FK59346','CZ28305','GK85644','HH87332','RP06005','GH09729','LL42480','PV73073','HF49107','FF06287','GG81627','FK77010','GL56279','FS78741','GS99472','KX92596','GW63847','KN95112','GL72342','LF86880','GV87438','HF53557')  and  Id >0  and  ChipTime >'2017-03-04 16:56:03'  and  ChipTime <='2017-03-04 17:30:00'  order by Id asc limit 0,1000
RecordCount:168
TotalCount:168
2017-03-13 10:49:51~~2017-03-13 10:49:53
TotalCost:00:01.7531
RaceId:124
Sql:SELECT * FROM mylaps.20170304wg_times_sorted where 1 and  Chip in ('FS43924','GC23159','PX14904','CL48576','CL47758','LR24738','FG11837','FG07856','GT59454','FG85319','KZ01361','HG92155','FK06673','FK59346','CZ28305','GK85644','HH87332','RP06005','GH09729','LL42480','PV73073','HF49107','FF06287','GG81627','FK77010','GL56279','FS78741','GS99472','KX92596','GW63847','KN95112','GL72342','LF86880','GV87438','HF53557')  and  Id >0  and  ChipTime >'2017-03-04 16:56:03'  and  ChipTime <='2017-03-04 17:30:00'  order by Id asc limit 0,1000
RecordCount:168
TotalCount:168
2017-03-13 10:51:00~~2017-03-13 10:51:02
TotalCost:00:01.8163
RaceId:124
Sql:SELECT * FROM mylaps.20170304wg_times_sorted where 1 and  Chip in ('FS43924','GC23159','PX14904','CL48576','CL47758','LR24738','FG11837','FG07856','GT59454','FG85319','KZ01361','HG92155','FK06673','FK59346','CZ28305','GK85644','HH87332','RP06005','GH09729','LL42480','PV73073','HF49107','FF06287','GG81627','FK77010','GL56279','FS78741','GS99472','KX92596','GW63847','KN95112','GL72342','LF86880','GV87438','HF53557')  and  Id >0  and  ChipTime >'2017-03-04 16:56:03'  and  ChipTime <='2017-03-04 17:30:00'  order by Id asc limit 0,1000
RecordCount:168
TotalCount:168
2017-03-13 10:52:27~~2017-03-13 10:52:29
TotalCost:00:01.7454
RaceId:124
Sql:SELECT * FROM mylaps.20170304wg_times_sorted where 1 and  Chip in ('FS43924','GC23159','PX14904','CL48576','CL47758','LR24738','FG11837','FG07856','GT59454','FG85319','KZ01361','HG92155','FK06673','FK59346','CZ28305','GK85644','HH87332','RP06005','GH09729','LL42480','PV73073','HF49107','FF06287','GG81627','FK77010','GL56279','FS78741','GS99472','KX92596','GW63847','KN95112','GL72342','LF86880','GV87438','HF53557')  and  Id >0  and  ChipTime >'2017-03-04 16:56:03'  and  ChipTime <='2017-03-04 17:30:00'  order by Id asc limit 0,1000
RecordCount:168
TotalCount:168
2017-03-13 10:53:08~~2017-03-13 10:53:10
TotalCost:00:01.9799
RaceId:124
Sql:SELECT * FROM mylaps.20170304wg_times_sorted where 1 and  Chip in ('FS43924','GC23159','PX14904','CL48576','CL47758','LR24738','FG11837','FG07856','GT59454','FG85319','KZ01361','HG92155','FK06673','FK59346','CZ28305','GK85644','HH87332','RP06005','GH09729','LL42480','PV73073','HF49107','FF06287','GG81627','FK77010','GL56279','FS78741','GS99472','KX92596','GW63847','KN95112','GL72342','LF86880','GV87438','HF53557')  and  Id >0  and  ChipTime >'2017-03-04 16:56:03'  and  ChipTime <='2017-03-04 17:30:00'  order by Id asc limit 0,1000
RecordCount:168
TotalCount:168
2017-03-13 10:53:50~~2017-03-13 10:53:51
TotalCost:00:00.9731
RaceId:124
Sql:SELECT * FROM mylaps.20170304wg_times_sorted where 1 and  Chip in ('FS43924','GC23159','PX14904','CL48576','CL47758','LR24738','FG11837','FG07856','GT59454','FG85319','KZ01361','HG92155','FK06673','FK59346','CZ28305','GK85644','HH87332','RP06005','GH09729','LL42480','PV73073','HF49107','FF06287','GG81627','FK77010','GL56279','FS78741','GS99472','KX92596','GW63847','KN95112','GL72342','LF86880','GV87438','HF53557')  and  Id >0  and  ChipTime >'2017-03-04 16:56:03'  and  ChipTime <='2017-03-04 17:30:00'  order by Id asc limit 0,1000
RecordCount:168
TotalCount:168
2017-03-13 10:54:51~~2017-03-13 10:54:52
TotalCost:00:00.4964
RaceId:124
Sql:SELECT * FROM mylaps.20170304wg_times_sorted where 1 and  Chip in ('FS43924','GC23159','PX14904','CL48576','CL47758','LR24738','FG11837','FG07856','GT59454','FG85319','KZ01361','HG92155','FK06673','FK59346','CZ28305','GK85644','HH87332','RP06005','GH09729','LL42480','PV73073','HF49107','FF06287','GG81627','FK77010','GL56279','FS78741','GS99472','KX92596','GW63847','KN95112','GL72342','LF86880','GV87438','HF53557')  and  Id >0  and  ChipTime >'2017-03-04 16:56:03'  and  ChipTime <='2017-03-04 17:30:00'  order by Id asc limit 0,1000
RecordCount:168
TotalCount:168
2017-03-13 10:55:17~~2017-03-13 10:55:18
TotalCost:00:00.4384
RaceId:124
Sql:SELECT * FROM mylaps.20170304wg_times_sorted where 1 and  Chip in ('FS43924','GC23159','PX14904','CL48576','CL47758','LR24738','FG11837','FG07856','GT59454','FG85319','KZ01361','HG92155','FK06673','FK59346','CZ28305','GK85644','HH87332','RP06005','GH09729','LL42480','PV73073','HF49107','FF06287','GG81627','FK77010','GL56279','FS78741','GS99472','KX92596','GW63847','KN95112','GL72342','LF86880','GV87438','HF53557')  and  Id >0  and  ChipTime >'2017-03-04 16:56:03'  and  ChipTime <='2017-03-04 17:30:00'  order by Id asc limit 0,1000
RecordCount:168
TotalCount:168
2017-03-13 10:58:55~~2017-03-13 10:58:55
TotalCost:00:00.4713
RaceId:124
Sql:SELECT * FROM mylaps.20170304wg_times_sorted where 1 and  Chip in ('FS43924','GC23159','PX14904','CL48576','CL47758','LR24738','FG11837','FG07856','GT59454','FG85319','KZ01361','HG92155','FK06673','FK59346','CZ28305','GK85644','HH87332','RP06005','GH09729','LL42480','PV73073','HF49107','FF06287','GG81627','FK77010','GL56279','FS78741','GS99472','KX92596','GW63847','KN95112','GL72342','LF86880','GV87438','HF53557')  and  Id >0  and  ChipTime >'2017-03-04 16:56:03'  and  ChipTime <='2017-03-04 17:30:00'  order by Id asc limit 0,1000
RecordCount:168
TotalCount:168
2017-03-13 11:00:18~~2017-03-13 11:00:20
TotalCost:00:01.5358
RaceId:124
Sql:SELECT * FROM mylaps.20170304wg_times_sorted where 1 and  Chip in ('FS43924','GC23159','PX14904','CL48576','CL47758','LR24738','FG11837','FG07856','GT59454','FG85319','KZ01361','HG92155','FK06673','FK59346','CZ28305','GK85644','HH87332','RP06005','GH09729','LL42480','PV73073','HF49107','FF06287','GG81627','FK77010','GL56279','FS78741','GS99472','KX92596','GW63847','KN95112','GL72342','LF86880','GV87438','HF53557')  and  Id >0  and  ChipTime >'2017-03-04 16:56:03'  and  ChipTime <='2017-03-04 17:30:00'  order by Id asc limit 0,1000
RecordCount:168
TotalCount:168
2017-03-13 11:12:41~~2017-03-13 11:12:43
TotalCost:00:01.2664
RaceId:124
Sql:SELECT * FROM mylaps.20170304wg_times_sorted where 1 and  Chip in ('FS43924','GC23159','PX14904','CL48576','CL47758','LR24738','FG11837','FG07856','GT59454','FG85319','KZ01361','HG92155','FK06673','FK59346','CZ28305','GK85644','HH87332','RP06005','GH09729','LL42480','PV73073','HF49107','FF06287','GG81627','FK77010','GL56279','FS78741','GS99472','KX92596','GW63847','KN95112','GL72342','LF86880','GV87438','HF53557')  and  Id >0  and  ChipTime >'2017-03-04 16:56:03'  and  ChipTime <='2017-03-04 17:30:00'  order by Id asc limit 0,1000
RecordCount:168
TotalCount:168
2017-03-13 11:14:35~~2017-03-13 11:14:36
TotalCost:00:01.0641
RaceId:124
Sql:SELECT * FROM mylaps.20170304wg_times_sorted where 1 and  Chip in ('FS43924','GC23159','PX14904','CL48576','CL47758','LR24738','FG11837','FG07856','GT59454','FG85319','KZ01361','HG92155','FK06673','FK59346','CZ28305','GK85644','HH87332','RP06005','GH09729','LL42480','PV73073','HF49107','FF06287','GG81627','FK77010','GL56279','FS78741','GS99472','KX92596','GW63847','KN95112','GL72342','LF86880','GV87438','HF53557')  and  Id >0  and  ChipTime >'2017-03-04 16:56:03'  and  ChipTime <='2017-03-04 17:30:00'  order by Id asc limit 0,1000
RecordCount:168
TotalCount:168
2017-03-13 11:15:47~~2017-03-13 11:15:48
TotalCost:00:01.5173
RaceId:124
Sql:SELECT * FROM mylaps.20170304wg_times_sorted where 1 and  Chip in ('FS43924','GC23159','PX14904','CL48576','CL47758','LR24738','FG11837','FG07856','GT59454','FG85319','KZ01361','HG92155','FK06673','FK59346','CZ28305','GK85644','HH87332','RP06005','GH09729','LL42480','PV73073','HF49107','FF06287','GG81627','FK77010','GL56279','FS78741','GS99472','KX92596','GW63847','KN95112','GL72342','LF86880','GV87438','HF53557')  and  Id >0  and  ChipTime >'2017-03-04 16:56:03'  and  ChipTime <='2017-03-04 17:30:00'  order by Id asc limit 0,1000
RecordCount:168
TotalCount:168
2017-03-13 11:17:14~~2017-03-13 11:17:15
TotalCost:00:01.6034
RaceId:124
Sql:SELECT * FROM mylaps.20170304wg_times_sorted where 1 and  Chip in ('FS43924','GC23159','PX14904','CL48576','CL47758','LR24738','FG11837','FG07856','GT59454','FG85319','KZ01361','HG92155','FK06673','FK59346','CZ28305','GK85644','HH87332','RP06005','GH09729','LL42480','PV73073','HF49107','FF06287','GG81627','FK77010','GL56279','FS78741','GS99472','KX92596','GW63847','KN95112','GL72342','LF86880','GV87438','HF53557')  and  Id >0  and  ChipTime >'2017-03-04 16:56:03'  and  ChipTime <='2017-03-04 17:30:00'  order by Id asc limit 0,1000
RecordCount:168
TotalCount:168
2017-03-13 11:17:48~~2017-03-13 11:17:49
TotalCost:00:01.4294
