2017-10-09 10:16:00:Start To Process
Sql:SELECT * FROM mylaps.20170304wg_times_sorted where 1 and  Chip in ('GC28454','HC58754','KL41244','GK69489','FK68323','GT67354','CS91831','KH06652','KL65673','RP93399','LG57019','GC12165','CS93330','FL12972','FK26711','CC39407','CS59749','LL53840','KZ52329','KX14470','GC51570','HK16062','LH53573','KG78429','FC27942','HZ53905','FK24463','GH57904','CZ85938','GL19227','LG19560','CC14240','RN54883','FF64865','GC07869','GV61094','HL92331','FF16482','FC96564','HF90419','HX72077','KX88173','HL59534','HZ50378','KW70631','LG41767','RX53794','GV98819','FF98640','CL51649','CS10932','KZ47780','GV81590','GL73007','KG49348','FC84113','GL50528','GW68133','HG45548','GK69886','HZ08831','CZ85345','CS61771')  and  Id >0  and  ChipTime >'2017-03-04 19:58:10'  and  ChipTime <='2017-03-04 20:48:00'  order by Id asc limit 0,1000
RecordCount:816
TotalCount:816
2017-10-09 10:16:00~~2017-10-09 10:16:29
TotalCost:00:28.6772
2017-10-09 10:17:28:Start To Process
Sql:SELECT * FROM mylaps.20170304wg_times_sorted where 1 and  Chip in ('GC28454','HC58754','KL41244','GK69489','FK68323','GT67354','CS91831','KH06652','KL65673','RP93399','LG57019','GC12165','CS93330','FL12972','FK26711','CC39407','CS59749','LL53840','KZ52329','KX14470','GC51570','HK16062','LH53573','KG78429','FC27942','HZ53905','FK24463','GH57904','CZ85938','GL19227','LG19560','CC14240','RN54883','FF64865','GC07869','GV61094','HL92331','FF16482','FC96564','HF90419','HX72077','KX88173','HL59534','HZ50378','KW70631','LG41767','RX53794','GV98819','FF98640','CL51649','CS10932','KZ47780','GV81590','GL73007','KG49348','FC84113','GL50528','GW68133','HG45548','GK69886','HZ08831','CZ85345','CS61771')  and  Id >0  and  ChipTime >'2017-03-04 19:58:10'  and  ChipTime <='2017-03-04 20:48:00'  order by Id asc limit 0,1000
RecordCount:816
TotalCount:816
2017-10-09 10:17:28~~2017-10-09 10:18:06
TotalCost:00:37.5155
2017-10-09 10:18:44:Start To Process
2017-10-09 10:19:52:Start To Process
Sql:SELECT * FROM mylaps.20170304wg_times_sorted where 1 and  Chip in ('GC28454','HC58754','KL41244','GK69489','FK68323','GT67354','CS91831','KH06652','KL65673','RP93399','LG57019','GC12165','CS93330','FL12972','FK26711','CC39407','CS59749','LL53840','KZ52329','KX14470','GC51570','HK16062','LH53573','KG78429','FC27942','HZ53905','FK24463','GH57904','CZ85938','GL19227','LG19560','CC14240','RN54883','FF64865','GC07869','GV61094','HL92331','FF16482','FC96564','HF90419','HX72077','KX88173','HL59534','HZ50378','KW70631','LG41767','RX53794','GV98819','FF98640','CL51649','CS10932','KZ47780','GV81590','GL73007','KG49348','FC84113','GL50528','GW68133','HG45548','GK69886','HZ08831','CZ85345','CS61771')  and  Id >0  and  ChipTime >'2017-03-04 19:58:10'  and  ChipTime <='2017-03-04 20:48:00'  order by Id asc limit 0,1000
RecordCount:816
TotalCount:816
2017-10-09 10:19:52~~2017-10-09 10:20:21
TotalCost:00:29.4202
2017-10-09 10:27:27:Start To Process
Sql:SELECT * FROM mylaps.20170304wg_times_sorted where 1 and  Chip in ('GC28454','HC58754','KL41244','GK69489','FK68323','GT67354','CS91831','KH06652','KL65673','RP93399','LG57019','GC12165','CS93330','FL12972','FK26711','CC39407','CS59749','LL53840','KZ52329','KX14470','GC51570','HK16062','LH53573','KG78429','FC27942','HZ53905','FK24463','GH57904','CZ85938','GL19227','LG19560','CC14240','RN54883','FF64865','GC07869','GV61094','HL92331','FF16482','FC96564','HF90419','HX72077','KX88173','HL59534','HZ50378','KW70631','LG41767','RX53794','GV98819','FF98640','CL51649','CS10932','KZ47780','GV81590','GL73007','KG49348','FC84113','GL50528','GW68133','HG45548','GK69886','HZ08831','CZ85345','CS61771')  and  Id >0  and  ChipTime >'2017-03-04 19:58:10'  and  ChipTime <='2017-03-04 20:48:00'  order by Id asc limit 0,1000
RecordCount:816
TotalCount:816
2017-10-09 10:27:27~~2017-10-09 10:28:02
TotalCost:00:35.6850
2017-10-09 10:28:44:Start To Process
Sql:SELECT * FROM mylaps.20170304wg_times_sorted where 1 and  Chip in ('GC28454','HC58754','KL41244','GK69489','FK68323','GT67354','CS91831','KH06652','KL65673','RP93399','LG57019','GC12165','CS93330','FL12972','FK26711','CC39407','CS59749','LL53840','KZ52329','KX14470','GC51570','HK16062','LH53573','KG78429','FC27942','HZ53905','FK24463','GH57904','CZ85938','GL19227','LG19560','CC14240','RN54883','FF64865','GC07869','GV61094','HL92331','FF16482','FC96564','HF90419','HX72077','KX88173','HL59534','HZ50378','KW70631','LG41767','RX53794','GV98819','FF98640','CL51649','CS10932','KZ47780','GV81590','GL73007','KG49348','FC84113','GL50528','GW68133','HG45548','GK69886','HZ08831','CZ85345','CS61771')  and  Id >0  and  ChipTime >'2017-03-04 19:58:10'  and  ChipTime <='2017-03-04 20:48:00'  order by Id asc limit 0,1000
RecordCount:816
TotalCount:816
2017-10-09 10:28:44~~2017-10-09 10:29:11
TotalCost:00:27.1550
2017-10-09 10:30:13:Start To Process
2017-10-09 10:30:33:Start To Process
2017-10-09 10:30:41:Start To Process
2017-10-09 10:32:07:Start To Process
Sql:SELECT * FROM mylaps.20170304wg_times_sorted where 1 and  Chip in ('GC28454','HC58754','KL41244','GK69489','FK68323','GT67354','CS91831','KH06652','KL65673','RP93399','LG57019','GC12165','CS93330','FL12972','FK26711','CC39407','CS59749','LL53840','KZ52329','KX14470','GC51570','HK16062','LH53573','KG78429','FC27942','HZ53905','FK24463','GH57904','CZ85938','GL19227','LG19560','CC14240','RN54883','FF64865','GC07869','GV61094','HL92331','FF16482','FC96564','HF90419','HX72077','KX88173','HL59534','HZ50378','KW70631','LG41767','RX53794','GV98819','FF98640','CL51649','CS10932','KZ47780','GV81590','GL73007','KG49348','FC84113','GL50528','GW68133','HG45548','GK69886','HZ08831','CZ85345','CS61771')  and  Id >0  and  ChipTime >'2017-03-04 19:58:10'  and  ChipTime <='2017-03-04 20:48:00'  order by Id asc limit 0,1000
RecordCount:816
TotalCount:816
2017-10-09 10:32:07~~2017-10-09 10:32:42
TotalCost:00:35.0225
2017-10-09 10:32:51:Start To Process
2017-10-09 10:34:24:Start To Process
2017-10-09 10:36:50:Start To Process
Sql:SELECT * FROM mylaps.20170304wg_times_sorted where 1 and  Chip in ('GC28454','HC58754','KL41244','GK69489','FK68323','GT67354','CS91831','KH06652','KL65673','RP93399','LG57019','GC12165','CS93330','FL12972','FK26711','CC39407','CS59749','LL53840','KZ52329','KX14470','GC51570','HK16062','LH53573','KG78429','FC27942','HZ53905','FK24463','GH57904','CZ85938','GL19227','LG19560','CC14240','RN54883','FF64865','GC07869','GV61094','HL92331','FF16482','FC96564','HF90419','HX72077','KX88173','HL59534','HZ50378','KW70631','LG41767','RX53794','GV98819','FF98640','CL51649','CS10932','KZ47780','GV81590','GL73007','KG49348','FC84113','GL50528','GW68133','HG45548','GK69886','HZ08831','CZ85345','CS61771')  and  Id >0  and  ChipTime >'2017-03-04 19:58:10'  and  ChipTime <='2017-03-04 20:48:00'  order by Id asc limit 0,1000
RecordCount:816
TotalCount:816
2017-10-09 10:36:50~~2017-10-09 10:37:19
TotalCost:00:28.3122
2017-10-09 10:37:56:Start To Process
Sql:SELECT * FROM mylaps.20170304wg_times_sorted where 1 and  Chip in ('GC28454','HC58754','KL41244','GK69489','FK68323','GT67354','CS91831','KH06652','KL65673','RP93399','LG57019','GC12165','CS93330','FL12972','FK26711','CC39407','CS59749','LL53840','KZ52329','KX14470','GC51570','HK16062','LH53573','KG78429','FC27942','HZ53905','FK24463','GH57904','CZ85938','GL19227','LG19560','CC14240','RN54883','FF64865','GC07869','GV61094','HL92331','FF16482','FC96564','HF90419','HX72077','KX88173','HL59534','HZ50378','KW70631','LG41767','RX53794','GV98819','FF98640','CL51649','CS10932','KZ47780','GV81590','GL73007','KG49348','FC84113','GL50528','GW68133','HG45548','GK69886','HZ08831','CZ85345','CS61771')  and  Id >0  and  ChipTime >'2017-03-04 19:58:10'  and  ChipTime <='2017-03-04 20:48:00'  order by Id asc limit 0,1000
RecordCount:816
TotalCount:816
2017-10-09 10:37:56~~2017-10-09 10:38:31
TotalCost:00:35.5259
2017-10-09 10:41:17:Start To Process
2017-10-09 10:42:36:Start To Process
Sql:SELECT * FROM mylaps.20170304wg_times_sorted where 1 and  Chip in ('GC28454','HC58754','KL41244','GK69489','FK68323','GT67354','CS91831','KH06652','KL65673','RP93399','LG57019','GC12165','CS93330','FL12972','FK26711','CC39407','CS59749','LL53840','KZ52329','KX14470','GC51570','HK16062','LH53573','KG78429','FC27942','HZ53905','FK24463','GH57904','CZ85938','GL19227','LG19560','CC14240','RN54883','FF64865','GC07869','GV61094','HL92331','FF16482','FC96564','HF90419','HX72077','KX88173','HL59534','HZ50378','KW70631','LG41767','RX53794','GV98819','FF98640','CL51649','CS10932','KZ47780','GV81590','GL73007','KG49348','FC84113','GL50528','GW68133','HG45548','GK69886','HZ08831','CZ85345','CS61771')  and  Id >0  and  ChipTime >'2017-03-04 19:58:10'  and  ChipTime <='2017-03-04 20:48:00'  order by Id asc limit 0,1000
RecordCount:816
TotalCount:816
2017-10-09 10:42:36~~2017-10-09 10:43:06
TotalCost:00:30.2411
2017-10-09 10:47:02:Start To Process
Sql:SELECT * FROM mylaps.20170304wg_times_sorted where 1 and  Chip in ('GC28454','HC58754','KL41244','GK69489','FK68323','GT67354','CS91831','KH06652','KL65673','RP93399','LG57019','GC12165','CS93330','FL12972','FK26711','CC39407','CS59749','LL53840','KZ52329','KX14470','GC51570','HK16062','LH53573','KG78429','FC27942','HZ53905','FK24463','GH57904','CZ85938','GL19227','LG19560','CC14240','RN54883','FF64865','GC07869','GV61094','HL92331','FF16482','FC96564','HF90419','HX72077','KX88173','HL59534','HZ50378','KW70631','LG41767','RX53794','GV98819','FF98640','CL51649','CS10932','KZ47780','GV81590','GL73007','KG49348','FC84113','GL50528','GW68133','HG45548','GK69886','HZ08831','CZ85345','CS61771')  and  Id >0  and  ChipTime >'2017-03-04 19:58:10'  and  ChipTime <='2017-03-04 20:48:00'  order by Id asc limit 0,1000
RecordCount:816
TotalCount:816
2017-10-09 10:47:02~~2017-10-09 10:47:36
TotalCost:00:34.2856
2017-10-09 10:50:00:Start To Process
Sql:SELECT * FROM mylaps.20170304wg_times_sorted where 1 and  Chip in ('GC28454','HC58754','KL41244','GK69489','FK68323','GT67354','CS91831','KH06652','KL65673','RP93399','LG57019','GC12165','CS93330','FL12972','FK26711','CC39407','CS59749','LL53840','KZ52329','KX14470','GC51570','HK16062','LH53573','KG78429','FC27942','HZ53905','FK24463','GH57904','CZ85938','GL19227','LG19560','CC14240','RN54883','FF64865','GC07869','GV61094','HL92331','FF16482','FC96564','HF90419','HX72077','KX88173','HL59534','HZ50378','KW70631','LG41767','RX53794','GV98819','FF98640','CL51649','CS10932','KZ47780','GV81590','GL73007','KG49348','FC84113','GL50528','GW68133','HG45548','GK69886','HZ08831','CZ85345','CS61771')  and  Id >0  and  ChipTime >'2017-03-04 19:58:10'  and  ChipTime <='2017-03-04 20:48:00'  order by Id asc limit 0,1000
RecordCount:816
TotalCount:816
2017-10-09 10:50:00~~2017-10-09 10:50:36
TotalCost:00:35.9294
2017-10-09 11:12:43:Start To Process
Sql:SELECT * FROM mylaps.20170304wg_times_sorted where 1 and  Chip in ('GC28454','HC58754','KL41244','GK69489','FK68323','GT67354','CS91831','KH06652','KL65673','RP93399','LG57019','GC12165','CS93330','FL12972','FK26711','CC39407','CS59749','LL53840','KZ52329','KX14470','GC51570','HK16062','LH53573','KG78429','FC27942','HZ53905','FK24463','GH57904','CZ85938','GL19227','LG19560','CC14240','RN54883','FF64865','GC07869','GV61094','HL92331','FF16482','FC96564','HF90419','HX72077','KX88173','HL59534','HZ50378','KW70631','LG41767','RX53794','GV98819','FF98640','CL51649','CS10932','KZ47780','GV81590','GL73007','KG49348','FC84113','GL50528','GW68133','HG45548','GK69886','HZ08831','CZ85345','CS61771')  and  Id >0  and  ChipTime >'2017-03-04 19:58:10'  and  ChipTime <='2017-03-04 20:48:00'  order by Id asc limit 0,1000
RecordCount:816
TotalCount:816
2017-10-09 11:12:43~~2017-10-09 11:14:34
TotalCost:01:51.1721
2017-10-09 11:18:25:Start To Process
Sql:SELECT * FROM mylaps.20170304wg_times_sorted where 1 and  Chip in ('GC28454','HC58754','KL41244','GK69489','FK68323','GT67354','CS91831','KH06652','KL65673','RP93399','LG57019','GC12165','CS93330','FL12972','FK26711','CC39407','CS59749','LL53840','KZ52329','KX14470','GC51570','HK16062','LH53573','KG78429','FC27942','HZ53905','FK24463','GH57904','CZ85938','GL19227','LG19560','CC14240','RN54883','FF64865','GC07869','GV61094','HL92331','FF16482','FC96564','HF90419','HX72077','KX88173','HL59534','HZ50378','KW70631','LG41767','RX53794','GV98819','FF98640','CL51649','CS10932','KZ47780','GV81590','GL73007','KG49348','FC84113','GL50528','GW68133','HG45548','GK69886','HZ08831','CZ85345','CS61771')  and  Id >0  and  ChipTime >'2017-03-04 19:58:10'  and  ChipTime <='2017-03-04 20:48:00'  order by Id asc limit 0,1000
RecordCount:816
TotalCount:816
2017-10-09 11:18:25~~2017-10-09 11:19:45
TotalCost:01:19.9328
2017-10-09 11:25:07:Start To Process
Sql:SELECT * FROM mylaps.20170304wg_times_sorted where 1 and  Chip in ('GC28454','HC58754','KL41244','GK69489','FK68323','GT67354','CS91831','KH06652','KL65673','RP93399','LG57019','GC12165','CS93330','FL12972','FK26711','CC39407','CS59749','LL53840','KZ52329','KX14470','GC51570','HK16062','LH53573','KG78429','FC27942','HZ53905','FK24463','GH57904','CZ85938','GL19227','LG19560','CC14240','RN54883','FF64865','GC07869','GV61094','HL92331','FF16482','FC96564','HF90419','HX72077','KX88173','HL59534','HZ50378','KW70631','LG41767','RX53794','GV98819','FF98640','CL51649','CS10932','KZ47780','GV81590','GL73007','KG49348','FC84113','GL50528','GW68133','HG45548','GK69886','HZ08831','CZ85345','CS61771')  and  Id >0  and  ChipTime >'2017-03-04 19:58:10'  and  ChipTime <='2017-03-04 20:48:00'  order by Id asc limit 0,1000
RecordCount:816
TotalCount:816
2017-10-09 11:25:07~~2017-10-09 11:25:39
TotalCost:00:31.8176
2017-10-09 11:28:02:Start To Process
Sql:SELECT * FROM mylaps.20170304wg_times_sorted where 1 and  Chip in ('GC28454','HC58754','KL41244','GK69489','FK68323','GT67354','CS91831','KH06652','KL65673','RP93399','LG57019','GC12165','CS93330','FL12972','FK26711','CC39407','CS59749','LL53840','KZ52329','KX14470','GC51570','HK16062','LH53573','KG78429','FC27942','HZ53905','FK24463','GH57904','CZ85938','GL19227','LG19560','CC14240','RN54883','FF64865','GC07869','GV61094','HL92331','FF16482','FC96564','HF90419','HX72077','KX88173','HL59534','HZ50378','KW70631','LG41767','RX53794','GV98819','FF98640','CL51649','CS10932','KZ47780','GV81590','GL73007','KG49348','FC84113','GL50528','GW68133','HG45548','GK69886','HZ08831','CZ85345','CS61771')  and  Id >0  and  ChipTime >'2017-03-04 19:58:10'  and  ChipTime <='2017-03-04 20:48:00'  order by Id asc limit 0,1000
RecordCount:816
TotalCount:816
2017-10-09 11:28:02~~2017-10-09 11:28:48
TotalCost:00:45.5194
2017-10-09 11:30:53:Start To Process
Sql:SELECT * FROM mylaps.20170304wg_times_sorted where 1 and  Chip in ('GC28454','HC58754','KL41244','GK69489','FK68323','GT67354','CS91831','KH06652','KL65673','RP93399','LG57019','GC12165','CS93330','FL12972','FK26711','CC39407','CS59749','LL53840','KZ52329','KX14470','GC51570','HK16062','LH53573','KG78429','FC27942','HZ53905','FK24463','GH57904','CZ85938','GL19227','LG19560','CC14240','RN54883','FF64865','GC07869','GV61094','HL92331','FF16482','FC96564','HF90419','HX72077','KX88173','HL59534','HZ50378','KW70631','LG41767','RX53794','GV98819','FF98640','CL51649','CS10932','KZ47780','GV81590','GL73007','KG49348','FC84113','GL50528','GW68133','HG45548','GK69886','HZ08831','CZ85345','CS61771')  and  Id >0  and  ChipTime >'2017-03-04 19:58:10'  and  ChipTime <='2017-03-04 20:48:00'  order by Id asc limit 0,1000
RecordCount:816
TotalCount:816
2017-10-09 11:30:53~~2017-10-09 11:31:23
TotalCost:00:30.0270
2017-10-09 11:32:05:Start To Process
Sql:SELECT * FROM mylaps.20170304wg_times_sorted where 1 and  Chip in ('GC28454','HC58754','KL41244','GK69489','FK68323','GT67354','CS91831','KH06652','KL65673','RP93399','LG57019','GC12165','CS93330','FL12972','FK26711','CC39407','CS59749','LL53840','KZ52329','KX14470','GC51570','HK16062','LH53573','KG78429','FC27942','HZ53905','FK24463','GH57904','CZ85938','GL19227','LG19560','CC14240','RN54883','FF64865','GC07869','GV61094','HL92331','FF16482','FC96564','HF90419','HX72077','KX88173','HL59534','HZ50378','KW70631','LG41767','RX53794','GV98819','FF98640','CL51649','CS10932','KZ47780','GV81590','GL73007','KG49348','FC84113','GL50528','GW68133','HG45548','GK69886','HZ08831','CZ85345','CS61771')  and  Id >0  and  ChipTime >'2017-03-04 19:58:10'  and  ChipTime <='2017-03-04 20:48:00'  order by Id asc limit 0,1000
RecordCount:816
TotalCount:816
2017-10-09 11:32:05~~2017-10-09 11:32:36
TotalCost:00:31.3719
2017-10-09 11:36:53:Start To Process
Sql:SELECT * FROM mylaps.20170304wg_times_sorted where 1 and  Chip in ('GC28454','HC58754','KL41244','GK69489','FK68323','GT67354','CS91831','KH06652','KL65673','RP93399','LG57019','GC12165','CS93330','FL12972','FK26711','CC39407','CS59749','LL53840','KZ52329','KX14470','GC51570','HK16062','LH53573','KG78429','FC27942','HZ53905','FK24463','GH57904','CZ85938','GL19227','LG19560','CC14240','RN54883','FF64865','GC07869','GV61094','HL92331','FF16482','FC96564','HF90419','HX72077','KX88173','HL59534','HZ50378','KW70631','LG41767','RX53794','GV98819','FF98640','CL51649','CS10932','KZ47780','GV81590','GL73007','KG49348','FC84113','GL50528','GW68133','HG45548','GK69886','HZ08831','CZ85345','CS61771')  and  Id >0  and  ChipTime >'2017-03-04 19:58:10'  and  ChipTime <='2017-03-04 20:48:00'  order by Id asc limit 0,1000
RecordCount:816
TotalCount:816
2017-10-09 11:36:53~~2017-10-09 11:37:25
TotalCost:00:31.9793
2017-10-09 11:38:22:Start To Process
Sql:SELECT * FROM mylaps.20170304wg_times_sorted where 1 and  Chip in ('GC28454','HC58754','KL41244','GK69489','FK68323','GT67354','CS91831','KH06652','KL65673','RP93399','LG57019','GC12165','CS93330','FL12972','FK26711','CC39407','CS59749','LL53840','KZ52329','KX14470','GC51570','HK16062','LH53573','KG78429','FC27942','HZ53905','FK24463','GH57904','CZ85938','GL19227','LG19560','CC14240','RN54883','FF64865','GC07869','GV61094','HL92331','FF16482','FC96564','HF90419','HX72077','KX88173','HL59534','HZ50378','KW70631','LG41767','RX53794','GV98819','FF98640','CL51649','CS10932','KZ47780','GV81590','GL73007','KG49348','FC84113','GL50528','GW68133','HG45548','GK69886','HZ08831','CZ85345','CS61771')  and  Id >0  and  ChipTime >'2017-03-04 19:58:10'  and  ChipTime <='2017-03-04 20:48:00'  order by Id asc limit 0,1000
RecordCount:816
TotalCount:816
2017-10-09 11:38:22~~2017-10-09 11:38:58
TotalCost:00:35.5139
2017-10-09 11:41:12:Start To Process
Sql:SELECT * FROM mylaps.20170304wg_times_sorted where 1 and  Chip in ('GC28454','HC58754','KL41244','GK69489','FK68323','GT67354','CS91831','KH06652','KL65673','RP93399','LG57019','GC12165','CS93330','FL12972','FK26711','CC39407','CS59749','LL53840','KZ52329','KX14470','GC51570','HK16062','LH53573','KG78429','FC27942','HZ53905','FK24463','GH57904','CZ85938','GL19227','LG19560','CC14240','RN54883','FF64865','GC07869','GV61094','HL92331','FF16482','FC96564','HF90419','HX72077','KX88173','HL59534','HZ50378','KW70631','LG41767','RX53794','GV98819','FF98640','CL51649','CS10932','KZ47780','GV81590','GL73007','KG49348','FC84113','GL50528','GW68133','HG45548','GK69886','HZ08831','CZ85345','CS61771')  and  Id >0  and  ChipTime >'2017-03-04 19:58:10'  and  ChipTime <='2017-03-04 20:48:00'  order by Id asc limit 0,1000
RecordCount:816
TotalCount:816
2017-10-09 11:41:12~~2017-10-09 11:41:45
TotalCost:00:32.8595
2017-10-09 11:43:14:Start To Process
Sql:SELECT * FROM mylaps.20170304wg_times_sorted where 1 and  Chip in ('GC28454','HC58754','KL41244','GK69489','FK68323','GT67354','CS91831','KH06652','KL65673','RP93399','LG57019','GC12165','CS93330','FL12972','FK26711','CC39407','CS59749','LL53840','KZ52329','KX14470','GC51570','HK16062','LH53573','KG78429','FC27942','HZ53905','FK24463','GH57904','CZ85938','GL19227','LG19560','CC14240','RN54883','FF64865','GC07869','GV61094','HL92331','FF16482','FC96564','HF90419','HX72077','KX88173','HL59534','HZ50378','KW70631','LG41767','RX53794','GV98819','FF98640','CL51649','CS10932','KZ47780','GV81590','GL73007','KG49348','FC84113','GL50528','GW68133','HG45548','GK69886','HZ08831','CZ85345','CS61771')  and  Id >0  and  ChipTime >'2017-03-04 19:58:10'  and  ChipTime <='2017-03-04 20:48:00'  order by Id asc limit 0,1000
RecordCount:816
TotalCount:816
2017-10-09 11:43:14~~2017-10-09 11:43:47
TotalCost:00:33.1195
2017-10-09 11:46:09:Start To Process
Sql:SELECT * FROM mylaps.20170304wg_times_sorted where 1 and  Chip in ('GC28454','HC58754','KL41244','GK69489','FK68323','GT67354','CS91831','KH06652','KL65673','RP93399','LG57019','GC12165','CS93330','FL12972','FK26711','CC39407','CS59749','LL53840','KZ52329','KX14470','GC51570','HK16062','LH53573','KG78429','FC27942','HZ53905','FK24463','GH57904','CZ85938','GL19227','LG19560','CC14240','RN54883','FF64865','GC07869','GV61094','HL92331','FF16482','FC96564','HF90419','HX72077','KX88173','HL59534','HZ50378','KW70631','LG41767','RX53794','GV98819','FF98640','CL51649','CS10932','KZ47780','GV81590','GL73007','KG49348','FC84113','GL50528','GW68133','HG45548','GK69886','HZ08831','CZ85345','CS61771')  and  Id >0  and  ChipTime >'2017-03-04 19:58:10'  and  ChipTime <='2017-03-04 20:48:00'  order by Id asc limit 0,1000
RecordCount:816
TotalCount:816
2017-10-09 11:46:09~~2017-10-09 11:46:46
TotalCost:00:37.0296
2017-10-09 11:47:21:Start To Process
Sql:SELECT * FROM mylaps.20170304wg_times_sorted where 1 and  Chip in ('GC28454','HC58754','KL41244','GK69489','FK68323','GT67354','CS91831','KH06652','KL65673','RP93399','LG57019','GC12165','CS93330','FL12972','FK26711','CC39407','CS59749','LL53840','KZ52329','KX14470','GC51570','HK16062','LH53573','KG78429','FC27942','HZ53905','FK24463','GH57904','CZ85938','GL19227','LG19560','CC14240','RN54883','FF64865','GC07869','GV61094','HL92331','FF16482','FC96564','HF90419','HX72077','KX88173','HL59534','HZ50378','KW70631','LG41767','RX53794','GV98819','FF98640','CL51649','CS10932','KZ47780','GV81590','GL73007','KG49348','FC84113','GL50528','GW68133','HG45548','GK69886','HZ08831','CZ85345','CS61771')  and  Id >0  and  ChipTime >'2017-03-04 19:58:10'  and  ChipTime <='2017-03-04 20:48:00'  order by Id asc limit 0,1000
RecordCount:816
TotalCount:816
2017-10-09 11:47:21~~2017-10-09 11:47:59
TotalCost:00:37.5206
2017-10-09 11:48:24:Start To Process
Sql:SELECT * FROM mylaps.20170304wg_times_sorted where 1 and  Chip in ('GC28454','HC58754','KL41244','GK69489','FK68323','GT67354','CS91831','KH06652','KL65673','RP93399','LG57019','GC12165','CS93330','FL12972','FK26711','CC39407','CS59749','LL53840','KZ52329','KX14470','GC51570','HK16062','LH53573','KG78429','FC27942','HZ53905','FK24463','GH57904','CZ85938','GL19227','LG19560','CC14240','RN54883','FF64865','GC07869','GV61094','HL92331','FF16482','FC96564','HF90419','HX72077','KX88173','HL59534','HZ50378','KW70631','LG41767','RX53794','GV98819','FF98640','CL51649','CS10932','KZ47780','GV81590','GL73007','KG49348','FC84113','GL50528','GW68133','HG45548','GK69886','HZ08831','CZ85345','CS61771')  and  Id >0  and  ChipTime >'2017-03-04 19:58:10'  and  ChipTime <='2017-03-04 20:48:00'  order by Id asc limit 0,1000
RecordCount:816
TotalCount:816
2017-10-09 11:48:24~~2017-10-09 11:49:06
TotalCost:00:41.5820
2017-10-09 11:51:23:Start To Process
Sql:SELECT * FROM mylaps.20170304wg_times_sorted where 1 and  Chip in ('GC28454','HC58754','KL41244','GK69489','FK68323','GT67354','CS91831','KH06652','KL65673','RP93399','LG57019','GC12165','CS93330','FL12972','FK26711','CC39407','CS59749','LL53840','KZ52329','KX14470','GC51570','HK16062','LH53573','KG78429','FC27942','HZ53905','FK24463','GH57904','CZ85938','GL19227','LG19560','CC14240','RN54883','FF64865','GC07869','GV61094','HL92331','FF16482','FC96564','HF90419','HX72077','KX88173','HL59534','HZ50378','KW70631','LG41767','RX53794','GV98819','FF98640','CL51649','CS10932','KZ47780','GV81590','GL73007','KG49348','FC84113','GL50528','GW68133','HG45548','GK69886','HZ08831','CZ85345','CS61771')  and  Id >0  and  ChipTime >'2017-03-04 19:58:10'  and  ChipTime <='2017-03-04 20:48:00'  order by Id asc limit 0,1000
RecordCount:816
TotalCount:816
2017-10-09 11:51:23~~2017-10-09 11:51:56
TotalCost:00:32.4316
2017-10-09 11:53:04:Start To Process
Sql:SELECT * FROM mylaps.20170304wg_times_sorted where 1 and  Chip in ('GC28454','HC58754','KL41244','GK69489','FK68323','GT67354','CS91831','KH06652','KL65673','RP93399','LG57019','GC12165','CS93330','FL12972','FK26711','CC39407','CS59749','LL53840','KZ52329','KX14470','GC51570','HK16062','LH53573','KG78429','FC27942','HZ53905','FK24463','GH57904','CZ85938','GL19227','LG19560','CC14240','RN54883','FF64865','GC07869','GV61094','HL92331','FF16482','FC96564','HF90419','HX72077','KX88173','HL59534','HZ50378','KW70631','LG41767','RX53794','GV98819','FF98640','CL51649','CS10932','KZ47780','GV81590','GL73007','KG49348','FC84113','GL50528','GW68133','HG45548','GK69886','HZ08831','CZ85345','CS61771')  and  Id >0  and  ChipTime >'2017-03-04 19:58:10'  and  ChipTime <='2017-03-04 20:48:00'  order by Id asc limit 0,1000
RecordCount:816
TotalCount:816
2017-10-09 11:53:04~~2017-10-09 11:53:39
TotalCost:00:35.0522
2017-10-09 11:58:01:Start To Process
Sql:SELECT * FROM mylaps.20170304wg_times_sorted where 1 and  Chip in ('GC28454','HC58754','KL41244','GK69489','FK68323','GT67354','CS91831','KH06652','KL65673','RP93399','LG57019','GC12165','CS93330','FL12972','FK26711','CC39407','CS59749','LL53840','KZ52329','KX14470','GC51570','HK16062','LH53573','KG78429','FC27942','HZ53905','FK24463','GH57904','CZ85938','GL19227','LG19560','CC14240','RN54883','FF64865','GC07869','GV61094','HL92331','FF16482','FC96564','HF90419','HX72077','KX88173','HL59534','HZ50378','KW70631','LG41767','RX53794','GV98819','FF98640','CL51649','CS10932','KZ47780','GV81590','GL73007','KG49348','FC84113','GL50528','GW68133','HG45548','GK69886','HZ08831','CZ85345','CS61771')  and  Id >0  and  ChipTime >'2017-03-04 19:58:10'  and  ChipTime <='2017-03-04 20:48:00'  order by Id asc limit 0,1000
RecordCount:816
TotalCount:816
2017-10-09 11:58:01~~2017-10-09 11:58:37
TotalCost:00:36.2831
2017-10-09 11:59:01:Start To Process
Sql:SELECT * FROM mylaps.20170304wg_times_sorted where 1 and  Chip in ('GC28454','HC58754','KL41244','GK69489','FK68323','GT67354','CS91831','KH06652','KL65673','RP93399','LG57019','GC12165','CS93330','FL12972','FK26711','CC39407','CS59749','LL53840','KZ52329','KX14470','GC51570','HK16062','LH53573','KG78429','FC27942','HZ53905','FK24463','GH57904','CZ85938','GL19227','LG19560','CC14240','RN54883','FF64865','GC07869','GV61094','HL92331','FF16482','FC96564','HF90419','HX72077','KX88173','HL59534','HZ50378','KW70631','LG41767','RX53794','GV98819','FF98640','CL51649','CS10932','KZ47780','GV81590','GL73007','KG49348','FC84113','GL50528','GW68133','HG45548','GK69886','HZ08831','CZ85345','CS61771')  and  Id >0  and  ChipTime >'2017-03-04 19:58:10'  and  ChipTime <='2017-03-04 20:48:00'  order by Id asc limit 0,1000
RecordCount:816
TotalCount:816
2017-10-09 11:59:01~~2017-10-09 11:59:43
TotalCost:00:41.6681
