2017-10-06 22:20:16:Start To Process
Sql:SELECT * FROM mylaps.20170304wg_times_sorted where 1 and 0 and  Id >175  and  ChipTime >'2017-03-04 16:56:03'  and  ChipTime <='2017-03-04 17:31:00'  order by Id asc limit 0,1000
RecordCount:0
TotalCount:0
2017-10-06 22:20:16~~2017-10-06 22:20:17
TotalCost:00:00.8695
2017-10-06 22:20:40:Start To Process
Sql:SELECT * FROM mylaps.20170304wg_times_sorted where 1 and  Chip in ('KX92596','GW63847','KN95112','GL72342','LF86880','GV87438','HF53557')  and  Id >0  and  ChipTime >'2017-03-04 16:56:03'  and  ChipTime <='2017-03-04 17:31:00'  order by Id asc limit 0,1000
RecordCount:26
TotalCount:26
2017-10-06 22:20:40~~2017-10-06 22:20:42
TotalCost:00:01.2680
2017-10-06 22:23:01:Start To Process
Sql:SELECT * FROM mylaps.20170304wg_times_sorted where 1 and  Chip in ('GW92138','HH35607','GW62155','FT01571','RX28486','KW70697','KP67741','GV12411','GV59557','FN34635','FK94070','GT56844','KW61232','KW50501','GV16024','HX56389','HZ53005','GK39298','RF81865','FG57243','GX42667','HX01796','RN42855','GN31757','LH84338','LR26159','FK56804','GL59582','FH73752','CS65983','KW37915','HK05096','HX02203','FC63826','HF56640','FK56357','FF20126','PR61381','GG78041','RF55045','FL03997','HH48143','FK59535','FF63883','GH42151','KW53979','GL45497','LG20092','FZ80912','HF68946','KL21804','GT95223','KW91547','KZ27527','GH39192','CL47583','HG72854','HF81191','GW64810','KW81076','FC99932','RF38401','FK59372','FF86931','RF45533','FK85644','FN41320','GX48263','FN26989','KW65666','CX80171','KH37535','HZ75162','FC91408','KL51511','HT36701','GT76939','FG26029','KW60342','LF82251','KG63336','FT09362','HZ08865','HR16699','CR83261','KW40826','FT12308','GG81374','FK20798','FF84300','GL40306','HK10428','FG90298','FT05503','GW97376','GC09803','HK82182','GC03651','FK48802','KL18764','CX77546','HW71809','GC20348','GZ09509','FK43994','FL21071','HH87757','FF47058','FN59312','RC45226','LR43648','GK43167','HP18211','FF12707','LR83694','HZ38794','GT66790','FG41300','CR28834','GL17585','FC94865','KH36020','FG46770','KL65673','LG57019','CC39407','LL53840','GV61094','HL92331','FF16482','FC96564','HF90419','KW70631','GL73007','KG49348','FC84113','CZ85345','CC18584','KW74518','GN00919','LG27267','GK02293','HT03722','CP64469','FN32453','GH56795','FF90672','FK89770','FH76273','RR86009','KW66112','HH94375','RT32520','KZ55231','HK09212','HG14696','GG83043','HP59658','PR23689','RN42981','GK88569','CR26690','LN60971','FF07771','RF68432','CC12657','LH49303','FK88463','RP31312','HH55029','HF86309','HP46938','RH17626','HH38030','KW74432','GK92382','HN68677','HG56346','GW36436','GG25517','RP53781','HK61207','HG53554','CL51366','KP66431','GH03261','PW13101','HG47276','HX78750','GN29338','60570603670N1S1H5','HZ75162','LH70537','HP69581','HH46038')  and  Id >0  and  ChipTime >'2017-03-04 17:21:08'  and  ChipTime <='2017-03-04 19:50:00'  order by Id asc limit 0,1000
RecordCount:1000
Sql:SELECT * FROM mylaps.20170304wg_times_sorted where 1 and  Chip in ('GW92138','HH35607','GW62155','FT01571','RX28486','KW70697','KP67741','GV12411','GV59557','FN34635','FK94070','GT56844','KW61232','KW50501','GV16024','HX56389','HZ53005','GK39298','RF81865','FG57243','GX42667','HX01796','RN42855','GN31757','LH84338','LR26159','FK56804','GL59582','FH73752','CS65983','KW37915','HK05096','HX02203','FC63826','HF56640','FK56357','FF20126','PR61381','GG78041','RF55045','FL03997','HH48143','FK59535','FF63883','GH42151','KW53979','GL45497','LG20092','FZ80912','HF68946','KL21804','GT95223','KW91547','KZ27527','GH39192','CL47583','HG72854','HF81191','GW64810','KW81076','FC99932','RF38401','FK59372','FF86931','RF45533','FK85644','FN41320','GX48263','FN26989','KW65666','CX80171','KH37535','HZ75162','FC91408','KL51511','HT36701','GT76939','FG26029','KW60342','LF82251','KG63336','FT09362','HZ08865','HR16699','CR83261','KW40826','FT12308','GG81374','FK20798','FF84300','GL40306','HK10428','FG90298','FT05503','GW97376','GC09803','HK82182','GC03651','FK48802','KL18764','CX77546','HW71809','GC20348','GZ09509','FK43994','FL21071','HH87757','FF47058','FN59312','RC45226','LR43648','GK43167','HP18211','FF12707','LR83694','HZ38794','GT66790','FG41300','CR28834','GL17585','FC94865','KH36020','FG46770','KL65673','LG57019','CC39407','LL53840','GV61094','HL92331','FF16482','FC96564','HF90419','KW70631','GL73007','KG49348','FC84113','CZ85345','CC18584','KW74518','GN00919','LG27267','GK02293','HT03722','CP64469','FN32453','GH56795','FF90672','FK89770','FH76273','RR86009','KW66112','HH94375','RT32520','KZ55231','HK09212','HG14696','GG83043','HP59658','PR23689','RN42981','GK88569','CR26690','LN60971','FF07771','RF68432','CC12657','LH49303','FK88463','RP31312','HH55029','HF86309','HP46938','RH17626','HH38030','KW74432','GK92382','HN68677','HG56346','GW36436','GG25517','RP53781','HK61207','HG53554','CL51366','KP66431','GH03261','PW13101','HG47276','HX78750','GN29338','60570603670N1S1H5','HZ75162','LH70537','HP69581','HH46038')  and  Id >1180  and  ChipTime >'2017-03-04 17:21:08'  and  ChipTime <='2017-03-04 19:50:00'  order by Id asc limit 0,1000
RecordCount:1000
Sql:SELECT * FROM mylaps.20170304wg_times_sorted where 1 and  Chip in ('GW92138','HH35607','GW62155','FT01571','RX28486','KW70697','KP67741','GV12411','GV59557','FN34635','FK94070','GT56844','KW61232','KW50501','GV16024','HX56389','HZ53005','GK39298','RF81865','FG57243','GX42667','HX01796','RN42855','GN31757','LH84338','LR26159','FK56804','GL59582','FH73752','CS65983','KW37915','HK05096','HX02203','FC63826','HF56640','FK56357','FF20126','PR61381','GG78041','RF55045','FL03997','HH48143','FK59535','FF63883','GH42151','KW53979','GL45497','LG20092','FZ80912','HF68946','KL21804','GT95223','KW91547','KZ27527','GH39192','CL47583','HG72854','HF81191','GW64810','KW81076','FC99932','RF38401','FK59372','FF86931','RF45533','FK85644','FN41320','GX48263','FN26989','KW65666','CX80171','KH37535','HZ75162','FC91408','KL51511','HT36701','GT76939','FG26029','KW60342','LF82251','KG63336','FT09362','HZ08865','HR16699','CR83261','KW40826','FT12308','GG81374','FK20798','FF84300','GL40306','HK10428','FG90298','FT05503','GW97376','GC09803','HK82182','GC03651','FK48802','KL18764','CX77546','HW71809','GC20348','GZ09509','FK43994','FL21071','HH87757','FF47058','FN59312','RC45226','LR43648','GK43167','HP18211','FF12707','LR83694','HZ38794','GT66790','FG41300','CR28834','GL17585','FC94865','KH36020','FG46770','KL65673','LG57019','CC39407','LL53840','GV61094','HL92331','FF16482','FC96564','HF90419','KW70631','GL73007','KG49348','FC84113','CZ85345','CC18584','KW74518','GN00919','LG27267','GK02293','HT03722','CP64469','FN32453','GH56795','FF90672','FK89770','FH76273','RR86009','KW66112','HH94375','RT32520','KZ55231','HK09212','HG14696','GG83043','HP59658','PR23689','RN42981','GK88569','CR26690','LN60971','FF07771','RF68432','CC12657','LH49303','FK88463','RP31312','HH55029','HF86309','HP46938','RH17626','HH38030','KW74432','GK92382','HN68677','HG56346','GW36436','GG25517','RP53781','HK61207','HG53554','CL51366','KP66431','GH03261','PW13101','HG47276','HX78750','GN29338','60570603670N1S1H5','HZ75162','LH70537','HP69581','HH46038')  and  Id >2181  and  ChipTime >'2017-03-04 17:21:08'  and  ChipTime <='2017-03-04 19:50:00'  order by Id asc limit 0,1000
RecordCount:766
TotalCount:2766
2017-10-06 22:23:01~~2017-10-06 22:28:32
TotalCost:05:30.6312
2017-10-06 22:28:46:Start To Process
Sql:SELECT * FROM mylaps.20170304wg_times_sorted where 1 and  Chip in ('KX92596','GW63847','KN95112','GL72342','LF86880','GV87438','HF53557')  and  Id >0  and  ChipTime >'2017-03-04 16:56:03'  and  ChipTime <='2017-03-04 17:31:00'  order by Id asc limit 0,1000
RecordCount:26
TotalCount:26
2017-10-06 22:28:46~~2017-10-06 22:28:48
TotalCost:00:02.0020
2017-10-06 22:29:15:Start To Process
Sql:SELECT * FROM mylaps.20170304wg_times_sorted where 1 and  Chip in ('GC28454','HC58754','KL41244','GK69489','FK68323','GT67354','CS91831','KH06652','KL65673','RP93399','LG57019','GC12165','CS93330','FL12972','FK26711','CC39407','CS59749','LL53840','KZ52329','KX14470','GC51570','HK16062','LH53573','KG78429','FC27942','HZ53905','FK24463','GH57904','CZ85938','GL19227','LG19560','CC14240','RN54883','FF64865','GC07869','GV61094','HL92331','FF16482','FC96564','HF90419','HX72077','KX88173','HL59534','HZ50378','KW70631','LG41767','RX53794','GV98819','FF98640','CL51649','CS10932','KZ47780','GV81590','GL73007','KG49348','FC84113','GL50528','GW68133','HG45548','GK69886','HZ08831','CZ85345','CS61771')  and  Id >0  and  ChipTime >'2017-03-04 19:58:10'  and  ChipTime <='2017-03-04 20:48:00'  order by Id asc limit 0,1000
RecordCount:816
TotalCount:816
2017-10-06 22:29:15~~2017-10-06 22:30:39
TotalCost:01:23.6286
2017-10-06 23:15:17:Start To Process
Sql:SELECT * FROM mylaps.20170304wg_times_sorted where 1 and  Chip in ('GC28454','HC58754','KL41244','GK69489','FK68323','GT67354','CS91831','KH06652','KL65673','RP93399','LG57019','GC12165','CS93330','FL12972','FK26711','CC39407','CS59749','LL53840','KZ52329','KX14470','GC51570','HK16062','LH53573','KG78429','FC27942','HZ53905','FK24463','GH57904','CZ85938','GL19227','LG19560','CC14240','RN54883','FF64865','GC07869','GV61094','HL92331','FF16482','FC96564','HF90419','HX72077','KX88173','HL59534','HZ50378','KW70631','LG41767','RX53794','GV98819','FF98640','CL51649','CS10932','KZ47780','GV81590','GL73007','KG49348','FC84113','GL50528','GW68133','HG45548','GK69886','HZ08831','CZ85345','CS61771')  and  Id >0  and  ChipTime >'2017-03-04 19:58:10'  and  ChipTime <='2017-03-04 20:48:00'  order by Id asc limit 0,1000
RecordCount:816
TotalCount:816
2017-10-06 23:15:17~~2017-10-06 23:15:57
TotalCost:00:39.4740
