2018-01-04 10:58:30:Start To Process
Sql:SELECT * FROM mylaps.20170304wg_times_sorted where 1 and 0 and  Id >6756  and  ChipTime >'2017-03-04 20:52:33'  and  ChipTime <='2017-03-04 22:28:29'  order by Id asc limit 0,1000
RecordCount:0
TotalCount:0
2018-01-04 10:58:30~~2018-01-04 10:58:33
TotalCost:00:02.53
2018-01-04 11:24:21:Start To Process
2018-01-04 11:28:44:Start To Process
2018-01-04 11:29:20:Start To Process
Sql:SELECT * FROM mylaps.20171217mrtest3_times_sorted where 1 and 0 and  ChipTime >'2017-12-17 17:10:00'  and  ChipTime <='2017-12-17 19:30:00'  order by Id asc limit 0,1000
RecordCount:0
TotalCount:0
2018-01-04 11:29:20~~2018-01-04 11:29:20
TotalCost:00:00.03
2018-01-04 11:30:26:Start To Process
Sql:SELECT * FROM mylaps.20171217mrtest3_times_sorted where 1 and 0 and  ChipTime >'2017-12-17 17:10:00'  and  ChipTime <='2017-12-17 19:30:00'  order by Id asc limit 0,1000
RecordCount:0
TotalCount:0
2018-01-04 11:30:26~~2018-01-04 11:30:26
TotalCost:00:00.04
2018-01-04 11:31:32:Start To Process
Sql:SELECT * FROM mylaps.20171217mrtest3_times_sorted where 1 and 0 and  ChipTime >'2017-12-17 17:10:00'  and  ChipTime <='2017-12-17 19:30:00'  order by Id asc limit 0,1000
RecordCount:0
TotalCount:0
2018-01-04 11:31:32~~2018-01-04 11:31:32
TotalCost:00:00.04
2018-01-04 11:31:37:Start To Process
Sql:SELECT * FROM mylaps.20171217mrtest3_times_sorted where 1 and 0 and  ChipTime >'2017-12-17 17:00:00'  and  ChipTime <='2017-12-17 19:00:00'  order by Id asc limit 0,1000
RecordCount:0
TotalCount:0
2018-01-04 11:31:37~~2018-01-04 11:31:37
TotalCost:00:00.04
2018-01-04 11:33:00:Start To Process
Sql:SELECT * FROM mylaps.20171112wh_times_sorted where 1 and 0 and  ChipTime >'2017-11-12 16:00:00'  and  ChipTime <='2017-11-12 20:00:00'  order by Id asc limit 0,1000
RecordCount:0
TotalCount:0
2018-01-04 11:33:00~~2018-01-04 11:33:00
TotalCost:00:00.14
2018-01-04 11:34:21:Start To Process
Sql:SELECT * FROM mylaps.20171112wh_times_sorted where 1 and 0 and  ChipTime >'2017-11-12 16:00:00'  and  ChipTime <='2017-11-12 20:00:00'  order by Id asc limit 0,1000
RecordCount:0
TotalCount:0
2018-01-04 11:34:21~~2018-01-04 11:34:21
TotalCost:00:00.18
2018-01-04 11:34:25:Start To Process
2018-01-04 11:34:31:Start To Process
Sql:SELECT * FROM mylaps.20171217mrtest3_times_sorted where 1 and 0 and  ChipTime >'2017-12-17 17:10:00'  and  ChipTime <='2017-12-17 19:30:00'  order by Id asc limit 0,1000
RecordCount:0
TotalCount:0
2018-01-04 11:34:31~~2018-01-04 11:34:31
TotalCost:00:00.13
2018-01-04 11:37:19:Start To Process
Sql:SELECT * FROM mylaps.20171217mrtest3_times_sorted where 1 and 0 and  ChipTime >'2017-12-17 17:10:00'  and  ChipTime <='2017-12-17 19:30:00'  order by Id asc limit 0,1000
RecordCount:0
TotalCount:0
2018-01-04 11:37:19~~2018-01-04 11:37:19
TotalCost:00:00.04
2018-01-04 11:37:34:Start To Process
Sql:SELECT * FROM mylaps.20171217mrtest3_times_sorted where 1 and  Chip in ('KZ41211','KZ27527','KZ72030','KX14470','KZ55231','KX95961','KZ21474','KX92596','KW82060','KW65666','KW58449','KG63336','KW50783','KW74518','KW74432','KG49731','KW66112','KG26325','KW60752','KG64493','KG49348','KW55786','KW91547','KZ63237','KW70631','KW53979','KZ47780','KZ63938','KW47671','KW40826','KZ06272','KW73523','KZ45568','KW81076','KZ28342','KZ04539','KW61232','KZ02947','KW70697','KW36274','KW37915')  and  Id >0  and  ChipTime >'2017-12-17 17:10:00'  and  ChipTime <='2017-12-17 19:30:00'  order by Id asc limit 0,1000
RecordCount:375
TotalCount:375
2018-01-04 11:37:35~~2018-01-04 11:38:36
TotalCost:01:01.05
2018-01-04 11:39:34:Start To Process
Sql:SELECT * FROM mylaps.20171217mrtest3_times_sorted where 1 and  Chip in ('KZ41211','KZ27527','KZ72030','KX14470','KZ55231','KX95961','KZ21474','KX92596','KW82060','KW65666','KW58449','KG63336','KW50783','KW74518','KW74432','KG49731','KW66112','KG26325','KW60752','KG64493','KG49348','KW55786','KW91547','KZ63237','KW70631','KW53979','KZ47780','KZ63938','KW47671','KW40826','KZ06272','KW73523','KZ45568','KW81076','KZ28342','KZ04539','KW61232','KZ02947','KW70697','KW36274','KW37915')  and  Id >0  and  ChipTime >'2017-12-17 17:10:00'  and  ChipTime <='2017-12-17 19:30:00'  order by Id asc limit 0,1000
RecordCount:375
TotalCount:375
2018-01-04 11:39:34~~2018-01-04 11:39:47
TotalCost:00:12.71
2018-01-04 11:40:49:Start To Process
Sql:SELECT * FROM mylaps.20171217mrtest3_times_sorted where 1 and  Chip in ('KZ41211','KZ27527','KZ72030','KX14470','KZ55231','KX95961','KZ21474','KX92596','KW82060','KW65666','KW58449','KG63336','KW50783','KW74518','KW74432','KG49731','KW66112','KG26325','KW60752','KG64493','KG49348','KW55786','KW91547','KZ63237','KW70631','KW53979','KZ47780','KZ63938','KW47671','KW40826','KZ06272','KW73523','KZ45568','KW81076','KZ28342','KZ04539','KW61232','KZ02947','KW70697','KW36274','KW37915')  and  Id >0  and  ChipTime >'2017-12-17 17:10:00'  and  ChipTime <='2017-12-17 19:30:00'  order by Id asc limit 0,1000
RecordCount:375
TotalCount:375
2018-01-04 11:40:49~~2018-01-04 11:40:58
TotalCost:00:08.75
2018-01-04 11:43:21:Start To Process
Sql:SELECT * FROM mylaps.20171217mrtest3_times_sorted where 1 and  Chip in ('KZ41211','KZ27527','KZ72030','KX14470','KZ55231','KX95961','KZ21474','KX92596','KW82060','KW65666','KW58449','KG63336','KW50783','KW74518','KW74432','KG49731','KW66112','KG26325','KW60752','KG64493','KG49348','KW55786','KW91547','KZ63237','KW70631','KW53979','KZ47780','KZ63938','KW47671','KW40826','KZ06272','KW73523','KZ45568','KW81076','KZ28342','KZ04539','KW61232','KZ02947','KW70697','KW36274','KW37915')  and  Id >0  and  ChipTime >'2017-12-17 17:10:00'  and  ChipTime <='2017-12-17 19:30:00'  order by Id asc limit 0,1000
RecordCount:375
TotalCount:375
2018-01-04 11:43:21~~2018-01-04 11:43:30
TotalCost:00:08.75
2018-01-04 11:52:25:Start To Process
Sql:SELECT * FROM mylaps.20171217mrtest3_times_sorted where 1 and  Chip in ('KZ02122','KW48567','KZ09541','KW60342','KW50501','KZ52329','KX88173','KW50712','KZ01361','HK83421','HK82182','HK67527','HZ53905','HX72077','HP71624','HP69581','HX56389','HZ53005','LF66207','LF86880','HP59658')  and  Id >0  and  ChipTime >'2017-12-17 17:00:00'  and  ChipTime <='2017-12-17 19:00:00'  order by Id asc limit 0,1000
RecordCount:233
TotalCount:233
2018-01-04 11:52:25~~2018-01-04 11:52:29
TotalCost:00:04.40
2018-01-04 11:53:02:Start To Process
Sql:SELECT * FROM mylaps.20171217mrtest3_times_sorted where 1 and  Chip in ('KZ02122','KW48567','KZ09541','KW60342','KW50501','KZ52329','KX88173','KW50712','KZ01361','HK83421','HK82182','HK67527','HZ53905','HX72077','HP71624','HP69581','HX56389','HZ53005','LF66207','LF86880','HP59658')  and  Id >0  and  ChipTime >'2017-12-17 17:00:00'  and  ChipTime <='2017-12-17 19:00:00'  order by Id asc limit 0,1000
RecordCount:233
TotalCount:233
2018-01-04 11:53:02~~2018-01-04 11:53:07
TotalCost:00:04.54
2018-01-04 11:56:04:Start To Process
Sql:SELECT * FROM mylaps.20171113wh_times_sorted where 1 and  Chip in ('GT66790','GL35302','GG62558','GS51883','GT56844','GN31757','GN29338','GH96701','GG81374','GH56795','GP21662','GV12411','GG25517','GN00919','GL56893','GC29909','GV61094','GK69886','GK84797','GH57904','GF82459','GC07869','GC51570','GC05473','GC09803','GK39298','GC03651','GC28454','GC20348','GT30150','GT85586','GN11806','GH77101','GV98819','GT59454','GT21878')  and  Id >0  and  ChipTime >'2017-11-13 16:00:00'  and  ChipTime <='2017-11-13 20:00:00'  order by Id asc limit 0,1000
RecordCount:114
TotalCount:114
2018-01-04 11:56:04~~2018-01-04 11:56:07
TotalCost:00:02.82
2018-01-04 11:56:44:Start To Process
Sql:SELECT * FROM mylaps.20171113wh_times_sorted where 1 and  Chip in ('GT66790','GL35302','GG62558','GS51883','GT56844','GN31757','GN29338','GH96701','GG81374','GH56795','GP21662','GV12411','GG25517','GN00919','GL56893','GC29909','GV61094','GK69886','GK84797','GH57904','GF82459','GC07869','GC51570','GC05473','GC09803','GK39298','GC03651','GC28454','GC20348','GT30150','GT85586','GN11806','GH77101','GV98819','GT59454','GT21878')  and  Id >0  and  ChipTime >'2017-11-13 16:00:00'  and  ChipTime <='2017-11-13 20:00:00'  order by Id asc limit 0,1000
RecordCount:114
TotalCount:114
2018-01-04 11:56:44~~2018-01-04 11:56:47
TotalCost:00:02.73
2018-01-04 11:57:04:Start To Process
Sql:SELECT * FROM mylaps.20171112wh_times_sorted where 1 and  Chip in ('GN10092','GV16024','GK29503','FS87429','GC48306','GC22860','GK88569','GL50528','GL72315','GK02293','GL79923','FN48269','GL73007','FG60522','GH42151','FN32453','FN27655','GG78041','FZ85446','FG25759','FF84453','FF62622','FN45101','GC52643','FK20798','GG77645','GL19227','GL56279','GC03778','FC84113','FT05503','GH94399','GV18086','FF91692','FN41320','GL39510','GL17585','GF86782','FG07856','FF06108','GL88815','GC52398','FC63826','FS82468','FT05630','GV87438','GT99627','GT19561','GV29460','GT78741','GW35534','GS99793','GT90494','GN15474','GV81590','GS99472','GT78504','GT67354','GV59557','GT76939','GT95223','GN19385','GT50618','GS63508','GS66031','GX26063','GW91461','GW97231','GW66501','GW97376','GW91890','GX08880','GW95765','GX48263','GX23909','GX60923','GX42667','GK26410','GW92138','GW62155','GZ09509','GW64810','GW68133','GX26796','GW63847','LL11432','LL42480','LH95305','LH81075','LH84338','LH49303','LG18141','LL46690','LH79761','LL02918','LH53573','LL53840','LR26159','LR42880','LR24738','LL59890','LR43648','LH70537','LR83694','LR61744','FK59535','FZ52002','FL16573','FL21724','FL03997','FT01571','FT09362','FZ58072','FK36716','FL24020','FN51928','FK89770','FK33048','FL11990','FK26711','FK36025','FC02683','FK79732','FG00052','FK06740','FG47693','FK59346','FC91408','FK09416','FS97040','FZ80912','FH49760','FG16144','FK48802','FF56852','FK90807','FC69422','FK88127','FK08444','FG11837','FK77010','FL12972','FL20232','FN59312','FT12308','GL13475','GL45497','GH03261','GK92382','GL18522','GK88632')  and  Id >0  and  ChipTime >'2017-11-12 16:00:00'  and  ChipTime <='2017-11-12 20:00:00'  order by Id asc limit 0,1000
RecordCount:674
TotalCount:674
2018-01-04 11:57:04~~2018-01-04 11:57:24
TotalCost:00:19.99
2018-01-04 11:58:12:Start To Process
Sql:SELECT * FROM mylaps.20171112wh_times_sorted where 1 and  Chip in ('GT66790','GL35302','GG62558','GS51883','GT56844','GN31757','GN29338','GH96701','GG81374','GH56795','GP21662','GV12411','GG25517','GN00919','GL56893','GC29909','GV61094','GK69886','GK84797','GH57904','GF82459','GC07869','GC51570','GC05473','GC09803','GK39298','GC03651','GC28454','GC20348','GT30150','GT85586','GN11806','GH77101','GV98819','GT59454','GT21878')  and  Id >0  and  ChipTime >'2017-11-12 16:00:00'  and  ChipTime <='2017-11-12 20:00:00'  order by Id asc limit 0,1000
RecordCount:357
TotalCount:357
2018-01-04 11:58:12~~2018-01-04 11:58:19
TotalCost:00:07.31
2018-01-04 12:00:22:Start To Process
Sql:SELECT * FROM mylaps.20171021jls_times_sorted where 1 and  Chip in ('FG85319','FG57243','GT78741','RP06005','GK92382','RN32263','FG25759','GS51883','GW64810','SF92741','FH76273','GC51570','FZ52002','GG25517','RX80938','FG41991','GT50618','FK10809','RL86490','GW95765','GL35302','GG81374','LH53573','HG29507','KZ55231','LG57019','KG26325','RP53781','FS78741','CR43438','GK39298','CL51754','GX48263','CS61771','CX80171')  and  Id >0  and  ChipTime >'2017-10-21 19:53:00'  and  ChipTime <='2017-10-21 20:50:00'  order by Id asc limit 0,1000
RecordCount:88
TotalCount:88
2018-01-04 12:00:22~~2018-01-04 12:00:24
TotalCost:00:02.01
2018-01-04 12:00:32:Start To Process
Sql:SELECT * FROM mylaps.20171022jls1_times_sorted where 1 and  Chip in ('KL14717','LG50063','KZ41211','PW09816','GK88632','RN36957','RN54883','RF38401','RH83417','GG78041','GH94399','GS99793','GL18522','GL88815','GV29460','GH56795','GH03261','GT19561','GX23909','GC03778','GK43167','GC05473','CL49020','CC24420','RX65974','RP93399','CS61980','PR62467','RP31431','KG49731','RP15808','PV96948','RF43278','RV37652','LF66207','RF55045','RR86009','RF68432','RG14652','KW50783','KW70697','PZ88520','KZ04539','FK43994','PV75214','FK06673','FF05229','LG18698','LR24738','LL59890','FK94587','FS89682','FS97040','KW74518','HF61512','FX26565','FL21724','HT68432','FN48269','FK41925','FG16144','FK33048','FN51928','HF92386','FK38870','HH17237','FC90838','FN34635','FN59312','FK36716','FN45101','CL49302','KW73523','FK77010','KX92596','KP66964','KZ09541','KW53979','FK94070','CL47976','FL26541','KZ63237','RC45226','RF44776','KW48567','GK26410','CZ61527','HL59534','LG18141','KZ52329','HX72077','FK59372','KX95961','FF16482','KP71025','FF47058','CZ85938','HZ50378','LR26159','LF82251','KP67741','HZ75162','KL65673','GL36852','CS93330','HK16062','CS91831','FK33011','KZ63938','KL18764','KP59594','KW47671','LG40388','KL69045','CL48507','KL12757','RF81865','GZ09509','FT09362','PS54588','CX79393','FC94865','LG00196','GL72315','RN42855','RT32520','GW66501','FF86931','HZ75162','GT59454','GW97627','KF45859','PW13101','FL24020','KP63016','KW70631','FF06108','KW81076','FG16350','RN02434','FG07836','KZ45568','FK82108','KZ02947','PX14625','GL79923','GN29338','GT90494','KW36274','KW74432','FG46770','LH49303','KP60053','RG66002','GG77645','FK68323','RP24282','LR83694','KZ06272','CR43836','GN31757','LL11432','GT85586','GC48306','GW97376','GC09803','GV98819','GT67354','GL73007','GH39192','CL47583','KP66431','LL42480','GT76939','KW66112','KZ02122','GW97231','GC12165','KH37535','GW68133','GG22167','GT99627','KZ72030','GT95223','GK69489','GH57904','CZ13423','KL51511','KP67984','FK36025','HG68397','GN00919','KN95112','GH77101','GX42667','GL17585','GC28454','GL40306','GL19227','GK88569','GC07869','CS62009','GV12411','CS90165','LH95305','FF91692','KG63336','RP53140','GX26063','HG28604','FK48802','FF07771','HC58754','HH48143','HF86309','FL03997','HF56900','CZ85345','FF20126','HX01796','SC68444','HG31685','FZ80912','HK83421','HG78065','HF81191','HG92155','HG72854','HG45548','HF41273','FT05503','FF90672','GC21312','HX02203','RF45533','HG56346','GK29503','RR73784','GC23159','FK06740','HL92331','HT36701','FG47693','FG26029','HG53554','HH87757','HZ08831','HC43744','FS43924','GC52398','GH09729','FN26989','HG47276','FF84300','FL13816','FC63826','GL59582','CC27596','HG79819','FC69422','FC91408','FC02683','CL51366','FK96563','FK08444','FK09416','FK20798','KX88173','RX95362','CC18584','FF12707','RN42981','FK24463','HN68677','PX14904','FF98640','FK88127','HG43535','FC27942','FK89770','CR28834','HP45968','HZ53905','CL47758','GV59557','CL50937','CR30585','CL51345','PX04122','FK85644','HG06513','HZ57648','FC84113','HH69373','FK15837','CS65983','HF94555','GF86782','FL20232','LF82251','GH96701','GT78504','FS87429','RL90923','RX28486','FG05211','GL39510','CL47746','KW60342','GW36436','GS63508','RX41581')  and  Id >0  and  ChipTime >'2017-10-22 19:40:00'  and  ChipTime <='2017-10-22 23:30:00'  order by Id asc limit 0,1000
RecordCount:966
TotalCount:966
2018-01-04 12:00:32~~2018-01-04 12:01:23
TotalCost:00:51.74
2018-01-04 12:01:45:Start To Process
Sql:SELECT * FROM mylaps.20171022jls1_times_sorted where 1 and  Chip in ('GC20348','GC52643','GX60923','FF11118','SF94950','RG29524','RF46090','FG60522','GK85644','PV73073','LL02918','PR23689','RH17626','GK84797','GC22860','CC39407','FK88463','RP37974','PR61381','FK56804','RX80579','KX14470','FC96564','KL41244','KG64493','FF62485','CR52097','KH14107','KW55786','KZ21474','FG15990','CC14240','CL51649','CL48576','KW50712','KF16563','CS59749','CL47804','LH84338','LH81075','CS10932','FC85969','LF86880','FF64865','FK64462','KG80519','FT01571','FS98075','KL20596','CL71555','FK59535','FF63883','HK10428','FK88991','FC66931')  and  Id >0  and  ChipTime >'2017-10-22 17:04:45'  and  ChipTime <='2017-10-22 20:00:00'  order by Id asc limit 0,1000
RecordCount:531
TotalCount:531
2018-01-04 12:01:45~~2018-01-04 12:01:57
TotalCost:00:11.80
2018-01-04 12:02:23:Start To Process
Sql:SELECT * FROM mylaps.20171022jls1_times_sorted where 1 and  Chip in ('GL45497','CT14497','GV18086','FL21071','GV16024','GH42151','GT21878','CR83261','GF82459','GG62558','GK02293','GK69886','GV81590','CC24494','GP21662','CL49062','CR35908','CR39384','CS63836','CZ49659','FT05630','HF06227','CZ54326','CZ59900','FC95839','HF93367','FF84453','HG21462','KW58449','LF98346','KW60752','GT30150','KW82060','LR61744','KL67408','KW50501','GX08880','KZ28342','HG72853','HZ48913','FL11990','HZ50004','GC03651','GH86265','FG00052','FS97040')  and  Id >0  and  ChipTime >'2017-10-22 20:48:35'  and  ChipTime <='2017-10-22 22:18:00'  order by Id asc limit 0,1000
RecordCount:234
TotalCount:234
2018-01-04 12:02:23~~2018-01-04 12:02:30
TotalCost:00:06.98
2018-01-04 12:02:45:Start To Process
Sql:SELECT * FROM mylaps.20171021jls_times_sorted where 1 and  Chip in ('HG14696','HF56640','FG90298','HC96902','HC68991','HF53557','LR42880','FG41300','HH74478','HG27260','HR34660','HK09212','HF49107','FK76717','GN19385','HG41759')  and  Id >0  and  ChipTime >'2017-10-21 22:15:00'  and  ChipTime <='2017-10-22 00:45:00'  order by Id asc limit 0,1000
RecordCount:77
TotalCount:77
2018-01-04 12:02:45~~2018-01-04 12:02:46
TotalCost:00:01.41
2018-01-04 12:02:53:Start To Process
Sql:SELECT * FROM mylaps.20171021jls_times_sorted where 1 and  Chip in ('HP71624','FZ58072','HH35607','LG19560','HH06780','HH38030','HF68946','HF90419','HH46038','HH55029','HP59658','HX56389','HX78750','HW71809','HP69581','HK82182','HT03722','HZ38794','HZ50152','HZ53005','HR16699','HZ06571','HH81361','HH87332','HH94858','HH94375','HK67527','HP18211','HK29037','HP46938','HK05096','HZ08865','HK61207','HK59044','RN12649','KW37915','KZ01361','FZ85446','GN10092','FG07856','FH19340','FH73752','FK56357','FF54586','FK59346','FL16573','RX88465','FS83731','RP31312','FF56852','GC29909','RP15204','GW63847','FG79731','FF62622','FN32453','KW61232','RC12867','GH86265','GK71518','FN41320','GT66790','CR26690','KZ27527','CX77546','GW92138','LR43648','CZ07208','LG52395','LG20092','KL25328','LG41767','LN60971','KW40826','KG49348','CC12657','GL50528','CX90337','KZ47780','KH36020','FL12972','KH06652','FH49760','KL21804','GW62155','LH70537','CL49943','LG27267','LH79761','FT12308','CX68794','KG87634','KG78429','LL46690','CZ28305','FN27655','FK26711','GS66031','LL53840','KW65666','FG11837','FG00052','KW91547')  and  Id >0  and  ChipTime >'2017-10-21 20:47:00'  and  ChipTime <='2017-10-21 22:30:00'  order by Id asc limit 0,1000
RecordCount:373
TotalCount:373
2018-01-04 12:02:53~~2018-01-04 12:03:01
TotalCost:00:08.71
2018-01-04 12:05:02:Start To Process
Sql:SELECT * FROM mylaps.20170806trek_times_sorted where 1 and  Chip in ('CR30585','FK09416','FC66931','CL47976','CC27596','FC69422','FF63883','FK08444','FK88127','FK85644','FC63826','CL49302','FF06287','CS65983','FK79732','CL51345')  and  Id >0  and  ChipTime >'2017-08-06 16:00:00'  and  ChipTime <='2017-08-06 18:00:00'  order by Id asc limit 0,1000
RecordCount:225
TotalCount:225
2018-01-04 12:05:02~~2018-01-04 12:05:06
TotalCost:00:03.70
2018-01-04 12:05:10:Start To Process
Sql:SELECT * FROM mylaps.20170806trek_times_sorted where 1 and  Chip in ('CP64469','FK88991','FF47058','FF98640','CL47758','FK89770','FF12707','CL51366','FK96563','CL50937','CC18584','FK77010','FK59372')  and  Id >0  and  ChipTime >'2017-08-06 16:00:04'  and  ChipTime <='2017-08-06 18:50:00'  order by Id asc limit 0,1000
RecordCount:218
TotalCount:218
2018-01-04 12:05:10~~2018-01-04 12:05:14
TotalCost:00:03.70
2018-01-04 12:05:27:Start To Process
Sql:SELECT * FROM mylaps.20170910trek_times_sorted where 1 and  Chip in ('FC02683','FK24463','HH69373','FK59535','FC27942','FK76717','HH74478','FG41300','HC43744','FK20798','HG41759','FG90298','FL03997','FC91408','FG26029','HG72854')  and  Id >0  and  ChipTime >'2017-09-10 16:07:00'  and  ChipTime <='2017-09-10 18:25:10'  order by Id asc limit 0,1000
RecordCount:1000
Sql:SELECT * FROM mylaps.20170910trek_times_sorted where 1 and  Chip in ('FC02683','FK24463','HH69373','FK59535','FC27942','FK76717','HH74478','FG41300','HC43744','FK20798','HG41759','FG90298','FL03997','FC91408','FG26029','HG72854')  and  Id >2590  and  ChipTime >'2017-09-10 16:07:00'  and  ChipTime <='2017-09-10 18:25:10'  order by Id asc limit 0,1000
RecordCount:5
TotalCount:1005
2018-01-04 12:05:27~~2018-01-04 12:05:37
TotalCost:00:10.82
2018-01-04 12:05:41:Start To Process
Sql:SELECT * FROM mylaps.20170910trek_times_sorted where 1 and  Chip in ('HF56900','HP45968','FF90672','HL92331','HZ08831','HG45548','HF86309','FZ58072','HH87757','HZ57648','HG06513','HH48143','HC58754','HR34660','HZ53905','FT05503')  and  Id >0  and  ChipTime >'2017-09-10 16:10:00'  and  ChipTime <='2017-09-10 18:20:00'  order by Id asc limit 0,1000
RecordCount:667
TotalCount:667
2018-01-04 12:05:41~~2018-01-04 12:05:47
TotalCost:00:05.77
2018-01-04 12:09:54:Start To Process
Sql:SELECT * FROM mylaps.20171021jls_times_sorted where 1 and  Chip in ('HG14696','HF56640','FG90298','HC96902','HC68991','HF53557','LR42880','FG41300','HH74478','HG27260','HR34660','HK09212','HF49107','FK76717','GN19385','HG41759')  and  Id >0  and  ChipTime >'2017-10-21 22:15:00'  and  ChipTime <='2017-10-22 00:45:00'  order by Id asc limit 0,1000
RecordCount:77
TotalCount:77
2018-01-04 12:09:54~~2018-01-04 12:09:55
TotalCost:00:01.43
2018-01-04 12:11:33:Start To Process
Sql:SELECT * FROM mylaps.20171021jls_times_sorted where 1 and  Chip in ('HP71624','FZ58072','HH35607','LG19560','HH06780','HH38030','HF68946','HF90419','HH46038','HH55029','HP59658','HX56389','HX78750','HW71809','HP69581','HK82182','HT03722','HZ38794','HZ50152','HZ53005','HR16699','HZ06571','HH81361','HH87332','HH94858','HH94375','HK67527','HP18211','HK29037','HP46938','HK05096','HZ08865','HK61207','HK59044','RN12649','KW37915','KZ01361','FZ85446','GN10092','FG07856','FH19340','FH73752','FK56357','FF54586','FK59346','FL16573','RX88465','FS83731','RP31312','FF56852','GC29909','RP15204','GW63847','FG79731','FF62622','FN32453','KW61232','RC12867','GH86265','GK71518','FN41320','GT66790','CR26690','KZ27527','CX77546','GW92138','LR43648','CZ07208','LG52395','LG20092','KL25328','LG41767','LN60971','KW40826','KG49348','CC12657','GL50528','CX90337','KZ47780','KH36020','FL12972','KH06652','FH49760','KL21804','GW62155','LH70537','CL49943','LG27267','LH79761','FT12308','CX68794','KG87634','KG78429','LL46690','CZ28305','FN27655','FK26711','GS66031','LL53840','KW65666','FG11837','FG00052','KW91547')  and  Id >0  and  ChipTime >'2017-10-21 20:47:00'  and  ChipTime <='2017-10-21 22:30:00'  order by Id asc limit 0,1000
RecordCount:373
TotalCount:373
2018-01-04 12:11:33~~2018-01-04 12:11:46
TotalCost:00:13.47
