2018-01-03 18:43:05:Start To Process
Sql:SELECT * FROM mylaps.20170304wg_times_sorted where 1 and  Chip in ('FS43924','GC23159','PX14904','CL48576','CL47758','LR24738','FG11837','FG07856','GT59454','FG85319','KZ01361','HG92155','FK06673','FK59346','CZ28305','GK85644','HH87332','RP06005','GH09729','LL42480','PV73073','HF49107','FF06287','GG81627','FK77010','GL56279','FS78741','GS99472','KX92596','GW63847','KN95112','GL72342','LF86880','GV87438','HF53557')  and  Id >0  and  ChipTime >'2017-03-04 16:56:03'  and  ChipTime <='2017-03-04 17:30:00'  order by Id asc limit 0,1000
RecordCount:168
TotalCount:168
2018-01-03 18:43:05~~2018-01-03 18:43:07
TotalCost:00:02.57
2018-01-03 18:43:52:Start To Process
Sql:SELECT * FROM mylaps.20170304wg_times_sorted where 1 and  Chip in ('FS43924','GC23159','PX14904','CL48576','CL47758','LR24738','FG11837','FG07856','GT59454','FG85319','KZ01361','HG92155','FK06673','FK59346','CZ28305','GK85644','HH87332','RP06005','GH09729','LL42480','PV73073','HF49107','FF06287','GG81627','FK77010','GL56279','FS78741','GS99472','KX92596','GW63847','KN95112','GL72342','LF86880','GV87438','HF53557')  and  Id >0  and  ChipTime >'2017-03-04 16:56:03'  and  ChipTime <='2017-03-04 17:30:00'  order by Id asc limit 0,1000
RecordCount:168
TotalCount:168
2018-01-03 18:43:52~~2018-01-03 18:43:55
TotalCost:00:02.49
2018-01-03 18:47:12:Start To Process
Sql:SELECT * FROM mylaps.20170304wg_times_sorted where 1 and  Chip in ('FS43924','GC23159','PX14904','CL48576','CL47758','LR24738','FG11837','FG07856','GT59454','FG85319','KZ01361','HG92155','FK06673','FK59346','CZ28305','GK85644','HH87332','RP06005','GH09729','LL42480','PV73073','HF49107','FF06287','GG81627','FK77010','GL56279','FS78741','GS99472','KX92596','GW63847','KN95112','GL72342','LF86880','GV87438','HF53557')  and  Id >0  and  ChipTime >'2017-03-04 16:56:03'  and  ChipTime <='2017-03-04 17:30:00'  order by Id asc limit 0,1000
RecordCount:168
TotalCount:168
2018-01-03 18:47:12~~2018-01-03 18:47:15
TotalCost:00:02.40
2018-01-03 18:50:18:Start To Process
Sql:SELECT * FROM mylaps.20170304wg_times_sorted where 1 and  Chip in ('FS43924','GC23159','PX14904','CL48576','CL47758','LR24738','FG11837','FG07856','GT59454','FG85319','KZ01361','HG92155','FK06673','FK59346','CZ28305','GK85644','HH87332','RP06005','GH09729','LL42480','PV73073','HF49107','FF06287','GG81627','FK77010','GL56279','FS78741','GS99472','KX92596','GW63847','KN95112','GL72342','LF86880','GV87438','HF53557')  and  Id >0  and  ChipTime >'2017-03-04 16:56:03'  and  ChipTime <='2017-03-04 17:30:00'  order by Id asc limit 0,1000
RecordCount:168
TotalCount:168
2018-01-03 18:50:18~~2018-01-03 18:50:22
TotalCost:00:04.00
2018-01-03 18:50:51:Start To Process
Sql:SELECT * FROM mylaps.20170304wg_times_sorted where 1 and  Chip in ('FS43924','GC23159','PX14904','CL48576','CL47758','LR24738','FG11837','FG07856','GT59454','FG85319','KZ01361','HG92155','FK06673','FK59346','CZ28305','GK85644','HH87332','RP06005','GH09729','LL42480','PV73073','HF49107','FF06287','GG81627','FK77010','GL56279','FS78741','GS99472','KX92596','GW63847','KN95112','GL72342','LF86880','GV87438','HF53557')  and  Id >0  and  ChipTime >'2017-03-04 16:56:03'  and  ChipTime <='2017-03-04 17:30:00'  order by Id asc limit 0,1000
RecordCount:168
TotalCount:168
2018-01-03 18:50:51~~2018-01-03 18:50:54
TotalCost:00:02.94
2018-01-03 18:51:10:Start To Process
Sql:SELECT * FROM mylaps.20170304wg_times_sorted where 1 and  Chip in ('FS43924','GC23159','PX14904','CL48576','CL47758','LR24738','FG11837','FG07856','GT59454','FG85319','KZ01361','HG92155','FK06673','FK59346','CZ28305','GK85644','HH87332','RP06005','GH09729','LL42480','PV73073','HF49107','FF06287','GG81627','FK77010','GL56279','FS78741','GS99472','KX92596','GW63847','KN95112','GL72342','LF86880','GV87438','HF53557')  and  Id >0  and  ChipTime >'2017-03-04 16:56:03'  and  ChipTime <='2017-03-04 17:30:00'  order by Id asc limit 0,1000
RecordCount:168
TotalCount:168
2018-01-03 18:51:10~~2018-01-03 18:51:15
TotalCost:00:04.81
2018-01-03 18:51:36:Start To Process
2018-01-03 18:52:26:Start To Process
2018-01-03 18:53:04:Start To Process
Sql:SELECT * FROM mylaps.20170304wg_times_sorted where 1 and  Chip in ('FS43924','GC23159','PX14904','CL48576','CL47758','LR24738','FG11837','FG07856','GT59454','FG85319','KZ01361','HG92155','FK06673','FK59346','CZ28305','GK85644','HH87332','RP06005','GH09729','LL42480','PV73073','HF49107','FF06287','GG81627','FK77010','GL56279','FS78741','GS99472','KX92596','GW63847','KN95112','GL72342','LF86880','GV87438','HF53557')  and  Id >0  and  ChipTime >'2017-03-04 16:56:03'  and  ChipTime <='2017-03-04 17:30:00'  order by Id asc limit 0,1000
RecordCount:168
TotalCount:168
2018-01-03 18:53:04~~2018-01-03 18:53:07
TotalCost:00:03.54
2018-01-03 18:53:26:Start To Process
2018-01-03 18:54:29:Start To Process
2018-01-03 18:56:04:Start To Process
2018-01-03 18:56:30:Start To Process
Sql:SELECT * FROM mylaps.20170304wg_times_sorted where 1 and  Chip in ('FS43924','GC23159','PX14904','CL48576','CL47758','LR24738','FG11837','FG07856','GT59454','FG85319','KZ01361','HG92155','FK06673','FK59346','CZ28305','GK85644','HH87332','RP06005','GH09729','LL42480','PV73073','HF49107','FF06287','GG81627','FK77010','GL56279','FS78741','GS99472','KX92596','GW63847','KN95112','GL72342','LF86880','GV87438','HF53557')  and  Id >0  and  ChipTime >'2017-03-04 16:56:03'  and  ChipTime <='2017-03-04 17:30:00'  order by Id asc limit 0,1000
RecordCount:168
TotalCount:168
2018-01-03 18:56:30~~2018-01-03 18:56:32
TotalCost:00:02.82
2018-01-03 18:57:00:Start To Process
Sql:SELECT * FROM mylaps.20170304wg_times_sorted where 1 and  Chip in ('FS43924','GC23159','PX14904','CL48576','CL47758','LR24738','FG11837','FG07856','GT59454','FG85319','KZ01361','HG92155','FK06673','FK59346','CZ28305','GK85644','HH87332','RP06005','GH09729','LL42480','PV73073','HF49107','FF06287','GG81627','FK77010','GL56279','FS78741','GS99472','KX92596','GW63847','KN95112','GL72342','LF86880','GV87438','HF53557')  and  Id >0  and  ChipTime >'2017-03-04 16:56:03'  and  ChipTime <='2017-03-04 17:30:00'  order by Id asc limit 0,1000
RecordCount:168
TotalCount:168
2018-01-03 18:57:00~~2018-01-03 18:57:04
TotalCost:00:03.50
2018-01-03 18:57:31:Start To Process
2018-01-03 18:57:56:Start To Process
Sql:SELECT * FROM mylaps.20170304wg_times_sorted where 1 and  Chip in ('FS43924','GC23159','PX14904','CL48576','CL47758','LR24738','FG11837','FG07856','GT59454','FG85319','KZ01361','HG92155','FK06673','FK59346','CZ28305','GK85644','HH87332','RP06005','GH09729','LL42480','PV73073','HF49107','FF06287','GG81627','FK77010','GL56279','FS78741','GS99472','KX92596','GW63847','KN95112','GL72342','LF86880','GV87438','HF53557')  and  Id >0  and  ChipTime >'2017-03-04 16:56:03'  and  ChipTime <='2017-03-04 17:30:00'  order by Id asc limit 0,1000
RecordCount:168
TotalCount:168
2018-01-03 18:57:56~~2018-01-03 18:57:59
TotalCost:00:02.91
2018-01-03 18:59:38:Start To Process
Sql:SELECT * FROM mylaps.20170304wg_times_sorted where 1 and  Chip in ('KL65673','LG57019','CC39407','LL53840','GV61094','HL92331','FF16482','FC96564','HF90419','KW70631','GL73007','KG49348','FC84113','CZ85345','FT01571','RX28486','KW70697','KP67741','GV12411','GV59557','FN34635','FK94070','GT56844','KW61232','KW50501','GV16024','HX56389','HZ53005','GK39298','RF81865','FG57243','GX42667','HX01796','RN42855','GN31757','LH84338','LR26159','FK56804','GL59582','FH73752','CS65983','KW37915','HK05096','HX02203','FC63826','HF56640','FK56357','FF20126','PR61381','GG78041','RF55045','FL03997','HH48143','FK59535','FF63883','GH42151','KW53979','GL45497','LG20092','FZ80912','HF68946','KL21804','GT95223','KW91547','KZ27527','GH39192','CL47583','HG72854','HF81191','GW64810','KW81076','FC99932','RF38401','FK59372','FF86931','RF45533','FK85644','FN41320','GX48263','FN26989','KW65666','CX80171','KH37535','HZ75162','FC91408','KL51511','HT36701','GT76939','FG26029','KW60342','LF82251','KG63336','FT09362','HZ08865','HR16699','CR83261','KW40826','FT12308','GG81374','FK20798','FF84300','GL40306','HK10428','FG90298','FT05503','GW97376','GC09803','HK82182','GC03651','FK48802','KL18764','CX77546','HW71809','GC20348','GZ09509','HH35607','FK43994','GW62155','FL21071','HH87757','FF47058','FN59312','RC45226','LR43648','GK43167','HP18211','FF12707','LR83694','HZ38794','GT66790','FG41300','HG29507','GH94399','SC68444','FK33011','KL25328','KW48567','GS66031','CR30585','GP21662','FH49760','HH69373','GH77101','HG41759','FK50989','CR43836','HG06513','FS97040','CL47746','GT78504','FF91692','CL71555','GW35534','CZ13423','HZ57648','FF06108','FK36025','HC43744','FG05211','KF16563','KG26325','CS90165','RV37652','GT21878','HF41273','GW97231','KZ02122','CT14497','FK76717','GV18086','KF45859','RX88465','CC18584','CL48576','KW74518','GN00919','LG27267','GK02293','HT03722','CP64469','FN32453','GH56795','FF90672','FK89770','FH76273','RR86009','KW66112','HH94375','RT32520','KZ55231','HK09212','HG14696','GG83043','HP59658','PR23689','RN42981','GK88569','CR26690','LN60971','FF07771','RF68432','CC12657','LH49303','FK88463','RP31312','HH55029','HF86309','HP46938','RH17626','HH38030','KW74432','GK92382','HN68677','HG56346','GW36436','GG25517','RP53781','HK61207','HG53554','CL51366','KP66431','GH03261','PW13101','HG47276','HX78750','GN29338','KL69045','FG00052','LH70537','HP69581','GW92138','HH46038','CR28834','GL17585','FC94865','KH36020','FG46770')  and  Id >0  and  ChipTime >'2017-03-04 17:21:08'  and  ChipTime <='2017-03-04 19:50:00'  order by Id asc limit 0,1000
RecordCount:1000
Sql:SELECT * FROM mylaps.20170304wg_times_sorted where 1 and  Chip in ('KL65673','LG57019','CC39407','LL53840','GV61094','HL92331','FF16482','FC96564','HF90419','KW70631','GL73007','KG49348','FC84113','CZ85345','FT01571','RX28486','KW70697','KP67741','GV12411','GV59557','FN34635','FK94070','GT56844','KW61232','KW50501','GV16024','HX56389','HZ53005','GK39298','RF81865','FG57243','GX42667','HX01796','RN42855','GN31757','LH84338','LR26159','FK56804','GL59582','FH73752','CS65983','KW37915','HK05096','HX02203','FC63826','HF56640','FK56357','FF20126','PR61381','GG78041','RF55045','FL03997','HH48143','FK59535','FF63883','GH42151','KW53979','GL45497','LG20092','FZ80912','HF68946','KL21804','GT95223','KW91547','KZ27527','GH39192','CL47583','HG72854','HF81191','GW64810','KW81076','FC99932','RF38401','FK59372','FF86931','RF45533','FK85644','FN41320','GX48263','FN26989','KW65666','CX80171','KH37535','HZ75162','FC91408','KL51511','HT36701','GT76939','FG26029','KW60342','LF82251','KG63336','FT09362','HZ08865','HR16699','CR83261','KW40826','FT12308','GG81374','FK20798','FF84300','GL40306','HK10428','FG90298','FT05503','GW97376','GC09803','HK82182','GC03651','FK48802','KL18764','CX77546','HW71809','GC20348','GZ09509','HH35607','FK43994','GW62155','FL21071','HH87757','FF47058','FN59312','RC45226','LR43648','GK43167','HP18211','FF12707','LR83694','HZ38794','GT66790','FG41300','HG29507','GH94399','SC68444','FK33011','KL25328','KW48567','GS66031','CR30585','GP21662','FH49760','HH69373','GH77101','HG41759','FK50989','CR43836','HG06513','FS97040','CL47746','GT78504','FF91692','CL71555','GW35534','CZ13423','HZ57648','FF06108','FK36025','HC43744','FG05211','KF16563','KG26325','CS90165','RV37652','GT21878','HF41273','GW97231','KZ02122','CT14497','FK76717','GV18086','KF45859','RX88465','CC18584','CL48576','KW74518','GN00919','LG27267','GK02293','HT03722','CP64469','FN32453','GH56795','FF90672','FK89770','FH76273','RR86009','KW66112','HH94375','RT32520','KZ55231','HK09212','HG14696','GG83043','HP59658','PR23689','RN42981','GK88569','CR26690','LN60971','FF07771','RF68432','CC12657','LH49303','FK88463','RP31312','HH55029','HF86309','HP46938','RH17626','HH38030','KW74432','GK92382','HN68677','HG56346','GW36436','GG25517','RP53781','HK61207','HG53554','CL51366','KP66431','GH03261','PW13101','HG47276','HX78750','GN29338','KL69045','FG00052','LH70537','HP69581','GW92138','HH46038','CR28834','GL17585','FC94865','KH36020','FG46770')  and  Id >1180  and  ChipTime >'2017-03-04 17:21:08'  and  ChipTime <='2017-03-04 19:50:00'  order by Id asc limit 0,1000
RecordCount:1000
Sql:SELECT * FROM mylaps.20170304wg_times_sorted where 1 and  Chip in ('KL65673','LG57019','CC39407','LL53840','GV61094','HL92331','FF16482','FC96564','HF90419','KW70631','GL73007','KG49348','FC84113','CZ85345','FT01571','RX28486','KW70697','KP67741','GV12411','GV59557','FN34635','FK94070','GT56844','KW61232','KW50501','GV16024','HX56389','HZ53005','GK39298','RF81865','FG57243','GX42667','HX01796','RN42855','GN31757','LH84338','LR26159','FK56804','GL59582','FH73752','CS65983','KW37915','HK05096','HX02203','FC63826','HF56640','FK56357','FF20126','PR61381','GG78041','RF55045','FL03997','HH48143','FK59535','FF63883','GH42151','KW53979','GL45497','LG20092','FZ80912','HF68946','KL21804','GT95223','KW91547','KZ27527','GH39192','CL47583','HG72854','HF81191','GW64810','KW81076','FC99932','RF38401','FK59372','FF86931','RF45533','FK85644','FN41320','GX48263','FN26989','KW65666','CX80171','KH37535','HZ75162','FC91408','KL51511','HT36701','GT76939','FG26029','KW60342','LF82251','KG63336','FT09362','HZ08865','HR16699','CR83261','KW40826','FT12308','GG81374','FK20798','FF84300','GL40306','HK10428','FG90298','FT05503','GW97376','GC09803','HK82182','GC03651','FK48802','KL18764','CX77546','HW71809','GC20348','GZ09509','HH35607','FK43994','GW62155','FL21071','HH87757','FF47058','FN59312','RC45226','LR43648','GK43167','HP18211','FF12707','LR83694','HZ38794','GT66790','FG41300','HG29507','GH94399','SC68444','FK33011','KL25328','KW48567','GS66031','CR30585','GP21662','FH49760','HH69373','GH77101','HG41759','FK50989','CR43836','HG06513','FS97040','CL47746','GT78504','FF91692','CL71555','GW35534','CZ13423','HZ57648','FF06108','FK36025','HC43744','FG05211','KF16563','KG26325','CS90165','RV37652','GT21878','HF41273','GW97231','KZ02122','CT14497','FK76717','GV18086','KF45859','RX88465','CC18584','CL48576','KW74518','GN00919','LG27267','GK02293','HT03722','CP64469','FN32453','GH56795','FF90672','FK89770','FH76273','RR86009','KW66112','HH94375','RT32520','KZ55231','HK09212','HG14696','GG83043','HP59658','PR23689','RN42981','GK88569','CR26690','LN60971','FF07771','RF68432','CC12657','LH49303','FK88463','RP31312','HH55029','HF86309','HP46938','RH17626','HH38030','KW74432','GK92382','HN68677','HG56346','GW36436','GG25517','RP53781','HK61207','HG53554','CL51366','KP66431','GH03261','PW13101','HG47276','HX78750','GN29338','KL69045','FG00052','LH70537','HP69581','GW92138','HH46038','CR28834','GL17585','FC94865','KH36020','FG46770')  and  Id >2180  and  ChipTime >'2017-03-04 17:21:08'  and  ChipTime <='2017-03-04 19:50:00'  order by Id asc limit 0,1000
RecordCount:1000
Sql:SELECT * FROM mylaps.20170304wg_times_sorted where 1 and  Chip in ('KL65673','LG57019','CC39407','LL53840','GV61094','HL92331','FF16482','FC96564','HF90419','KW70631','GL73007','KG49348','FC84113','CZ85345','FT01571','RX28486','KW70697','KP67741','GV12411','GV59557','FN34635','FK94070','GT56844','KW61232','KW50501','GV16024','HX56389','HZ53005','GK39298','RF81865','FG57243','GX42667','HX01796','RN42855','GN31757','LH84338','LR26159','FK56804','GL59582','FH73752','CS65983','KW37915','HK05096','HX02203','FC63826','HF56640','FK56357','FF20126','PR61381','GG78041','RF55045','FL03997','HH48143','FK59535','FF63883','GH42151','KW53979','GL45497','LG20092','FZ80912','HF68946','KL21804','GT95223','KW91547','KZ27527','GH39192','CL47583','HG72854','HF81191','GW64810','KW81076','FC99932','RF38401','FK59372','FF86931','RF45533','FK85644','FN41320','GX48263','FN26989','KW65666','CX80171','KH37535','HZ75162','FC91408','KL51511','HT36701','GT76939','FG26029','KW60342','LF82251','KG63336','FT09362','HZ08865','HR16699','CR83261','KW40826','FT12308','GG81374','FK20798','FF84300','GL40306','HK10428','FG90298','FT05503','GW97376','GC09803','HK82182','GC03651','FK48802','KL18764','CX77546','HW71809','GC20348','GZ09509','HH35607','FK43994','GW62155','FL21071','HH87757','FF47058','FN59312','RC45226','LR43648','GK43167','HP18211','FF12707','LR83694','HZ38794','GT66790','FG41300','HG29507','GH94399','SC68444','FK33011','KL25328','KW48567','GS66031','CR30585','GP21662','FH49760','HH69373','GH77101','HG41759','FK50989','CR43836','HG06513','FS97040','CL47746','GT78504','FF91692','CL71555','GW35534','CZ13423','HZ57648','FF06108','FK36025','HC43744','FG05211','KF16563','KG26325','CS90165','RV37652','GT21878','HF41273','GW97231','KZ02122','CT14497','FK76717','GV18086','KF45859','RX88465','CC18584','CL48576','KW74518','GN00919','LG27267','GK02293','HT03722','CP64469','FN32453','GH56795','FF90672','FK89770','FH76273','RR86009','KW66112','HH94375','RT32520','KZ55231','HK09212','HG14696','GG83043','HP59658','PR23689','RN42981','GK88569','CR26690','LN60971','FF07771','RF68432','CC12657','LH49303','FK88463','RP31312','HH55029','HF86309','HP46938','RH17626','HH38030','KW74432','GK92382','HN68677','HG56346','GW36436','GG25517','RP53781','HK61207','HG53554','CL51366','KP66431','GH03261','PW13101','HG47276','HX78750','GN29338','KL69045','FG00052','LH70537','HP69581','GW92138','HH46038','CR28834','GL17585','FC94865','KH36020','FG46770')  and  Id >3182  and  ChipTime >'2017-03-04 17:21:08'  and  ChipTime <='2017-03-04 19:50:00'  order by Id asc limit 0,1000
RecordCount:217
TotalCount:3217
2018-01-03 18:59:38~~2018-01-03 19:02:51
TotalCost:03:12.96
